{"numTotalTestSuites":253,"numPassedTestSuites":253,"numFailedTestSuites":0,"numPendingTestSuites":0,"numTotalTests":700,"numPassedTests":700,"numFailedTests":0,"numPendingTests":0,"numTodoTests":0,"startTime":1773596159382,"success":true,"testResults":[{"assertionResults":[{"ancestorTitles":["","Refactoring Validation - Moderate Level","Property 1: Parse Result Equivalence"],"fullName":" Refactoring Validation - Moderate Level Property 1: Parse Result Equivalence should produce consistent results for ES6 imports","status":"passed","title":"should produce consistent results for ES6 imports","duration":9,"failureMessages":[]},{"ancestorTitles":["","Refactoring Validation - Moderate Level","Property 1: Parse Result Equivalence"],"fullName":" Refactoring Validation - Moderate Level Property 1: Parse Result Equivalence should produce consistent results for CommonJS requires","status":"passed","title":"should produce consistent results for CommonJS requires","duration":2,"failureMessages":[]},{"ancestorTitles":["","Refactoring Validation - Moderate Level","Property 1: Parse Result Equivalence"],"fullName":" Refactoring Validation - Moderate Level Property 1: Parse Result Equivalence should produce consistent results for Mock API calls","status":"passed","title":"should produce consistent results for Mock API calls","duration":1,"failureMessages":[]},{"ancestorTitles":["","Refactoring Validation - Moderate Level","Property 1: Parse Result Equivalence"],"fullName":" Refactoring Validation - Moderate Level Property 1: Parse Result Equivalence should produce consistent results for WebGL usage","status":"passed","title":"should produce consistent results for WebGL usage","duration":1,"failureMessages":[]},{"ancestorTitles":["","Refactoring Validation - Moderate Level","Property 1: Parse Result Equivalence"],"fullName":" Refactoring Validation - Moderate Level Property 1: Parse Result Equivalence should produce consistent results for Mixed code","status":"passed","title":"should produce consistent results for Mixed code","duration":1,"failureMessages":[]},{"ancestorTitles":["","Refactoring Validation - Moderate Level","Property 2: Error Handling Equivalence"],"fullName":" Refactoring Validation - Moderate Level Property 2: Error Handling Equivalence should handle empty string consistently","status":"passed","title":"should handle empty string consistently","duration":1,"failureMessages":[]},{"ancestorTitles":["","Refactoring Validation - Moderate Level","Property 2: Error Handling Equivalence"],"fullName":" Refactoring Validation - Moderate Level Property 2: Error Handling Equivalence should handle code with no detectable patterns","status":"passed","title":"should handle code with no detectable patterns","duration":0,"failureMessages":[]},{"ancestorTitles":["","Refactoring Validation - Moderate Level","Property 3: Performance Validation"],"fullName":" Refactoring Validation - Moderate Level Property 3: Performance Validation should parse large code within acceptable time (<100ms)","status":"passed","title":"should parse large code within acceptable time (<100ms)","duration":10,"failureMessages":[]},{"ancestorTitles":["","Refactoring Validation - Moderate Level","Property 4: Sandbox Detection Equivalence"],"fullName":" Refactoring Validation - Moderate Level Property 4: Sandbox Detection Equivalence should detect AI Studio pattern consistently","status":"passed","title":"should detect AI Studio pattern consistently","duration":2,"failureMessages":[]},{"ancestorTitles":["","Refactoring Validation - Moderate Level","Property 4: Sandbox Detection Equivalence"],"fullName":" Refactoring Validation - Moderate Level Property 4: Sandbox Detection Equivalence should detect Replit pattern consistently","status":"passed","title":"should detect Replit pattern consistently","duration":1,"failureMessages":[]},{"ancestorTitles":["","Refactoring Validation - Moderate Level","Property 4: Sandbox Detection Equivalence"],"fullName":" Refactoring Validation - Moderate Level Property 4: Sandbox Detection Equivalence should detect No sandbox consistently","status":"passed","title":"should detect No sandbox consistently","duration":0,"failureMessages":[]},{"ancestorTitles":["","Refactoring Validation - Moderate Level","Property 5: Confidence Score Consistency"],"fullName":" Refactoring Validation - Moderate Level Property 5: Confidence Score Consistency should calculate confidence score for no issues within expected range","status":"passed","title":"should calculate confidence score for no issues within expected range","duration":1,"failureMessages":[]},{"ancestorTitles":["","Refactoring Validation - Moderate Level","Property 5: Confidence Score Consistency"],"fullName":" Refactoring Validation - Moderate Level Property 5: Confidence Score Consistency should calculate confidence score for mock APIs within expected range","status":"passed","title":"should calculate confidence score for mock APIs within expected range","duration":1,"failureMessages":[]},{"ancestorTitles":["","Refactoring Validation - Moderate Level","Property 5: Confidence Score Consistency"],"fullName":" Refactoring Validation - Moderate Level Property 5: Confidence Score Consistency should produce consistent confidence scores for identical code","status":"passed","title":"should produce consistent confidence scores for identical code","duration":0,"failureMessages":[]},{"ancestorTitles":["","Refactoring Validation - Moderate Level","Property 6: Method Signature Stability"],"fullName":" Refactoring Validation - Moderate Level Property 6: Method Signature Stability should maintain JavaScriptAnalyzer public API","status":"passed","title":"should maintain JavaScriptAnalyzer public API","duration":1,"failureMessages":[]},{"ancestorTitles":["","Refactoring Validation - Moderate Level","Property 6: Method Signature Stability"],"fullName":" Refactoring Validation - Moderate Level Property 6: Method Signature Stability should maintain CodeAnalyzer public API","status":"passed","title":"should maintain CodeAnalyzer public API","duration":2,"failureMessages":[]},{"ancestorTitles":["","Refactoring Validation - Moderate Level","Property 7: Output Structure Validation"],"fullName":" Refactoring Validation - Moderate Level Property 7: Output Structure Validation should produce valid AnalysisResult structure","status":"passed","title":"should produce valid AnalysisResult structure","duration":1,"failureMessages":[]}],"startTime":1773596182333,"endTime":1773596182367,"status":"passed","message":"","name":"/home/vector/Transferências/RalphLoopInverso/tests/refactoring-validation.test.ts"},{"assertionResults":[{"ancestorTitles":["","generateId"],"fullName":" generateId should generate unique IDs with prefix","status":"passed","title":"should generate unique IDs with prefix","duration":2,"failureMessages":[]},{"ancestorTitles":["","generateId"],"fullName":" generateId should handle different prefixes","status":"passed","title":"should handle different prefixes","duration":0,"failureMessages":[]},{"ancestorTitles":["","createErrorResponse"],"fullName":" createErrorResponse should create error response with default severity","status":"passed","title":"should create error response with default severity","duration":2,"failureMessages":[]},{"ancestorTitles":["","createErrorResponse"],"fullName":" createErrorResponse should create error response with custom code","status":"passed","title":"should create error response with custom code","duration":0,"failureMessages":[]},{"ancestorTitles":["","createErrorResponse"],"fullName":" createErrorResponse should create error response with custom severity","status":"passed","title":"should create error response with custom severity","duration":1,"failureMessages":[]},{"ancestorTitles":["","createErrorResponse"],"fullName":" createErrorResponse should have no data in error response","status":"passed","title":"should have no data in error response","duration":0,"failureMessages":[]},{"ancestorTitles":["","createSuccessResponse"],"fullName":" createSuccessResponse should create success response with data","status":"passed","title":"should create success response with data","duration":0,"failureMessages":[]},{"ancestorTitles":["","createSuccessResponse"],"fullName":" createSuccessResponse should have no errors in success response","status":"passed","title":"should have no errors in success response","duration":1,"failureMessages":[]},{"ancestorTitles":["","createSuccessResponse"],"fullName":" createSuccessResponse should handle complex data types","status":"passed","title":"should handle complex data types","duration":0,"failureMessages":[]}],"startTime":1773596195603,"endTime":1773596195610,"status":"passed","message":"","name":"/home/vector/Transferências/RalphLoopInverso/tests/schemas.test.ts"},{"assertionResults":[{"ancestorTitles":["","BoilerplateGenerator","generate"],"fullName":" BoilerplateGenerator generate deve gerar boilerplate de código com contrato válido","status":"skipped","title":"deve gerar boilerplate de código com contrato válido","failureMessages":[]},{"ancestorTitles":["","BoilerplateGenerator","generate"],"fullName":" BoilerplateGenerator generate deve gerar código de testes quando solicitado","status":"passed","title":"deve gerar código de testes quando solicitado","duration":7,"failureMessages":[]},{"ancestorTitles":["","BoilerplateGenerator","generate"],"fullName":" BoilerplateGenerator generate deve extrair nome do detector das regras do contrato","status":"skipped","title":"deve extrair nome do detector das regras do contrato","failureMessages":[]},{"ancestorTitles":["","BoilerplateGenerator","generate"],"fullName":" BoilerplateGenerator generate deve gerar nome padrão se detector_name não existir","status":"skipped","title":"deve gerar nome padrão se detector_name não existir","failureMessages":[]},{"ancestorTitles":["","BoilerplateGenerator","extractDetectorName"],"fullName":" BoilerplateGenerator extractDetectorName deve extrair nome da primeira regra com implement_detector","status":"passed","title":"deve extrair nome da primeira regra com implement_detector","duration":1,"failureMessages":[]},{"ancestorTitles":["","BoilerplateGenerator","extractDetectorName"],"fullName":" BoilerplateGenerator extractDetectorName deve gerar nome baseado no título se não houver detector_name","status":"skipped","title":"deve gerar nome baseado no título se não houver detector_name","failureMessages":[]},{"ancestorTitles":["","BoilerplateGenerator","extractDetectorName"],"fullName":" BoilerplateGenerator extractDetectorName deve lidar com título vazio","status":"passed","title":"deve lidar com título vazio","duration":2,"failureMessages":[]},{"ancestorTitles":["","BoilerplateGenerator","generateDetectorCode"],"fullName":" BoilerplateGenerator generateDetectorCode deve gerar código TypeScript válido","status":"passed","title":"deve gerar código TypeScript válido","duration":1,"failureMessages":[]},{"ancestorTitles":["","BoilerplateGenerator","generateDetectorCode"],"fullName":" BoilerplateGenerator generateDetectorCode deve incluir instruções para regras do contrato","status":"passed","title":"deve incluir instruções para regras do contrato","duration":1,"failureMessages":[]},{"ancestorTitles":["","BoilerplateGenerator","generateDetectorCode"],"fullName":" BoilerplateGenerator generateDetectorCode deve incluir casos para cobrir","status":"passed","title":"deve incluir casos para cobrir","duration":1,"failureMessages":[]},{"ancestorTitles":["","BoilerplateGenerator","generateTestCode"],"fullName":" BoilerplateGenerator generateTestCode deve gerar testes usando Vitest","status":"passed","title":"deve gerar testes usando Vitest","duration":1,"failureMessages":[]},{"ancestorTitles":["","BoilerplateGenerator","generateTestCode"],"fullName":" BoilerplateGenerator generateTestCode deve incluir testes unitários e de integração","status":"passed","title":"deve incluir testes unitários e de integração","duration":4,"failureMessages":[]},{"ancestorTitles":["","BoilerplateGenerator","extractCode"],"fullName":" BoilerplateGenerator extractCode deve extrair código de bloco typescript","status":"passed","title":"deve extrair código de bloco typescript","duration":1,"failureMessages":[]},{"ancestorTitles":["","BoilerplateGenerator","extractCode"],"fullName":" BoilerplateGenerator extractCode deve extrair código de bloco ts","status":"passed","title":"deve extrair código de bloco ts","duration":1,"failureMessages":[]},{"ancestorTitles":["","BoilerplateGenerator","extractCode"],"fullName":" BoilerplateGenerator extractCode deve extrair código de bloco genérico","status":"passed","title":"deve extrair código de bloco genérico","duration":1,"failureMessages":[]},{"ancestorTitles":["","BoilerplateGenerator","extractCode"],"fullName":" BoilerplateGenerator extractCode deve retornar resposta direta se não houver blocos","status":"passed","title":"deve retornar resposta direta se não houver blocos","duration":1,"failureMessages":[]},{"ancestorTitles":["","BoilerplateGenerator","extractCode"],"fullName":" BoilerplateGenerator extractCode deve trimar espaços em branco","status":"passed","title":"deve trimar espaços em branco","duration":1,"failureMessages":[]},{"ancestorTitles":["","BoilerplateGenerator","callOllama"],"fullName":" BoilerplateGenerator callOllama deve chamar API do Ollama com parâmetros corretos","status":"passed","title":"deve chamar API do Ollama com parâmetros corretos","duration":4,"failureMessages":[]},{"ancestorTitles":["","BoilerplateGenerator","callOllama"],"fullName":" BoilerplateGenerator callOllama deve usar temperatura baixa para código","status":"passed","title":"deve usar temperatura baixa para código","duration":1,"failureMessages":[]},{"ancestorTitles":["","BoilerplateGenerator","callOllama"],"fullName":" BoilerplateGenerator callOllama deve usar timeout de 3 minutos","status":"passed","title":"deve usar timeout de 3 minutos","duration":1,"failureMessages":[]}],"startTime":1773596177870,"endTime":1773596177900,"status":"passed","message":"","name":"/home/vector/Transferências/RalphLoopInverso/qwen-escapekit/tests/boilerplate-generator.test.ts"},{"assertionResults":[{"ancestorTitles":["","ContractGenerator","checkOllama"],"fullName":" ContractGenerator checkOllama deve verificar se Ollama está rodando","status":"passed","title":"deve verificar se Ollama está rodando","duration":5,"failureMessages":[]},{"ancestorTitles":["","ContractGenerator","checkOllama"],"fullName":" ContractGenerator checkOllama deve lançar erro se Ollama não estiver rodando","status":"passed","title":"deve lançar erro se Ollama não estiver rodando","duration":2,"failureMessages":[]},{"ancestorTitles":["","ContractGenerator","generate"],"fullName":" ContractGenerator generate deve gerar contrato YAML válido com metadados","status":"passed","title":"deve gerar contrato YAML válido com metadados","duration":2,"failureMessages":[]},{"ancestorTitles":["","ContractGenerator","generate"],"fullName":" ContractGenerator generate deve usar modelo configurado","status":"passed","title":"deve usar modelo configurado","duration":3,"failureMessages":[]},{"ancestorTitles":["","ContractGenerator","generate"],"fullName":" ContractGenerator generate deve extrair YAML de bloco de código markdown","status":"passed","title":"deve extrair YAML de bloco de código markdown","duration":1,"failureMessages":[]},{"ancestorTitles":["","ContractGenerator","generate"],"fullName":" ContractGenerator generate deve lançar erro se IA retornar formato inesperado","status":"passed","title":"deve lançar erro se IA retornar formato inesperado","duration":0,"failureMessages":[]},{"ancestorTitles":["","ContractGenerator","generate"],"fullName":" ContractGenerator generate deve lançar erro se resposta estiver vazia","status":"passed","title":"deve lançar erro se resposta estiver vazia","duration":1,"failureMessages":[]},{"ancestorTitles":["","ContractGenerator","generate"],"fullName":" ContractGenerator generate deve incluir metadados no prompt","status":"passed","title":"deve incluir metadados no prompt","duration":1,"failureMessages":[]},{"ancestorTitles":["","ContractGenerator","generate"],"fullName":" ContractGenerator generate deve usar temperatura configurada","status":"passed","title":"deve usar temperatura configurada","duration":2,"failureMessages":[]},{"ancestorTitles":["","ContractGenerator","buildPrompt"],"fullName":" ContractGenerator buildPrompt deve construir prompt estruturado com todos os metadados","status":"passed","title":"deve construir prompt estruturado com todos os metadados","duration":1,"failureMessages":[]},{"ancestorTitles":["","ContractGenerator","buildPrompt"],"fullName":" ContractGenerator buildPrompt deve lidar com metadados ausentes","status":"passed","title":"deve lidar com metadados ausentes","duration":0,"failureMessages":[]},{"ancestorTitles":["","ContractGenerator","extractYaml"],"fullName":" ContractGenerator extractYaml deve extrair YAML de bloco ```yaml","status":"passed","title":"deve extrair YAML de bloco ```yaml","duration":0,"failureMessages":[]},{"ancestorTitles":["","ContractGenerator","extractYaml"],"fullName":" ContractGenerator extractYaml deve extrair YAML de bloco ``` genérico","status":"passed","title":"deve extrair YAML de bloco ``` genérico","duration":0,"failureMessages":[]},{"ancestorTitles":["","ContractGenerator","extractYaml"],"fullName":" ContractGenerator extractYaml deve retornar null se não encontrar YAML","status":"passed","title":"deve retornar null se não encontrar YAML","duration":1,"failureMessages":[]},{"ancestorTitles":["","ContractGenerator","extractYaml"],"fullName":" ContractGenerator extractYaml deve retornar resposta direta se parecer YAML","status":"passed","title":"deve retornar resposta direta se parecer YAML","duration":0,"failureMessages":[]}],"startTime":1773596186579,"endTime":1773596186600,"status":"passed","message":"","name":"/home/vector/Transferências/RalphLoopInverso/qwen-escapekit/tests/contract-generator.test.ts"},{"assertionResults":[{"ancestorTitles":["","ContractValidator","validate"],"fullName":" ContractValidator validate deve validar contrato bem formado e completo","status":"passed","title":"deve validar contrato bem formado e completo","duration":16,"failureMessages":[]},{"ancestorTitles":["","ContractValidator","validate"],"fullName":" ContractValidator validate deve apontar erros para YAML com campos faltando","status":"passed","title":"deve apontar erros para YAML com campos faltando","duration":1,"failureMessages":[]},{"ancestorTitles":["","ContractValidator","validate"],"fullName":" ContractValidator validate deve lançar exceção tratada para YAML mal formatado","status":"passed","title":"deve lançar exceção tratada para YAML mal formatado","duration":1,"failureMessages":[]},{"ancestorTitles":["","ContractValidator","validate"],"fullName":" ContractValidator validate deve validar estrutura de facts","status":"passed","title":"deve validar estrutura de facts","duration":1,"failureMessages":[]},{"ancestorTitles":["","ContractValidator","validate"],"fullName":" ContractValidator validate deve validar tipos de fact","status":"passed","title":"deve validar tipos de fact","duration":1,"failureMessages":[]},{"ancestorTitles":["","ContractValidator","validate"],"fullName":" ContractValidator validate deve validar relevância de fact","status":"passed","title":"deve validar relevância de fact","duration":1,"failureMessages":[]},{"ancestorTitles":["","ContractValidator","validate"],"fullName":" ContractValidator validate deve validar estrutura de patterns","status":"passed","title":"deve validar estrutura de patterns","duration":0,"failureMessages":[]},{"ancestorTitles":["","ContractValidator","validate"],"fullName":" ContractValidator validate deve validar estrutura de rules","status":"passed","title":"deve validar estrutura de rules","duration":1,"failureMessages":[]},{"ancestorTitles":["","ContractValidator","validate"],"fullName":" ContractValidator validate deve validar ação de rule","status":"passed","title":"deve validar ação de rule","duration":1,"failureMessages":[]},{"ancestorTitles":["","ContractValidator","validate"],"fullName":" ContractValidator validate deve validar prioridade de rule","status":"passed","title":"deve validar prioridade de rule","duration":1,"failureMessages":[]},{"ancestorTitles":["","ContractValidator","validate"],"fullName":" ContractValidator validate deve validar estrutura de cases","status":"passed","title":"deve validar estrutura de cases","duration":0,"failureMessages":[]},{"ancestorTitles":["","ContractValidator","validate"],"fullName":" ContractValidator validate deve validar consistência de referências cruzadas (patterns)","status":"passed","title":"deve validar consistência de referências cruzadas (patterns)","duration":1,"failureMessages":[]},{"ancestorTitles":["","ContractValidator","validate"],"fullName":" ContractValidator validate deve validar consistência de referências cruzadas (facts)","status":"passed","title":"deve validar consistência de referências cruzadas (facts)","duration":2,"failureMessages":[]},{"ancestorTitles":["","ContractValidator","validate"],"fullName":" ContractValidator validate deve validar múltiplos erros simultaneamente","status":"passed","title":"deve validar múltiplos erros simultaneamente","duration":2,"failureMessages":[]},{"ancestorTitles":["","ContractValidator","validate"],"fullName":" ContractValidator validate deve retornar warnings para campos opcionais faltando","status":"passed","title":"deve retornar warnings para campos opcionais faltando","duration":1,"failureMessages":[]},{"ancestorTitles":["","ContractValidator","cenários de uso real"],"fullName":" ContractValidator cenários de uso real deve validar contrato do exemplo do README","status":"passed","title":"deve validar contrato do exemplo do README","duration":1,"failureMessages":[]}],"startTime":1773596183353,"endTime":1773596183385,"status":"passed","message":"","name":"/home/vector/Transferências/RalphLoopInverso/qwen-escapekit/tests/contract-validator.test.ts"},{"assertionResults":[{"ancestorTitles":["","SourceResolver","resolveFromDoi"],"fullName":" SourceResolver resolveFromDoi deve retornar metadados corretos para DOI válido","status":"passed","title":"deve retornar metadados corretos para DOI válido","duration":4,"failureMessages":[]},{"ancestorTitles":["","SourceResolver","resolveFromDoi"],"fullName":" SourceResolver resolveFromDoi deve lançar erro para DOI inválido","status":"passed","title":"deve lançar erro para DOI inválido","duration":1,"failureMessages":[]},{"ancestorTitles":["","SourceResolver","resolveFromDoi"],"fullName":" SourceResolver resolveFromDoi deve delegar para arXiv quando DOI começar com arXiv:","status":"passed","title":"deve delegar para arXiv quando DOI começar com arXiv:","duration":1,"failureMessages":[]},{"ancestorTitles":["","SourceResolver","resolveFromArxiv"],"fullName":" SourceResolver resolveFromArxiv deve lidar com erro quando arXiv não retorna dados","status":"passed","title":"deve lidar com erro quando arXiv não retorna dados","duration":0,"failureMessages":[]},{"ancestorTitles":["","SourceResolver","resolveFromUrl"],"fullName":" SourceResolver resolveFromUrl deve extrair título de URL genérica","status":"passed","title":"deve extrair título de URL genérica","duration":0,"failureMessages":[]},{"ancestorTitles":["","SourceResolver","resolveFromUrl"],"fullName":" SourceResolver resolveFromUrl deve detectar DOI em URL doi.org","status":"passed","title":"deve detectar DOI em URL doi.org","duration":1,"failureMessages":[]},{"ancestorTitles":["","SourceResolver","resolveFromUrl"],"fullName":" SourceResolver resolveFromUrl deve lançar erro para URL inacessível","status":"passed","title":"deve lançar erro para URL inacessível","duration":1,"failureMessages":[]},{"ancestorTitles":["","SourceResolver","resolveFromPdf"],"fullName":" SourceResolver resolveFromPdf deve lidar com erro quando PDF não existe","status":"passed","title":"deve lidar com erro quando PDF não existe","duration":501,"failureMessages":[]},{"ancestorTitles":["","SourceResolver","detectação automática de tipo de fonte"],"fullName":" SourceResolver detectação automática de tipo de fonte deve detectar DOI puro (10.xxxx/yyyy)","status":"passed","title":"deve detectar DOI puro (10.xxxx/yyyy)","duration":0,"failureMessages":[]},{"ancestorTitles":["","SourceResolver","detectação automática de tipo de fonte"],"fullName":" SourceResolver detectação automática de tipo de fonte deve detectar URL do DOI.org","status":"passed","title":"deve detectar URL do DOI.org","duration":0,"failureMessages":[]},{"ancestorTitles":["","SourceResolver","detectação automática de tipo de fonte"],"fullName":" SourceResolver detectação automática de tipo de fonte deve detectar URL genérica","status":"passed","title":"deve detectar URL genérica","duration":1,"failureMessages":[]},{"ancestorTitles":["","SourceResolver","tratamento de erros"],"fullName":" SourceResolver tratamento de erros deve fornecer mensagem de erro amigável para API indisponível","status":"passed","title":"deve fornecer mensagem de erro amigável para API indisponível","duration":1,"failureMessages":[]},{"ancestorTitles":["","SourceResolver","tratamento de erros"],"fullName":" SourceResolver tratamento de erros deve lidar com resposta vazia da API","status":"passed","title":"deve lidar com resposta vazia da API","duration":2,"failureMessages":[]}],"startTime":1773596186578,"endTime":1773596187094,"status":"passed","message":"","name":"/home/vector/Transferências/RalphLoopInverso/qwen-escapekit/tests/source-resolver.test.ts"},{"assertionResults":[{"ancestorTitles":["","CodeAnalyzer Integration (mocked)","analyze()"],"fullName":" CodeAnalyzer Integration (mocked) analyze() should analyze code with imports and detect ghost imports","status":"passed","title":"should analyze code with imports and detect ghost imports","duration":8,"failureMessages":[]},{"ancestorTitles":["","CodeAnalyzer Integration (mocked)","analyze()"],"fullName":" CodeAnalyzer Integration (mocked) analyze() should detect mock API calls","status":"passed","title":"should detect mock API calls","duration":2,"failureMessages":[]},{"ancestorTitles":["","CodeAnalyzer Integration (mocked)","analyze()"],"fullName":" CodeAnalyzer Integration (mocked) analyze() should detect WebGL usage","status":"passed","title":"should detect WebGL usage","duration":1,"failureMessages":[]},{"ancestorTitles":["","CodeAnalyzer Integration (mocked)","analyze()"],"fullName":" CodeAnalyzer Integration (mocked) analyze() should detect sandbox type","status":"passed","title":"should detect sandbox type","duration":1,"failureMessages":[]},{"ancestorTitles":["","CodeAnalyzer Integration (mocked)","analyze()"],"fullName":" CodeAnalyzer Integration (mocked) analyze() should calculate confidence score","status":"passed","title":"should calculate confidence score","duration":1,"failureMessages":[]},{"ancestorTitles":["","CodeAnalyzer Integration (mocked)","analyze()"],"fullName":" CodeAnalyzer Integration (mocked) analyze() should handle empty code","status":"passed","title":"should handle empty code","duration":2,"failureMessages":[]},{"ancestorTitles":["","CodeAnalyzer Integration (mocked)","analyze()"],"fullName":" CodeAnalyzer Integration (mocked) analyze() should use provided sandbox type","status":"passed","title":"should use provided sandbox type","duration":0,"failureMessages":[]},{"ancestorTitles":["","CodeAnalyzer Integration (mocked)","analyze()"],"fullName":" CodeAnalyzer Integration (mocked) analyze() should perform security analysis when enabled","status":"passed","title":"should perform security analysis when enabled","duration":45,"failureMessages":[]},{"ancestorTitles":["","CodeAnalyzer Integration (mocked)","analyze()"],"fullName":" CodeAnalyzer Integration (mocked) analyze() should skip security analysis when disabled","status":"passed","title":"should skip security analysis when disabled","duration":1,"failureMessages":[]},{"ancestorTitles":["","CodeAnalyzer Integration (mocked)","analyze()"],"fullName":" CodeAnalyzer Integration (mocked) analyze() should default to security analysis disabled","status":"passed","title":"should default to security analysis disabled","duration":0,"failureMessages":[]},{"ancestorTitles":["","CodeAnalyzer Integration (mocked)","clearCache()"],"fullName":" CodeAnalyzer Integration (mocked) clearCache() should clear NPM registry cache","status":"passed","title":"should clear NPM registry cache","duration":1,"failureMessages":[]}],"startTime":1773596185116,"endTime":1773596185182,"status":"passed","message":"","name":"/home/vector/Transferências/RalphLoopInverso/tests/analyzers/CodeAnalyzer.integration.test.ts"},{"assertionResults":[{"ancestorTitles":["","JavaScriptAnalyzer","parse()"],"fullName":" JavaScriptAnalyzer parse() should parse valid JavaScript code with imports","status":"passed","title":"should parse valid JavaScript code with imports","duration":5,"failureMessages":[]},{"ancestorTitles":["","JavaScriptAnalyzer","parse()"],"fullName":" JavaScriptAnalyzer parse() should parse code with mock API calls","status":"passed","title":"should parse code with mock API calls","duration":1,"failureMessages":[]},{"ancestorTitles":["","JavaScriptAnalyzer","parse()"],"fullName":" JavaScriptAnalyzer parse() should parse code with WebGL usage","status":"passed","title":"should parse code with WebGL usage","duration":1,"failureMessages":[]},{"ancestorTitles":["","JavaScriptAnalyzer","parse()"],"fullName":" JavaScriptAnalyzer parse() should handle empty code","status":"passed","title":"should handle empty code","duration":2,"failureMessages":[]},{"ancestorTitles":["","JavaScriptAnalyzer","parse()"],"fullName":" JavaScriptAnalyzer parse() should include error context when ParseError is thrown","status":"passed","title":"should include error context when ParseError is thrown","duration":2,"failureMessages":[]},{"ancestorTitles":["","JavaScriptAnalyzer","getPackageNames()"],"fullName":" JavaScriptAnalyzer getPackageNames() should extract package names from imports","status":"passed","title":"should extract package names from imports","duration":1,"failureMessages":[]},{"ancestorTitles":["","JavaScriptAnalyzer","getPackageNames()"],"fullName":" JavaScriptAnalyzer getPackageNames() should handle scoped packages","status":"passed","title":"should handle scoped packages","duration":1,"failureMessages":[]},{"ancestorTitles":["","JavaScriptAnalyzer","languageName()"],"fullName":" JavaScriptAnalyzer languageName() should return correct language name","status":"passed","title":"should return correct language name","duration":0,"failureMessages":[]}],"startTime":1773596194818,"endTime":1773596194831,"status":"passed","message":"","name":"/home/vector/Transferências/RalphLoopInverso/tests/analyzers/JavaScriptAnalyzer.test.ts"},{"assertionResults":[{"ancestorTitles":["","ImportDetector","detect"],"fullName":" ImportDetector detect should detect ES6 named imports","status":"passed","title":"should detect ES6 named imports","duration":11,"failureMessages":[]},{"ancestorTitles":["","ImportDetector","detect"],"fullName":" ImportDetector detect should detect ES6 default imports","status":"passed","title":"should detect ES6 default imports","duration":1,"failureMessages":[]},{"ancestorTitles":["","ImportDetector","detect"],"fullName":" ImportDetector detect should detect ES6 wildcard imports","status":"passed","title":"should detect ES6 wildcard imports","duration":3,"failureMessages":[]},{"ancestorTitles":["","ImportDetector","detect"],"fullName":" ImportDetector detect should detect ES6 imports without from clause","status":"passed","title":"should detect ES6 imports without from clause","duration":1,"failureMessages":[]},{"ancestorTitles":["","ImportDetector","detect"],"fullName":" ImportDetector detect should detect CommonJS requires","status":"passed","title":"should detect CommonJS requires","duration":1,"failureMessages":[]},{"ancestorTitles":["","ImportDetector","detect"],"fullName":" ImportDetector detect should detect relative imports","status":"passed","title":"should detect relative imports","duration":1,"failureMessages":[]},{"ancestorTitles":["","ImportDetector","detect"],"fullName":" ImportDetector detect should detect scoped packages","status":"passed","title":"should detect scoped packages","duration":0,"failureMessages":[]},{"ancestorTitles":["","ImportDetector","detect"],"fullName":" ImportDetector detect should detect multiple imports","status":"passed","title":"should detect multiple imports","duration":0,"failureMessages":[]},{"ancestorTitles":["","ImportDetector","detect"],"fullName":" ImportDetector detect should capture line and column positions","status":"passed","title":"should capture line and column positions","duration":0,"failureMessages":[]},{"ancestorTitles":["","ImportDetector","getPackageNames"],"fullName":" ImportDetector getPackageNames should extract package names from imports","status":"passed","title":"should extract package names from imports","duration":6,"failureMessages":[]},{"ancestorTitles":["","ImportDetector","getPackageNames"],"fullName":" ImportDetector getPackageNames should handle scoped packages","status":"passed","title":"should handle scoped packages","duration":1,"failureMessages":[]},{"ancestorTitles":["","ImportDetector","getPackageNames"],"fullName":" ImportDetector getPackageNames should extract main package from scoped package with subpath","status":"passed","title":"should extract main package from scoped package with subpath","duration":1,"failureMessages":[]},{"ancestorTitles":["","ImportDetector","getPackageNames"],"fullName":" ImportDetector getPackageNames should return unique package names","status":"passed","title":"should return unique package names","duration":0,"failureMessages":[]},{"ancestorTitles":["","ImportDetector","getPackageNames"],"fullName":" ImportDetector getPackageNames should return empty array when no imports","status":"passed","title":"should return empty array when no imports","duration":3,"failureMessages":[]},{"ancestorTitles":["","ImportDetector","getImportsByType"],"fullName":" ImportDetector getImportsByType should filter ES6 imports","status":"passed","title":"should filter ES6 imports","duration":1,"failureMessages":[]},{"ancestorTitles":["","ImportDetector","getRelativeImports"],"fullName":" ImportDetector getRelativeImports should filter relative imports","status":"passed","title":"should filter relative imports","duration":0,"failureMessages":[]},{"ancestorTitles":["","ImportDetector","getExternalImports"],"fullName":" ImportDetector getExternalImports should filter external imports","status":"passed","title":"should filter external imports","duration":4,"failureMessages":[]},{"ancestorTitles":["","ImportDetector","isRelativeImport"],"fullName":" ImportDetector isRelativeImport should identify relative imports starting with ./","status":"passed","title":"should identify relative imports starting with ./","duration":0,"failureMessages":[]},{"ancestorTitles":["","ImportDetector","isRelativeImport"],"fullName":" ImportDetector isRelativeImport should identify relative imports starting with ../","status":"passed","title":"should identify relative imports starting with ../","duration":0,"failureMessages":[]},{"ancestorTitles":["","ImportDetector","isRelativeImport"],"fullName":" ImportDetector isRelativeImport should identify absolute imports starting with /","status":"passed","title":"should identify absolute imports starting with /","duration":1,"failureMessages":[]},{"ancestorTitles":["","ImportDetector","isRelativeImport"],"fullName":" ImportDetector isRelativeImport should identify external imports","status":"passed","title":"should identify external imports","duration":0,"failureMessages":[]},{"ancestorTitles":["","ImportDetector","extractPackageName"],"fullName":" ImportDetector extractPackageName should extract package name from simple import","status":"passed","title":"should extract package name from simple import","duration":0,"failureMessages":[]},{"ancestorTitles":["","ImportDetector","extractPackageName"],"fullName":" ImportDetector extractPackageName should extract package name with subpath","status":"passed","title":"should extract package name with subpath","duration":1,"failureMessages":[]},{"ancestorTitles":["","ImportDetector","extractPackageName"],"fullName":" ImportDetector extractPackageName should extract scoped package name","status":"passed","title":"should extract scoped package name","duration":0,"failureMessages":[]},{"ancestorTitles":["","ImportDetector","extractPackageName"],"fullName":" ImportDetector extractPackageName should extract scoped package with subpath","status":"passed","title":"should extract scoped package with subpath","duration":0,"failureMessages":[]},{"ancestorTitles":["","ImportDetector","extractPackageName"],"fullName":" ImportDetector extractPackageName should handle multiple slashes","status":"passed","title":"should handle multiple slashes","duration":0,"failureMessages":[]},{"ancestorTitles":["","ImportDetector","getStatistics"],"fullName":" ImportDetector getStatistics should return correct statistics","status":"passed","title":"should return correct statistics","duration":0,"failureMessages":[]},{"ancestorTitles":["","ImportDetector","getStatistics"],"fullName":" ImportDetector getStatistics should handle empty imports","status":"passed","title":"should handle empty imports","duration":1,"failureMessages":[]},{"ancestorTitles":["","ImportDetector","addPattern"],"fullName":" ImportDetector addPattern should add custom pattern","status":"passed","title":"should add custom pattern","duration":3,"failureMessages":[]},{"ancestorTitles":["","ImportDetector","clearPatterns"],"fullName":" ImportDetector clearPatterns should clear all patterns","status":"passed","title":"should clear all patterns","duration":0,"failureMessages":[]},{"ancestorTitles":["","ImportDetector","getPatterns"],"fullName":" ImportDetector getPatterns should return all patterns","status":"passed","title":"should return all patterns","duration":2,"failureMessages":[]}],"startTime":1773596171084,"endTime":1773596171140,"status":"passed","message":"","name":"/home/vector/Transferências/RalphLoopInverso/tests/detectors/ImportDetector.test.ts"},{"assertionResults":[{"ancestorTitles":["","MockApiDetector","detect"],"fullName":" MockApiDetector detect should detect mockapi.io calls","status":"passed","title":"should detect mockapi.io calls","duration":3,"failureMessages":[]},{"ancestorTitles":["","MockApiDetector","detect"],"fullName":" MockApiDetector detect should detect jsonplaceholder calls","status":"passed","title":"should detect jsonplaceholder calls","duration":1,"failureMessages":[]},{"ancestorTitles":["","MockApiDetector","detect"],"fullName":" MockApiDetector detect should detect localhost URLs","status":"passed","title":"should detect localhost URLs","duration":0,"failureMessages":[]},{"ancestorTitles":["","MockApiDetector","detect"],"fullName":" MockApiDetector detect should detect 127.0.0.1 URLs","status":"passed","title":"should detect 127.0.0.1 URLs","duration":1,"failureMessages":[]},{"ancestorTitles":["","MockApiDetector","detect"],"fullName":" MockApiDetector detect should return empty array when no mock APIs are found","status":"passed","title":"should return empty array when no mock APIs are found","duration":0,"failureMessages":[]},{"ancestorTitles":["","MockApiDetector","detect"],"fullName":" MockApiDetector detect should detect multiple mock API calls","status":"passed","title":"should detect multiple mock API calls","duration":1,"failureMessages":[]},{"ancestorTitles":["","MockApiDetector","detect"],"fullName":" MockApiDetector detect should capture line and column positions","status":"passed","title":"should capture line and column positions","duration":0,"failureMessages":[]},{"ancestorTitles":["","MockApiDetector","addPattern"],"fullName":" MockApiDetector addPattern should add custom pattern","status":"passed","title":"should add custom pattern","duration":0,"failureMessages":[]},{"ancestorTitles":["","MockApiDetector","clearPatterns"],"fullName":" MockApiDetector clearPatterns should clear all patterns","status":"passed","title":"should clear all patterns","duration":1,"failureMessages":[]},{"ancestorTitles":["","MockApiDetector","getPatterns"],"fullName":" MockApiDetector getPatterns should return all patterns","status":"passed","title":"should return all patterns","duration":2,"failureMessages":[]},{"ancestorTitles":["","MockApiDetector","isMockApi"],"fullName":" MockApiDetector isMockApi should return true for mock API URLs","status":"passed","title":"should return true for mock API URLs","duration":0,"failureMessages":[]},{"ancestorTitles":["","MockApiDetector","isMockApi"],"fullName":" MockApiDetector isMockApi should return false for real API URLs","status":"passed","title":"should return false for real API URLs","duration":1,"failureMessages":[]},{"ancestorTitles":["","MockApiDetector","getMockApiType"],"fullName":" MockApiDetector getMockApiType should return correct mock API type","status":"passed","title":"should return correct mock API type","duration":0,"failureMessages":[]},{"ancestorTitles":["","MockApiDetector","getMockApiType"],"fullName":" MockApiDetector getMockApiType should return null for non-mock APIs","status":"passed","title":"should return null for non-mock APIs","duration":1,"failureMessages":[]}],"startTime":1773596184897,"endTime":1773596184910,"status":"passed","message":"","name":"/home/vector/Transferências/RalphLoopInverso/tests/detectors/MockApiDetector.test.ts"},{"assertionResults":[{"ancestorTitles":["","SandboxDetector","detect"],"fullName":" SandboxDetector detect should detect AI Studio from @google/generative-ai import","status":"passed","title":"should detect AI Studio from @google/generative-ai import","duration":4,"failureMessages":[]},{"ancestorTitles":["","SandboxDetector","detect"],"fullName":" SandboxDetector detect should detect AI Studio from @google/ai-protos import","status":"passed","title":"should detect AI Studio from @google/ai-protos import","duration":0,"failureMessages":[]},{"ancestorTitles":["","SandboxDetector","detect"],"fullName":" SandboxDetector detect should detect AI Studio from gemini references","status":"passed","title":"should detect AI Studio from gemini references","duration":1,"failureMessages":[]},{"ancestorTitles":["","SandboxDetector","detect"],"fullName":" SandboxDetector detect should detect AI Studio from google.ai.generativelanguage API","status":"passed","title":"should detect AI Studio from google.ai.generativelanguage API","duration":1,"failureMessages":[]},{"ancestorTitles":["","SandboxDetector","detect"],"fullName":" SandboxDetector detect should detect Bolt.new","status":"passed","title":"should detect Bolt.new","duration":0,"failureMessages":[]},{"ancestorTitles":["","SandboxDetector","detect"],"fullName":" SandboxDetector detect should detect Replit from @replit packages","status":"passed","title":"should detect Replit from @replit packages","duration":1,"failureMessages":[]},{"ancestorTitles":["","SandboxDetector","detect"],"fullName":" SandboxDetector detect should detect Replit from internal packages","status":"passed","title":"should detect Replit from internal packages","duration":0,"failureMessages":[]},{"ancestorTitles":["","SandboxDetector","detect"],"fullName":" SandboxDetector detect should detect CodeSandbox","status":"passed","title":"should detect CodeSandbox","duration":1,"failureMessages":[]},{"ancestorTitles":["","SandboxDetector","detect"],"fullName":" SandboxDetector detect should detect StackBlitz","status":"passed","title":"should detect StackBlitz","duration":0,"failureMessages":[]},{"ancestorTitles":["","SandboxDetector","detect"],"fullName":" SandboxDetector detect should return unknown when no pattern matches","status":"passed","title":"should return unknown when no pattern matches","duration":0,"failureMessages":[]},{"ancestorTitles":["","SandboxDetector","detectAll"],"fullName":" SandboxDetector detectAll should detect all sandbox types in mixed code","status":"passed","title":"should detect all sandbox types in mixed code","duration":2,"failureMessages":[]},{"ancestorTitles":["","SandboxDetector","detectAll"],"fullName":" SandboxDetector detectAll should return [unknown] when no patterns match","status":"passed","title":"should return [unknown] when no patterns match","duration":1,"failureMessages":[]},{"ancestorTitles":["","SandboxDetector","detectDetailed"],"fullName":" SandboxDetector detectDetailed should return detailed detection results","status":"passed","title":"should return detailed detection results","duration":3,"failureMessages":[]},{"ancestorTitles":["","SandboxDetector","detectDetailed"],"fullName":" SandboxDetector detectDetailed should return multiple detailed results","status":"passed","title":"should return multiple detailed results","duration":1,"failureMessages":[]},{"ancestorTitles":["","SandboxDetector","detectDetailed"],"fullName":" SandboxDetector detectDetailed should return empty array when no patterns match","status":"passed","title":"should return empty array when no patterns match","duration":0,"failureMessages":[]},{"ancestorTitles":["","SandboxDetector","isFromSandbox"],"fullName":" SandboxDetector isFromSandbox should return true for matching sandbox","status":"passed","title":"should return true for matching sandbox","duration":0,"failureMessages":[]},{"ancestorTitles":["","SandboxDetector","isFromSandbox"],"fullName":" SandboxDetector isFromSandbox should return false for unknown code","status":"passed","title":"should return false for unknown code","duration":0,"failureMessages":[]},{"ancestorTitles":["","SandboxDetector","getConfidence"],"fullName":" SandboxDetector getConfidence should return high confidence for single sandbox","status":"passed","title":"should return high confidence for single sandbox","duration":0,"failureMessages":[]},{"ancestorTitles":["","SandboxDetector","getConfidence"],"fullName":" SandboxDetector getConfidence should return 0 for non-matching sandbox","status":"passed","title":"should return 0 for non-matching sandbox","duration":0,"failureMessages":[]},{"ancestorTitles":["","SandboxDetector","getConfidence"],"fullName":" SandboxDetector getConfidence should return 0.5 for unknown with no patterns","status":"passed","title":"should return 0.5 for unknown with no patterns","duration":0,"failureMessages":[]},{"ancestorTitles":["","SandboxDetector","getConfidence"],"fullName":" SandboxDetector getConfidence should handle mixed code correctly","status":"passed","title":"should handle mixed code correctly","duration":0,"failureMessages":[]},{"ancestorTitles":["","SandboxDetector","getPatternsForType"],"fullName":" SandboxDetector getPatternsForType should return patterns for AI Studio","status":"passed","title":"should return patterns for AI Studio","duration":1,"failureMessages":[]},{"ancestorTitles":["","SandboxDetector","getPatternsForType"],"fullName":" SandboxDetector getPatternsForType should return empty array for unknown type","status":"passed","title":"should return empty array for unknown type","duration":0,"failureMessages":[]},{"ancestorTitles":["","SandboxDetector","getPatternsForType"],"fullName":" SandboxDetector getPatternsForType should return patterns for Bolt.new","status":"passed","title":"should return patterns for Bolt.new","duration":1,"failureMessages":[]},{"ancestorTitles":["","SandboxDetector","getPatternsForType"],"fullName":" SandboxDetector getPatternsForType should return patterns for Replit","status":"passed","title":"should return patterns for Replit","duration":0,"failureMessages":[]},{"ancestorTitles":["","SandboxDetector","addPattern"],"fullName":" SandboxDetector addPattern should add custom pattern","status":"passed","title":"should add custom pattern","duration":0,"failureMessages":[]},{"ancestorTitles":["","SandboxDetector","clearPatterns"],"fullName":" SandboxDetector clearPatterns should clear all patterns","status":"passed","title":"should clear all patterns","duration":1,"failureMessages":[]},{"ancestorTitles":["","SandboxDetector","getPatterns"],"fullName":" SandboxDetector getPatterns should return all patterns","status":"passed","title":"should return all patterns","duration":2,"failureMessages":[]},{"ancestorTitles":["","SandboxDetector","getPatterns"],"fullName":" SandboxDetector getPatterns should include patterns for all sandboxes","status":"passed","title":"should include patterns for all sandboxes","duration":1,"failureMessages":[]}],"startTime":1773596172893,"endTime":1773596172918,"status":"passed","message":"","name":"/home/vector/Transferências/RalphLoopInverso/tests/detectors/SandboxDetector.test.ts"},{"assertionResults":[{"ancestorTitles":["","WebGLDetector","detect"],"fullName":" WebGLDetector detect should detect Three.js imports","status":"passed","title":"should detect Three.js imports","duration":9,"failureMessages":[]},{"ancestorTitles":["","WebGLDetector","detect"],"fullName":" WebGLDetector detect should detect Three.js object creation","status":"passed","title":"should detect Three.js object creation","duration":1,"failureMessages":[]},{"ancestorTitles":["","WebGLDetector","detect"],"fullName":" WebGLDetector detect should detect React Three Fiber imports","status":"passed","title":"should detect React Three Fiber imports","duration":0,"failureMessages":[]},{"ancestorTitles":["","WebGLDetector","detect"],"fullName":" WebGLDetector detect should detect WebGLRenderingContext","status":"passed","title":"should detect WebGLRenderingContext","duration":1,"failureMessages":[]},{"ancestorTitles":["","WebGLDetector","detect"],"fullName":" WebGLDetector detect should detect canvas getContext calls","status":"passed","title":"should detect canvas getContext calls","duration":0,"failureMessages":[]},{"ancestorTitles":["","WebGLDetector","detect"],"fullName":" WebGLDetector detect should detect canvas element creation","status":"passed","title":"should detect canvas element creation","duration":1,"failureMessages":[]},{"ancestorTitles":["","WebGLDetector","detect"],"fullName":" WebGLDetector detect should return empty array when no WebGL is found","status":"passed","title":"should return empty array when no WebGL is found","duration":0,"failureMessages":[]},{"ancestorTitles":["","WebGLDetector","detect"],"fullName":" WebGLDetector detect should detect multiple WebGL usages","status":"passed","title":"should detect multiple WebGL usages","duration":1,"failureMessages":[]},{"ancestorTitles":["","WebGLDetector","detect"],"fullName":" WebGLDetector detect should capture line and column positions","status":"passed","title":"should capture line and column positions","duration":0,"failureMessages":[]},{"ancestorTitles":["","WebGLDetector","usesThreeJs"],"fullName":" WebGLDetector usesThreeJs should return true for Three.js imports","status":"passed","title":"should return true for Three.js imports","duration":0,"failureMessages":[]},{"ancestorTitles":["","WebGLDetector","usesThreeJs"],"fullName":" WebGLDetector usesThreeJs should return true for React Three Fiber","status":"passed","title":"should return true for React Three Fiber","duration":1,"failureMessages":[]},{"ancestorTitles":["","WebGLDetector","usesThreeJs"],"fullName":" WebGLDetector usesThreeJs should return true for React Three Drei","status":"passed","title":"should return true for React Three Drei","duration":0,"failureMessages":[]},{"ancestorTitles":["","WebGLDetector","usesThreeJs"],"fullName":" WebGLDetector usesThreeJs should return false for non-Three.js code","status":"passed","title":"should return false for non-Three.js code","duration":1,"failureMessages":[]},{"ancestorTitles":["","WebGLDetector","usesWebGL"],"fullName":" WebGLDetector usesWebGL should return true for WebGL context","status":"passed","title":"should return true for WebGL context","duration":0,"failureMessages":[]},{"ancestorTitles":["","WebGLDetector","usesWebGL"],"fullName":" WebGLDetector usesWebGL should return true for WebGL2","status":"passed","title":"should return true for WebGL2","duration":1,"failureMessages":[]},{"ancestorTitles":["","WebGLDetector","usesWebGL"],"fullName":" WebGLDetector usesWebGL should return true for WebGLRenderingContext","status":"passed","title":"should return true for WebGLRenderingContext","duration":0,"failureMessages":[]},{"ancestorTitles":["","WebGLDetector","usesWebGL"],"fullName":" WebGLDetector usesWebGL should return false for non-WebGL code","status":"passed","title":"should return false for non-WebGL code","duration":1,"failureMessages":[]},{"ancestorTitles":["","WebGLDetector","getWebGLTypes"],"fullName":" WebGLDetector getWebGLTypes should return unique WebGL types","status":"passed","title":"should return unique WebGL types","duration":1,"failureMessages":[]},{"ancestorTitles":["","WebGLDetector","getWebGLTypes"],"fullName":" WebGLDetector getWebGLTypes should return empty array when no WebGL is found","status":"passed","title":"should return empty array when no WebGL is found","duration":0,"failureMessages":[]},{"ancestorTitles":["","WebGLDetector","getFallbackRecommendations"],"fullName":" WebGLDetector getFallbackRecommendations should provide Three.js recommendations","status":"passed","title":"should provide Three.js recommendations","duration":0,"failureMessages":[]},{"ancestorTitles":["","WebGLDetector","getFallbackRecommendations"],"fullName":" WebGLDetector getFallbackRecommendations should provide WebGL recommendations","status":"passed","title":"should provide WebGL recommendations","duration":0,"failureMessages":[]},{"ancestorTitles":["","WebGLDetector","getFallbackRecommendations"],"fullName":" WebGLDetector getFallbackRecommendations should provide canvas recommendations","status":"passed","title":"should provide canvas recommendations","duration":0,"failureMessages":[]},{"ancestorTitles":["","WebGLDetector","getFallbackRecommendations"],"fullName":" WebGLDetector getFallbackRecommendations should return empty array when no WebGL is found","status":"passed","title":"should return empty array when no WebGL is found","duration":0,"failureMessages":[]},{"ancestorTitles":["","WebGLDetector","addPattern"],"fullName":" WebGLDetector addPattern should add custom pattern","status":"passed","title":"should add custom pattern","duration":1,"failureMessages":[]},{"ancestorTitles":["","WebGLDetector","clearPatterns"],"fullName":" WebGLDetector clearPatterns should clear all patterns","status":"passed","title":"should clear all patterns","duration":1,"failureMessages":[]},{"ancestorTitles":["","WebGLDetector","getPatterns"],"fullName":" WebGLDetector getPatterns should return all patterns","status":"passed","title":"should return all patterns","duration":2,"failureMessages":[]}],"startTime":1773596182028,"endTime":1773596182054,"status":"passed","message":"","name":"/home/vector/Transferências/RalphLoopInverso/tests/detectors/WebGLDetector.test.ts"},{"assertionResults":[{"ancestorTitles":["","EscapeContractWriter","calculateCodeHash()"],"fullName":" EscapeContractWriter calculateCodeHash() returns a sha256: prefixed hash","status":"passed","title":"returns a sha256: prefixed hash","duration":2,"failureMessages":[]},{"ancestorTitles":["","EscapeContractWriter","calculateCodeHash()"],"fullName":" EscapeContractWriter calculateCodeHash() returns consistent hash for same input","status":"passed","title":"returns consistent hash for same input","duration":1,"failureMessages":[]},{"ancestorTitles":["","EscapeContractWriter","calculateCodeHash()"],"fullName":" EscapeContractWriter calculateCodeHash() returns different hashes for different inputs","status":"passed","title":"returns different hashes for different inputs","duration":2,"failureMessages":[]},{"ancestorTitles":["","EscapeContractWriter","calculateCodeHash()"],"fullName":" EscapeContractWriter calculateCodeHash() handles empty string","status":"passed","title":"handles empty string","duration":0,"failureMessages":[]},{"ancestorTitles":["","EscapeContractWriter","validate()"],"fullName":" EscapeContractWriter validate() returns true for a valid contract","status":"passed","title":"returns true for a valid contract","duration":1,"failureMessages":[]},{"ancestorTitles":["","EscapeContractWriter","validate()"],"fullName":" EscapeContractWriter validate() returns false for null","status":"passed","title":"returns false for null","duration":1,"failureMessages":[]},{"ancestorTitles":["","EscapeContractWriter","validate()"],"fullName":" EscapeContractWriter validate() returns false for missing contractId","status":"passed","title":"returns false for missing contractId","duration":0,"failureMessages":[]},{"ancestorTitles":["","EscapeContractWriter","validate()"],"fullName":" EscapeContractWriter validate() returns false for missing analysisId","status":"passed","title":"returns false for missing analysisId","duration":1,"failureMessages":[]},{"ancestorTitles":["","EscapeContractWriter","validate()"],"fullName":" EscapeContractWriter validate() returns false for missing origin","status":"passed","title":"returns false for missing origin","duration":1,"failureMessages":[]},{"ancestorTitles":["","EscapeContractWriter","generate()"],"fullName":" EscapeContractWriter generate() creates a contract with correct analysisId","status":"passed","title":"creates a contract with correct analysisId","duration":1,"failureMessages":[]},{"ancestorTitles":["","EscapeContractWriter","generate()"],"fullName":" EscapeContractWriter generate() sets validationStatus to PENDING","status":"passed","title":"sets validationStatus to PENDING","duration":0,"failureMessages":[]},{"ancestorTitles":["","EscapeContractWriter","generate()"],"fullName":" EscapeContractWriter generate() calculates code hash when originalCode provided","status":"passed","title":"calculates code hash when originalCode provided","duration":1,"failureMessages":[]},{"ancestorTitles":["","EscapeContractWriter","generate()"],"fullName":" EscapeContractWriter generate() adds low-confidence assumption","status":"passed","title":"adds low-confidence assumption","duration":0,"failureMessages":[]},{"ancestorTitles":["","EscapeContractWriter","generate()"],"fullName":" EscapeContractWriter generate() sets sandboxType from analysisResult","status":"passed","title":"sets sandboxType from analysisResult","duration":1,"failureMessages":[]},{"ancestorTitles":["","EscapeContractWriter","writeToFile() and parseFromFile()"],"fullName":" EscapeContractWriter writeToFile() and parseFromFile() round-trips a contract through JSON","status":"passed","title":"round-trips a contract through JSON","duration":2,"failureMessages":[]},{"ancestorTitles":["","EscapeContractWriter","writeToFile() and parseFromFile()"],"fullName":" EscapeContractWriter writeToFile() and parseFromFile() throws FileSystemError when write path is invalid","status":"passed","title":"throws FileSystemError when write path is invalid","duration":1,"failureMessages":[]},{"ancestorTitles":["","EscapeContractWriter","writeToFile() and parseFromFile()"],"fullName":" EscapeContractWriter writeToFile() and parseFromFile() throws FileSystemError when read path does not exist","status":"passed","title":"throws FileSystemError when read path does not exist","duration":1,"failureMessages":[]},{"ancestorTitles":["","EscapeContractWriter","writeToFile() and parseFromFile()"],"fullName":" EscapeContractWriter writeToFile() and parseFromFile() throws on invalid JSON content","status":"passed","title":"throws on invalid JSON content","duration":1,"failureMessages":[]}],"startTime":1773596184535,"endTime":1773596184553,"status":"passed","message":"","name":"/home/vector/Transferências/RalphLoopInverso/tests/generators/EscapeContractWriter.test.ts"},{"assertionResults":[{"ancestorTitles":["","TemplateEngine","render() - variable interpolation"],"fullName":" TemplateEngine render() - variable interpolation replaces a simple variable","status":"passed","title":"replaces a simple variable","duration":3,"failureMessages":[]},{"ancestorTitles":["","TemplateEngine","render() - variable interpolation"],"fullName":" TemplateEngine render() - variable interpolation replaces multiple variables","status":"passed","title":"replaces multiple variables","duration":0,"failureMessages":[]},{"ancestorTitles":["","TemplateEngine","render() - variable interpolation"],"fullName":" TemplateEngine render() - variable interpolation resolves nested dot-notation paths","status":"passed","title":"resolves nested dot-notation paths","duration":1,"failureMessages":[]},{"ancestorTitles":["","TemplateEngine","render() - variable interpolation"],"fullName":" TemplateEngine render() - variable interpolation returns empty string for undefined variables","status":"passed","title":"returns empty string for undefined variables","duration":0,"failureMessages":[]},{"ancestorTitles":["","TemplateEngine","render() - variable interpolation"],"fullName":" TemplateEngine render() - variable interpolation returns empty string for null variables","status":"passed","title":"returns empty string for null variables","duration":0,"failureMessages":[]},{"ancestorTitles":["","TemplateEngine","render() - variable interpolation"],"fullName":" TemplateEngine render() - variable interpolation renders numeric values","status":"passed","title":"renders numeric values","duration":0,"failureMessages":[]},{"ancestorTitles":["","TemplateEngine","render() - variable interpolation"],"fullName":" TemplateEngine render() - variable interpolation renders boolean values","status":"passed","title":"renders boolean values","duration":0,"failureMessages":[]},{"ancestorTitles":["","TemplateEngine","render() - variable interpolation"],"fullName":" TemplateEngine render() - variable interpolation leaves non-template text unchanged","status":"passed","title":"leaves non-template text unchanged","duration":0,"failureMessages":[]},{"ancestorTitles":["","TemplateEngine","render() - {{#if}} blocks"],"fullName":" TemplateEngine render() - {{#if}} blocks renders block when condition is true","status":"passed","title":"renders block when condition is true","duration":1,"failureMessages":[]},{"ancestorTitles":["","TemplateEngine","render() - {{#if}} blocks"],"fullName":" TemplateEngine render() - {{#if}} blocks hides block when condition is false","status":"passed","title":"hides block when condition is false","duration":0,"failureMessages":[]},{"ancestorTitles":["","TemplateEngine","render() - {{#if}} blocks"],"fullName":" TemplateEngine render() - {{#if}} blocks hides block when condition is undefined","status":"passed","title":"hides block when condition is undefined","duration":0,"failureMessages":[]},{"ancestorTitles":["","TemplateEngine","render() - {{#if}} blocks"],"fullName":" TemplateEngine render() - {{#if}} blocks hides block when condition is empty array","status":"passed","title":"hides block when condition is empty array","duration":1,"failureMessages":[]},{"ancestorTitles":["","TemplateEngine","render() - {{#if}} blocks"],"fullName":" TemplateEngine render() - {{#if}} blocks shows block when condition is non-empty array","status":"passed","title":"shows block when condition is non-empty array","duration":0,"failureMessages":[]},{"ancestorTitles":["","TemplateEngine","render() - {{#if}} blocks"],"fullName":" TemplateEngine render() - {{#if}} blocks renders else branch when condition is false","status":"passed","title":"renders else branch when condition is false","duration":0,"failureMessages":[]},{"ancestorTitles":["","TemplateEngine","render() - {{#if}} blocks"],"fullName":" TemplateEngine render() - {{#if}} blocks renders if branch when condition is true (with else)","status":"passed","title":"renders if branch when condition is true (with else)","duration":0,"failureMessages":[]},{"ancestorTitles":["","TemplateEngine","render() - {{#if}} blocks"],"fullName":" TemplateEngine render() - {{#if}} blocks evaluates nested dot-notation condition","status":"passed","title":"evaluates nested dot-notation condition","duration":1,"failureMessages":[]},{"ancestorTitles":["","TemplateEngine","render() - {{#unless}} blocks"],"fullName":" TemplateEngine render() - {{#unless}} blocks renders block when condition is false","status":"passed","title":"renders block when condition is false","duration":0,"failureMessages":[]},{"ancestorTitles":["","TemplateEngine","render() - {{#unless}} blocks"],"fullName":" TemplateEngine render() - {{#unless}} blocks hides block when condition is true","status":"passed","title":"hides block when condition is true","duration":0,"failureMessages":[]},{"ancestorTitles":["","TemplateEngine","render() - {{#unless}} blocks"],"fullName":" TemplateEngine render() - {{#unless}} blocks renders block when condition is undefined","status":"passed","title":"renders block when condition is undefined","duration":0,"failureMessages":[]},{"ancestorTitles":["","TemplateEngine","render() - {{#each}} blocks"],"fullName":" TemplateEngine render() - {{#each}} blocks iterates over an array","status":"passed","title":"iterates over an array","duration":1,"failureMessages":[]},{"ancestorTitles":["","TemplateEngine","render() - {{#each}} blocks"],"fullName":" TemplateEngine render() - {{#each}} blocks provides @index for array items","status":"passed","title":"provides @index for array items","duration":0,"failureMessages":[]},{"ancestorTitles":["","TemplateEngine","render() - {{#each}} blocks"],"fullName":" TemplateEngine render() - {{#each}} blocks iterates over object properties","status":"passed","title":"iterates over object properties","duration":0,"failureMessages":[]},{"ancestorTitles":["","TemplateEngine","render() - {{#each}} blocks"],"fullName":" TemplateEngine render() - {{#each}} blocks spreads object item properties into context","status":"passed","title":"spreads object item properties into context","duration":1,"failureMessages":[]},{"ancestorTitles":["","TemplateEngine","render() - {{#each}} blocks"],"fullName":" TemplateEngine render() - {{#each}} blocks returns empty string for empty array","status":"passed","title":"returns empty string for empty array","duration":0,"failureMessages":[]},{"ancestorTitles":["","TemplateEngine","render() - {{#each}} blocks"],"fullName":" TemplateEngine render() - {{#each}} blocks returns empty string for null/undefined value","status":"passed","title":"returns empty string for null/undefined value","duration":0,"failureMessages":[]},{"ancestorTitles":["","TemplateEngine","built-in helpers","camelCase"],"fullName":" TemplateEngine built-in helpers camelCase converts kebab-case to camelCase","status":"passed","title":"converts kebab-case to camelCase","duration":0,"failureMessages":[]},{"ancestorTitles":["","TemplateEngine","built-in helpers","camelCase"],"fullName":" TemplateEngine built-in helpers camelCase converts space-separated to camelCase","status":"passed","title":"converts space-separated to camelCase","duration":1,"failureMessages":[]},{"ancestorTitles":["","TemplateEngine","built-in helpers","camelCase"],"fullName":" TemplateEngine built-in helpers camelCase converts snake_case to camelCase","status":"passed","title":"converts snake_case to camelCase","duration":0,"failureMessages":[]},{"ancestorTitles":["","TemplateEngine","built-in helpers","camelCase"],"fullName":" TemplateEngine built-in helpers camelCase lowercases the first character","status":"passed","title":"lowercases the first character","duration":0,"failureMessages":[]},{"ancestorTitles":["","TemplateEngine","built-in helpers","kebabCase"],"fullName":" TemplateEngine built-in helpers kebabCase converts camelCase to kebab-case","status":"passed","title":"converts camelCase to kebab-case","duration":0,"failureMessages":[]},{"ancestorTitles":["","TemplateEngine","built-in helpers","kebabCase"],"fullName":" TemplateEngine built-in helpers kebabCase converts spaces to hyphens","status":"passed","title":"converts spaces to hyphens","duration":1,"failureMessages":[]},{"ancestorTitles":["","TemplateEngine","built-in helpers","kebabCase"],"fullName":" TemplateEngine built-in helpers kebabCase lowercases the result","status":"passed","title":"lowercases the result","duration":0,"failureMessages":[]},{"ancestorTitles":["","TemplateEngine","built-in helpers","upperCase"],"fullName":" TemplateEngine built-in helpers upperCase converts camelCase to UPPER_CASE","status":"passed","title":"converts camelCase to UPPER_CASE","duration":0,"failureMessages":[]},{"ancestorTitles":["","TemplateEngine","built-in helpers","upperCase"],"fullName":" TemplateEngine built-in helpers upperCase converts spaces to underscores and uppercases","status":"passed","title":"converts spaces to underscores and uppercases","duration":0,"failureMessages":[]},{"ancestorTitles":["","TemplateEngine","built-in helpers","upperCase"],"fullName":" TemplateEngine built-in helpers upperCase converts hyphens to underscores and uppercases","status":"passed","title":"converts hyphens to underscores and uppercases","duration":1,"failureMessages":[]},{"ancestorTitles":["","TemplateEngine","built-in helpers","json"],"fullName":" TemplateEngine built-in helpers json serializes an object to JSON","status":"passed","title":"serializes an object to JSON","duration":0,"failureMessages":[]},{"ancestorTitles":["","TemplateEngine","built-in helpers","json"],"fullName":" TemplateEngine built-in helpers json serializes an array to JSON","status":"passed","title":"serializes an array to JSON","duration":0,"failureMessages":[]},{"ancestorTitles":["","TemplateEngine","built-in helpers","json"],"fullName":" TemplateEngine built-in helpers json serializes a string to JSON","status":"passed","title":"serializes a string to JSON","duration":0,"failureMessages":[]},{"ancestorTitles":["","TemplateEngine","addHelpers()"],"fullName":" TemplateEngine addHelpers() registers and uses a custom helper","status":"passed","title":"registers and uses a custom helper","duration":0,"failureMessages":[]},{"ancestorTitles":["","TemplateEngine","addHelpers()"],"fullName":" TemplateEngine addHelpers() custom helper overrides built-in with same name","status":"passed","title":"custom helper overrides built-in with same name","duration":0,"failureMessages":[]},{"ancestorTitles":["","TemplateEngine","compileTemplate()"],"fullName":" TemplateEngine compileTemplate() returns a function that renders the template","status":"passed","title":"returns a function that renders the template","duration":1,"failureMessages":[]},{"ancestorTitles":["","TemplateEngine","compileTemplate()"],"fullName":" TemplateEngine compileTemplate() returns the same function for the same template (cache hit)","status":"passed","title":"returns the same function for the same template (cache hit)","duration":0,"failureMessages":[]},{"ancestorTitles":["","TemplateEngine","compileTemplate()"],"fullName":" TemplateEngine compileTemplate() returns different functions for different templates","status":"passed","title":"returns different functions for different templates","duration":1,"failureMessages":[]},{"ancestorTitles":["","TemplateEngine","compileTemplate()"],"fullName":" TemplateEngine compileTemplate() clearCache() removes cached templates","status":"passed","title":"clearCache() removes cached templates","duration":0,"failureMessages":[]},{"ancestorTitles":["","TemplateEngine","loadTemplate()"],"fullName":" TemplateEngine loadTemplate() loads a template file successfully","status":"passed","title":"loads a template file successfully","duration":57,"failureMessages":[]},{"ancestorTitles":["","TemplateEngine","loadTemplate()"],"fullName":" TemplateEngine loadTemplate() throws FileSystemError when file does not exist","status":"passed","title":"throws FileSystemError when file does not exist","duration":1,"failureMessages":[]},{"ancestorTitles":["","TemplateEngine","loadTemplate()"],"fullName":" TemplateEngine loadTemplate() FileSystemError has correct code","status":"passed","title":"FileSystemError has correct code","duration":1,"failureMessages":[]},{"ancestorTitles":["","TemplateEngine","render() - real template integration"],"fullName":" TemplateEngine render() - real template integration renders package.json.hbs template","status":"passed","title":"renders package.json.hbs template","duration":12,"failureMessages":[]},{"ancestorTitles":["","TemplateEngine","render() - real template integration"],"fullName":" TemplateEngine render() - real template integration renders tsconfig.json.hbs template","status":"passed","title":"renders tsconfig.json.hbs template","duration":0,"failureMessages":[]},{"ancestorTitles":["","TemplateEngine","render() - real template integration"],"fullName":" TemplateEngine render() - real template integration renders README.md.hbs template","status":"passed","title":"renders README.md.hbs template","duration":2,"failureMessages":[]}],"startTime":1773596170247,"endTime":1773596170336,"status":"passed","message":"","name":"/home/vector/Transferências/RalphLoopInverso/tests/generators/TemplateEngine.test.ts"},{"assertionResults":[{"ancestorTitles":["","TransformationPipeline","processAnalysisResult()"],"fullName":" TransformationPipeline processAnalysisResult() extracts ghost import issues","status":"passed","title":"extracts ghost import issues","duration":5,"failureMessages":[]},{"ancestorTitles":["","TransformationPipeline","processAnalysisResult()"],"fullName":" TransformationPipeline processAnalysisResult() ignores non-ghost-import issues","status":"passed","title":"ignores non-ghost-import issues","duration":0,"failureMessages":[]},{"ancestorTitles":["","TransformationPipeline","processAnalysisResult()"],"fullName":" TransformationPipeline processAnalysisResult() skips non-autoFixable issues by default","status":"passed","title":"skips non-autoFixable issues by default","duration":1,"failureMessages":[]},{"ancestorTitles":["","TransformationPipeline","processAnalysisResult()"],"fullName":" TransformationPipeline processAnalysisResult() includes non-autoFixable issues when force=true","status":"passed","title":"includes non-autoFixable issues when force=true","duration":1,"failureMessages":[]},{"ancestorTitles":["","TransformationPipeline","processAnalysisResult()"],"fullName":" TransformationPipeline processAnalysisResult() sets requiresManualReview=true when confidenceScore < 0.5","status":"passed","title":"sets requiresManualReview=true when confidenceScore < 0.5","duration":1,"failureMessages":[]},{"ancestorTitles":["","TransformationPipeline","processAnalysisResult()"],"fullName":" TransformationPipeline processAnalysisResult() sets requiresManualReview=false when confidenceScore >= 0.5","status":"passed","title":"sets requiresManualReview=false when confidenceScore >= 0.5","duration":0,"failureMessages":[]},{"ancestorTitles":["","TransformationPipeline","processAnalysisResult()"],"fullName":" TransformationPipeline processAnalysisResult() preserves analysisId from input","status":"passed","title":"preserves analysisId from input","duration":1,"failureMessages":[]},{"ancestorTitles":["","TransformationPipeline","processAnalysisResult()"],"fullName":" TransformationPipeline processAnalysisResult() returns empty ghostImports for no ghost import issues","status":"passed","title":"returns empty ghostImports for no ghost import issues","duration":0,"failureMessages":[]},{"ancestorTitles":["","TransformationPipeline","processAnalysisResult()"],"fullName":" TransformationPipeline processAnalysisResult() adds warning for skipped non-autoFixable issues","status":"passed","title":"adds warning for skipped non-autoFixable issues","duration":1,"failureMessages":[]}],"startTime":1773596194487,"endTime":1773596194498,"status":"passed","message":"","name":"/home/vector/Transferências/RalphLoopInverso/tests/generators/TransformationPipeline.test.ts"},{"assertionResults":[{"ancestorTitles":["","Roo Code Integration","DiffApplyTransformer - Fluxo Completo"],"fullName":" Roo Code Integration DiffApplyTransformer - Fluxo Completo should validate and apply diff successfully","status":"passed","title":"should validate and apply diff successfully","duration":211,"failureMessages":[]},{"ancestorTitles":["","Roo Code Integration","DiffApplyTransformer - Fluxo Completo"],"fullName":" Roo Code Integration DiffApplyTransformer - Fluxo Completo should handle multiple hunks correctly","status":"passed","title":"should handle multiple hunks correctly","duration":23,"failureMessages":[]},{"ancestorTitles":["","Roo Code Integration","DiffApplyTransformer - Fluxo Completo"],"fullName":" Roo Code Integration DiffApplyTransformer - Fluxo Completo should generate diff between files","status":"passed","title":"should generate diff between files","duration":4,"failureMessages":[]},{"ancestorTitles":["","Roo Code Integration","DiffApplyTransformer - Fluxo Completo"],"fullName":" Roo Code Integration DiffApplyTransformer - Fluxo Completo should reject invalid diffs","status":"passed","title":"should reject invalid diffs","duration":4,"failureMessages":[]},{"ancestorTitles":["","Roo Code Integration","TransformationPipeline - Integração com Diffs"],"fullName":" Roo Code Integration TransformationPipeline - Integração com Diffs should process analysis with diff options","status":"passed","title":"should process analysis with diff options","duration":8,"failureMessages":[]},{"ancestorTitles":["","Roo Code Integration","TransformationPipeline - Integração com Diffs"],"fullName":" Roo Code Integration TransformationPipeline - Integração com Diffs should support applyDiffToFile method","status":"passed","title":"should support applyDiffToFile method","duration":732,"failureMessages":[]},{"ancestorTitles":["","Roo Code Integration","TransformationPipeline - Integração com Diffs"],"fullName":" Roo Code Integration TransformationPipeline - Integração com Diffs should support generateDiff method","status":"passed","title":"should support generateDiff method","duration":4,"failureMessages":[]},{"ancestorTitles":["","Roo Code Integration","TransformationPipeline - Integração com Diffs"],"fullName":" Roo Code Integration TransformationPipeline - Integração com Diffs should support validateDiff method","status":"passed","title":"should support validateDiff method","duration":2,"failureMessages":[]},{"ancestorTitles":["","Roo Code Integration","Fuzzy Matching - Aplicação Robusta"],"fullName":" Roo Code Integration Fuzzy Matching - Aplicação Robusta should apply diff with minor content variations","status":"passed","title":"should apply diff with minor content variations","duration":187,"failureMessages":[]},{"ancestorTitles":["","Roo Code Integration","Fuzzy Matching - Aplicação Robusta"],"fullName":" Roo Code Integration Fuzzy Matching - Aplicação Robusta should reject diff with low similarity threshold","status":"passed","title":"should reject diff with low similarity threshold","duration":3,"failureMessages":[]},{"ancestorTitles":["","Roo Code Integration","Tratamento de Erros e Edge Cases"],"fullName":" Roo Code Integration Tratamento de Erros e Edge Cases should handle non-existent file gracefully","status":"passed","title":"should handle non-existent file gracefully","duration":4,"failureMessages":[]},{"ancestorTitles":["","Roo Code Integration","Tratamento de Erros e Edge Cases"],"fullName":" Roo Code Integration Tratamento de Erros e Edge Cases should preserve file encoding correctly","status":"passed","title":"should preserve file encoding correctly","duration":565,"failureMessages":[]},{"ancestorTitles":["","Roo Code Integration","Tratamento de Erros e Edge Cases"],"fullName":" Roo Code Integration Tratamento de Erros e Edge Cases should handle empty diff gracefully","status":"passed","title":"should handle empty diff gracefully","duration":2,"failureMessages
[...]
Titles":["","ImportReplacer","replaceImports() – ES6 imports"],"fullName":" ImportReplacer replaceImports() – ES6 imports preserves import specifiers after replacement","status":"passed","title":"preserves import specifiers after replacement","duration":4,"failureMessages":[]},{"ancestorTitles":["","ImportReplacer","replaceImports() – CommonJS require"],"fullName":" ImportReplacer replaceImports() – CommonJS require replaces a CommonJS require call","status":"passed","title":"replaces a CommonJS require call","duration":8,"failureMessages":[]},{"ancestorTitles":["","ImportReplacer","replaceImports() – CommonJS require"],"fullName":" ImportReplacer replaceImports() – CommonJS require preserves the variable binding after require replacement","status":"passed","title":"preserves the variable binding after require replacement","duration":4,"failureMessages":[]},{"ancestorTitles":["","ImportReplacer","replaceImports() – dynamic imports"],"fullName":" ImportReplacer replaceImports() – dynamic imports replaces a dynamic import()","status":"passed","title":"replaces a dynamic import()","duration":3,"failureMessages":[]},{"ancestorTitles":["","ImportReplacer","replaceImports() – dynamic imports"],"fullName":" ImportReplacer replaceImports() – dynamic imports replaces dynamic import inside async function","status":"passed","title":"replaces dynamic import inside async function","duration":8,"failureMessages":[]},{"ancestorTitles":["","ImportReplacer","replaceImports() – multiple resolutions"],"fullName":" ImportReplacer replaceImports() – multiple resolutions replaces multiple imports in one pass","status":"passed","title":"replaces multiple imports in one pass","duration":5,"failureMessages":[]},{"ancestorTitles":["","ImportReplacer","replaceImports() – multiple resolutions"],"fullName":" ImportReplacer replaceImports() – multiple resolutions records one applied rule per replaced import","status":"passed","title":"records one applied rule per replaced import","duration":4,"failureMessages":[]},{"ancestorTitles":["","ImportReplacer","replaceImports() – multiple resolutions"],"fullName":" ImportReplacer replaceImports() – multiple resolutions returns a valid CodeTransformation object","status":"passed","title":"returns a valid CodeTransformation object","duration":3,"failureMessages":[]},{"ancestorTitles":["","ImportReplacer","replaceImports() – unresolved imports unchanged"],"fullName":" ImportReplacer replaceImports() – unresolved imports unchanged leaves imports not in resolutions list unchanged","status":"passed","title":"leaves imports not in resolutions list unchanged","duration":2,"failureMessages":[]},{"ancestorTitles":["","ImportReplacer","replaceImports() – unresolved imports unchanged"],"fullName":" ImportReplacer replaceImports() – unresolved imports unchanged returns empty appliedRules when no imports match","status":"passed","title":"returns empty appliedRules when no imports match","duration":2,"failureMessages":[]},{"ancestorTitles":["","ImportReplacer","replaceImports() – comment and formatting preservation"],"fullName":" ImportReplacer replaceImports() – comment and formatting preservation preserves inline comments on import lines","status":"passed","title":"preserves inline comments on import lines","duration":2,"failureMessages":[]},{"ancestorTitles":["","ImportReplacer","replaceImports() – comment and formatting preservation"],"fullName":" ImportReplacer replaceImports() – comment and formatting preservation preserves block comments above imports","status":"passed","title":"preserves block comments above imports","duration":3,"failureMessages":[]},{"ancestorTitles":["","ImportReplacer","replaceImports() – comment and formatting preservation"],"fullName":" ImportReplacer replaceImports() – comment and formatting preservation preserves blank lines between import groups","status":"passed","title":"preserves blank lines between import groups","duration":2,"failureMessages":[]},{"ancestorTitles":["","ImportReplacer","replaceImports() – comment and formatting preservation"],"fullName":" ImportReplacer replaceImports() – comment and formatting preservation preserves indentation (spaces) in function body","status":"passed","title":"preserves indentation (spaces) in function body","duration":3,"failureMessages":[]},{"ancestorTitles":["","ImportReplacer","validateSyntax()"],"fullName":" ImportReplacer validateSyntax() returns true for valid JavaScript","status":"passed","title":"returns true for valid JavaScript","duration":1,"failureMessages":[]},{"ancestorTitles":["","ImportReplacer","validateSyntax()"],"fullName":" ImportReplacer validateSyntax() returns true for valid TypeScript","status":"passed","title":"returns true for valid TypeScript","duration":2,"failureMessages":[]},{"ancestorTitles":["","ImportReplacer","validateSyntax()"],"fullName":" ImportReplacer validateSyntax() returns true for empty string","status":"passed","title":"returns true for empty string","duration":0,"failureMessages":[]},{"ancestorTitles":["","ImportReplacer","validateSyntax()"],"fullName":" ImportReplacer validateSyntax() returns false for invalid syntax","status":"passed","title":"returns false for invalid syntax","duration":1,"failureMessages":[]},{"ancestorTitles":["","ImportReplacer","validateSyntax()"],"fullName":" ImportReplacer validateSyntax() returns false for unclosed brackets","status":"passed","title":"returns false for unclosed brackets","duration":1,"failureMessages":[]},{"ancestorTitles":["","ImportReplacer","validateSyntax()"],"fullName":" ImportReplacer validateSyntax() returns true for CommonJS code","status":"passed","title":"returns true for CommonJS code","duration":1,"failureMessages":[]},{"ancestorTitles":["","ImportReplacer","generateDiff()"],"fullName":" ImportReplacer generateDiff() returns empty string when code is identical","status":"passed","title":"returns empty string when code is identical","duration":0,"failureMessages":[]},{"ancestorTitles":["","ImportReplacer","generateDiff()"],"fullName":" ImportReplacer generateDiff() returns a non-empty diff when code differs","status":"passed","title":"returns a non-empty diff when code differs","duration":1,"failureMessages":[]},{"ancestorTitles":["","ImportReplacer","generateDiff()"],"fullName":" ImportReplacer generateDiff() diff contains --- and +++ headers","status":"passed","title":"diff contains --- and +++ headers","duration":0,"failureMessages":[]},{"ancestorTitles":["","ImportReplacer","generateDiff()"],"fullName":" ImportReplacer generateDiff() diff contains @@ hunk header","status":"passed","title":"diff contains @@ hunk header","duration":0,"failureMessages":[]},{"ancestorTitles":["","ImportReplacer","generateDiff()"],"fullName":" ImportReplacer generateDiff() diff shows removed lines with - prefix","status":"passed","title":"diff shows removed lines with - prefix","duration":1,"failureMessages":[]},{"ancestorTitles":["","ImportReplacer","generateDiff()"],"fullName":" ImportReplacer generateDiff() diff shows added lines with + prefix","status":"passed","title":"diff shows added lines with + prefix","duration":0,"failureMessages":[]},{"ancestorTitles":["","ImportReplacer","generateDiff()"],"fullName":" ImportReplacer generateDiff() metadata.diff is populated on replaceImports result","status":"passed","title":"metadata.diff is populated on replaceImports result","duration":1,"failureMessages":[]},{"ancestorTitles":["","ImportReplacer","error handling"],"fullName":" ImportReplacer error handling throws TransformationError for completely invalid source code","status":"passed","title":"throws TransformationError for completely invalid source code","duration":1,"failureMessages":[]},{"ancestorTitles":["","ImportReplacer","error handling"],"fullName":" ImportReplacer error handling TransformationError has operation context","status":"passed","title":"TransformationError has operation context","duration":1,"failureMessages":[]},{"ancestorTitles":["","ImportReplacer","error handling"],"fullName":" ImportReplacer error handling handles empty resolutions array without error","status":"passed","title":"handles empty resolutions array without error","duration":2,"failureMessages":[]},{"ancestorTitles":["","ImportReplacer","error handling"],"fullName":" ImportReplacer error handling handles empty source code without error","status":"passed","title":"handles empty source code without error","duration":1,"failureMessages":[]},{"ancestorTitles":["","ImportReplacer","Task 5.3 – Babel + recast formatting preservation"],"fullName":" ImportReplacer Task 5.3 – Babel + recast formatting preservation preserves single quotes","status":"passed","title":"preserves single quotes","duration":1,"failureMessages":[]},{"ancestorTitles":["","ImportReplacer","Task 5.3 – Babel + recast formatting preservation"],"fullName":" ImportReplacer Task 5.3 – Babel + recast formatting preservation preserves quote style for unchanged code","status":"passed","title":"preserves quote style for unchanged code","duration":1,"failureMessages":[]},{"ancestorTitles":["","ImportReplacer","Task 5.3 – Babel + recast formatting preservation"],"fullName":" ImportReplacer Task 5.3 – Babel + recast formatting preservation preserves semicolons","status":"passed","title":"preserves semicolons","duration":2,"failureMessages":[]},{"ancestorTitles":["","ImportReplacer","Task 5.3 – Babel + recast formatting preservation"],"fullName":" ImportReplacer Task 5.3 – Babel + recast formatting preservation preserves trailing commas in named imports","status":"passed","title":"preserves trailing commas in named imports","duration":2,"failureMessages":[]},{"ancestorTitles":["","ImportReplacer","Task 5.3 – Babel + recast formatting preservation"],"fullName":" ImportReplacer Task 5.3 – Babel + recast formatting preservation preserves JSDoc comments","status":"passed","title":"preserves JSDoc comments","duration":2,"failureMessages":[]},{"ancestorTitles":["","ImportReplacer","Task 5.3 – Babel + recast formatting preservation"],"fullName":" ImportReplacer Task 5.3 – Babel + recast formatting preservation transformed code is syntactically valid","status":"passed","title":"transformed code is syntactically valid","duration":3,"failureMessages":[]}],"startTime":1773596166211,"endTime":1773596166339,"status":"passed","message":"","name":"/home/vector/Transferências/RalphLoopInverso/tests/transformers/ImportReplacer.test.ts"},{"assertionResults":[{"ancestorTitles":["","ConfidenceCalculator","calculate"],"fullName":" ConfidenceCalculator calculate should return perfect score for no issues","status":"passed","title":"should return perfect score for no issues","duration":3,"failureMessages":[]},{"ancestorTitles":["","ConfidenceCalculator","calculate"],"fullName":" ConfidenceCalculator calculate should handle single ghost import (critical issue)","status":"passed","title":"should handle single ghost import (critical issue)","duration":2,"failureMessages":[]},{"ancestorTitles":["","ConfidenceCalculator","calculate"],"fullName":" ConfidenceCalculator calculate should handle single mock API (warning)","status":"passed","title":"should handle single mock API (warning)","duration":1,"failureMessages":[]},{"ancestorTitles":["","ConfidenceCalculator","calculate"],"fullName":" ConfidenceCalculator calculate should handle single WebGL usage (warning)","status":"passed","title":"should handle single WebGL usage (warning)","duration":1,"failureMessages":[]},{"ancestorTitles":["","ConfidenceCalculator","calculate"],"fullName":" ConfidenceCalculator calculate should handle security risk (critical)","status":"passed","title":"should handle security risk (critical)","duration":1,"failureMessages":[]},{"ancestorTitles":["","ConfidenceCalculator","calculate"],"fullName":" ConfidenceCalculator calculate should calculate score decreasing with more issues","status":"passed","title":"should calculate score decreasing with more issues","duration":0,"failureMessages":[]},{"ancestorTitles":["","ConfidenceCalculator","calculate"],"fullName":" ConfidenceCalculator calculate should have higher penalty for errors than warnings","status":"passed","title":"should have higher penalty for errors than warnings","duration":0,"failureMessages":[]},{"ancestorTitles":["","ConfidenceCalculator","calculate"],"fullName":" ConfidenceCalculator calculate should correctly count issues by type","status":"passed","title":"should correctly count issues by type","duration":1,"failureMessages":[]},{"ancestorTitles":["","ConfidenceCalculator","calculate"],"fullName":" ConfidenceCalculator calculate should calculate correct confidence levels","status":"passed","title":"should calculate correct confidence levels","duration":1,"failureMessages":[]},{"ancestorTitles":["","ConfidenceCalculator","getRecommendations"],"fullName":" ConfidenceCalculator getRecommendations should provide critical recommendations","status":"passed","title":"should provide critical recommendations","duration":2,"failureMessages":[]},{"ancestorTitles":["","ConfidenceCalculator","getRecommendations"],"fullName":" ConfidenceCalculator getRecommendations should provide low confidence recommendations","status":"passed","title":"should provide low confidence recommendations","duration":0,"failureMessages":[]},{"ancestorTitles":["","ConfidenceCalculator","getRecommendations"],"fullName":" ConfidenceCalculator getRecommendations should provide medium confidence recommendations","status":"passed","title":"should provide medium confidence recommendations","duration":1,"failureMessages":[]},{"ancestorTitles":["","ConfidenceCalculator","getRecommendations"],"fullName":" ConfidenceCalculator getRecommendations should provide high confidence recommendations","status":"passed","title":"should provide high confidence recommendations","duration":0,"failureMessages":[]},{"ancestorTitles":["","ConfidenceCalculator","getRecommendations"],"fullName":" ConfidenceCalculator getRecommendations should provide excellent confidence recommendations","status":"passed","title":"should provide excellent confidence recommendations","duration":1,"failureMessages":[]},{"ancestorTitles":["","ConfidenceCalculator","getDescription"],"fullName":" ConfidenceCalculator getDescription should return description for critical level","status":"passed","title":"should return description for critical level","duration":1,"failureMessages":[]},{"ancestorTitles":["","ConfidenceCalculator","getDescription"],"fullName":" ConfidenceCalculator getDescription should return description for low level","status":"passed","title":"should return description for low level","duration":0,"failureMessages":[]},{"ancestorTitles":["","ConfidenceCalculator","getDescription"],"fullName":" ConfidenceCalculator getDescription should return description for medium level","status":"passed","title":"should return description for medium level","duration":0,"failureMessages":[]},{"ancestorTitles":["","ConfidenceCalculator","getDescription"],"fullName":" ConfidenceCalculator getDescription should return description for high level","status":"passed","title":"should return description for high level","duration":1,"failureMessages":[]},{"ancestorTitles":["","ConfidenceCalculator","getDescription"],"fullName":" ConfidenceCalculator getDescription should return description for excellent level","status":"passed","title":"should return description for excellent level","duration":0,"failureMessages":[]}],"startTime":1773596170912,"endTime":1773596170929,"status":"passed","message":"","name":"/home/vector/Transferências/RalphLoopInverso/tests/utils/ConfidenceCalculator.test.ts"},{"assertionResults":[{"ancestorTitles":["","E2EValidator"],"fullName":" E2EValidator validates a successful page load without errors","status":"passed","title":"validates a successful page load without errors","duration":7,"failureMessages":[]},{"ancestorTitles":["","E2EValidator"],"fullName":" E2EValidator fails validation on HTTP error","status":"passed","title":"fails validation on HTTP error","duration":2,"failureMessages":[]},{"ancestorTitles":["","E2EValidator"],"fullName":" E2EValidator fails validation if network times out","status":"passed","title":"fails validation if network times out","duration":2,"failureMessages":[]},{"ancestorTitles":["","E2EValidator"],"fullName":" E2EValidator collects JS errors and fails validation if present","status":"passed","title":"collects JS errors and fails validation if present","duration":0,"failureMessages":[]},{"ancestorTitles":["","E2EValidator"],"fullName":" E2EValidator collects console errors but does not necessarily fail on them alone","status":"passed","title":"collects console errors but does not necessarily fail on them alone","duration":2,"failureMessages":[]}],"startTime":1773596195258,"endTime":1773596195271,"status":"passed","message":"","name":"/home/vector/Transferências/RalphLoopInverso/tests/validators/E2EValidator.test.ts"},{"assertionResults":[{"ancestorTitles":["","RuntimeValidator"],"fullName":" RuntimeValidator validates a successful install and boot","status":"passed","title":"validates a successful install and boot","duration":516,"failureMessages":[]},{"ancestorTitles":["","RuntimeValidator"],"fullName":" RuntimeValidator fails validation if npm install fails","status":"passed","title":"fails validation if npm install fails","duration":12,"failureMessages":[]},{"ancestorTitles":["","RuntimeValidator"],"fullName":" RuntimeValidator fails validation if npm run dev exits prematurely","status":"passed","title":"fails validation if npm run dev exits prematurely","duration":12,"failureMessages":[]},{"ancestorTitles":["","RuntimeValidator"],"fullName":" RuntimeValidator fails validation if dev server boot times out","status":"passed","title":"fails validation if dev server boot times out","duration":1012,"failureMessages":[]}],"startTime":1773596194294,"endTime":1773596195847,"status":"passed","message":"","name":"/home/vector/Transferências/RalphLoopInverso/tests/validators/RuntimeValidator.test.ts"},{"assertionResults":[{"ancestorTitles":["","ValidationScorer"],"fullName":" ValidationScorer calculates perfect score for thorough validation","status":"passed","title":"calculates perfect score for thorough validation","duration":5,"failureMessages":[]},{"ancestorTitles":["","ValidationScorer"],"fullName":" ValidationScorer calculates 0.8 score for standard validation with perfect dependencies and sets readyForProduction","status":"passed","title":"calculates 0.8 score for standard validation with perfect dependencies and sets readyForProduction","duration":0,"failureMessages":[]},{"ancestorTitles":["","ValidationScorer"],"fullName":" ValidationScorer calculates 0.4 score for basic validation and is not ready for production","status":"passed","title":"calculates 0.4 score for basic validation and is not ready for production","duration":1,"failureMessages":[]},{"ancestorTitles":["","ValidationScorer"],"fullName":" ValidationScorer penalizes score if npm install fails","status":"passed","title":"penalizes score if npm install fails","duration":0,"failureMessages":[]},{"ancestorTitles":["","ValidationScorer"],"fullName":" ValidationScorer penalizes score if dev server boot fails","status":"passed","title":"penalizes score if dev server boot fails","duration":1,"failureMessages":[]},{"ancestorTitles":["","ValidationScorer"],"fullName":" ValidationScorer recommends investigation of console errors from E2E validation","status":"passed","title":"recommends investigation of console errors from E2E validation","duration":1,"failureMessages":[]},{"ancestorTitles":["","ValidationScorer"],"fullName":" ValidationScorer penalizes score for fatal E2E JS errors and marks unsafe","status":"passed","title":"penalizes score for fatal E2E JS errors and marks unsafe","duration":0,"failureMessages":[]}],"startTime":1773596185845,"endTime":1773596185854,"status":"passed","message":"","name":"/home/vector/Transferências/RalphLoopInverso/tests/validators/ValidationScorer.test.ts"}]}