{"numTotalTestSuites":597,"numPassedTestSuites":563,"numFailedTestSuites":34,"numPendingTestSuites":0,"numTotalTests":1168,"numPassedTests":1121,"numFailedTests":43,"numPendingTests":4,"numTodoTests":0,"snapshot":{"added":0,"failure":false,"filesAdded":0,"filesRemoved":0,"filesRemovedList":[],"filesUnmatched":0,"filesUpdated":0,"matched":0,"total":0,"unchecked":0,"uncheckedKeysByFile":[],"unmatched":0,"updated":0,"didUpdate":false},"startTime":1773693730767,"success":false,"testResults":[{"assertionResults":[{"ancestorTitles":["Refactoring Validation - Moderate Level","Property 1: Parse Result Equivalence"],"fullName":"Refactoring Validation - Moderate Level Property 1: Parse Result Equivalence should produce consistent results for ES6 imports","status":"passed","title":"should produce consistent results for ES6 imports","duration":11.128786999999988,"failureMessages":[],"meta":{},"tags":[]},{"ancestorTitles":["Refactoring Validation - Moderate Level","Property 1: Parse Result Equivalence"],"fullName":"Refactoring Validation - Moderate Level Property 1: Parse Result Equivalence should produce consistent results for CommonJS requires","status":"passed","title":"should produce consistent results for CommonJS requires","duration":6.3314510000000155,"failureMessages":[],"meta":{},"tags":[]},{"ancestorTitles":["Refactoring Validation - Moderate Level","Property 1: Parse Result Equivalence"],"fullName":"Refactoring Validation - Moderate Level Property 1: Parse Result Equivalence should produce consistent results for Mock API calls","status":"passed","title":"should produce consistent results for Mock API calls","duration":1.0635519999999588,"failureMessages":[],"meta":{},"tags":[]},{"ancestorTitles":["Refactoring Validation - Moderate Level","Property 1: Parse Result Equivalence"],"fullName":"Refactoring Validation - Moderate Level Property 1: Parse Result Equivalence should produce consistent results for WebGL usage","status":"passed","title":"should produce consistent results for WebGL usage","duration":4.050017000000025,"failureMessages":[],"meta":{},"tags":[]},{"ancestorTitles":["Refactoring Validation - Moderate Level","Property 1: Parse Result Equivalence"],"fullName":"Refactoring Validation - Moderate Level Property 1: Parse Result Equivalence should produce consistent results for Mixed code","status":"passed","title":"should produce consistent results for Mixed code","duration":1.9521020000000249,"failureMessages":[],"meta":{},"tags":[]},{"ancestorTitles":["Refactoring Validation - Moderate Level","Property 2: Error Handling Equivalence"],"fullName":"Refactoring Validation - Moderate Level Property 2: Error Handling Equivalence should handle empty string consistently","status":"passed","title":"should handle empty string consistently","duration":4.052370999999994,"failureMessages":[],"meta":{},"tags":[]},{"ancestorTitles":["Refactoring Validation - Moderate Level","Property 2: Error Handling Equivalence"],"fullName":"Refactoring Validation - Moderate Level Property 2: Error Handling Equivalence should handle code with no detectable patterns","status":"passed","title":"should handle code with no detectable patterns","duration":5.153981999999985,"failureMessages":[],"meta":{},"tags":[]},{"ancestorTitles":["Refactoring Validation - Moderate Level","Property 3: Performance Validation"],"fullName":"Refactoring Validation - Moderate Level Property 3: Performance Validation should parse large code within acceptable time (<100ms)","status":"passed","title":"should parse large code within acceptable time (<100ms)","duration":23.11793399999999,"failureMessages":[],"meta":{},"tags":[]},{"ancestorTitles":["Refactoring Validation - Moderate Level","Property 4: Sandbox Detection Equivalence"],"fullName":"Refactoring Validation - Moderate Level Property 4: Sandbox Detection Equivalence should detect AI Studio pattern consistently","status":"passed","title":"should detect AI Studio pattern consistently","duration":8.382307000000083,"failureMessages":[],"meta":{},"tags":[]},{"ancestorTitles":["Refactoring Validation - Moderate Level","Property 4: Sandbox Detection Equivalence"],"fullName":"Refactoring Validation - Moderate Level Property 4: Sandbox Detection Equivalence should detect Replit pattern consistently","status":"passed","title":"should detect Replit pattern consistently","duration":3.4946689999999307,"failureMessages":[],"meta":{},"tags":[]},{"ancestorTitles":["Refactoring Validation - Moderate Level","Property 4: Sandbox Detection Equivalence"],"fullName":"Refactoring Validation - Moderate Level Property 4: Sandbox Detection Equivalence should detect No sandbox consistently","status":"passed","title":"should detect No sandbox consistently","duration":0.635042999999996,"failureMessages":[],"meta":{},"tags":[]},{"ancestorTitles":["Refactoring Validation - Moderate Level","Property 5: Confidence Score Consistency"],"fullName":"Refactoring Validation - Moderate Level Property 5: Confidence Score Consistency should calculate confidence score for no issues within expected range","status":"passed","title":"should calculate confidence score for no issues within expected range","duration":7.000850000000014,"failureMessages":[],"meta":{},"tags":[]},{"ancestorTitles":["Refactoring Validation - Moderate Level","Property 5: Confidence Score Consistency"],"fullName":"Refactoring Validation - Moderate Level Property 5: Confidence Score Consistency should calculate confidence score for mock APIs within expected range","status":"passed","title":"should calculate confidence score for mock APIs within expected range","duration":1.0704250000000002,"failureMessages":[],"meta":{},"tags":[]},{"ancestorTitles":["Refactoring Validation - Moderate Level","Property 5: Confidence Score Consistency"],"fullName":"Refactoring Validation - Moderate Level Property 5: Confidence Score Consistency should produce consistent confidence scores for identical code","status":"passed","title":"should produce consistent confidence scores for identical code","duration":1.2122299999999768,"failureMessages":[],"meta":{},"tags":[]},{"ancestorTitles":["Refactoring Validation - Moderate Level","Property 6: Method Signature Stability"],"fullName":"Refactoring Validation - Moderate Level Property 6: Method Signature Stability should maintain JavaScriptAnalyzer public API","status":"passed","title":"should maintain JavaScriptAnalyzer public API","duration":1.2365889999999808,"failureMessages":[],"meta":{},"tags":[]},{"ancestorTitles":["Refactoring Validation - Moderate Level","Property 6: Method Signature Stability"],"fullName":"Refactoring Validation - Moderate Level Property 6: Method Signature Stability should maintain CodeAnalyzer public API","status":"passed","title":"should maintain CodeAnalyzer public API","duration":4.779179999999997,"failureMessages":[],"meta":{},"tags":[]},{"ancestorTitles":["Refactoring Validation - Moderate Level","Property 7: Output Structure Validation"],"fullName":"Refactoring Validation - Moderate Level Property 7: Output Structure Validation should produce valid AnalysisResult structure","status":"passed","title":"should produce valid AnalysisResult structure","duration":1.5154850000000124,"failureMessages":[],"meta":{},"tags":[]}],"startTime":1773693749086,"endTime":1773693749173.5154,"status":"passed","message":"","name":"/home/vector/Documentos/RalphLoopInverso/tests/refactoring-validation.test.ts"},{"assertionResults":[{"ancestorTitles":["generateId"],"fullName":"generateId should generate unique IDs with prefix","status":"passed","title":"should generate unique IDs with prefix","duration":7.659442000000013,"failureMessages":[],"meta":{},"tags":[]},{"ancestorTitles":["generateId"],"fullName":"generateId should handle different prefixes","status":"passed","title":"should handle different prefixes","duration":0.5115319999999883,"failureMessages":[],"meta":{},"tags":[]},{"ancestorTitles":["createErrorResponse"],"fullName":"createErrorResponse should create error response with default severity","status":"passed","title":"should create error response with default severity","duration":1.6510840000000258,"failureMessages":[],"meta":{},"tags":[]},{"ancestorTitles":["createErrorResponse"],"fullName":"createErrorResponse should create error response with custom code","status":"passed","title":"should create error response with custom code","duration":0.5501689999999826,"failureMessages":[],"meta":{},"tags":[]},{"ancestorTitles":["createErrorResponse"],"fullName":"createErrorResponse should create error response with custom severity","status":"passed","title":"should create error response with custom severity","duration":0.5006270000000086,"failureMessages":[],"meta":{},"tags":[]},{"ancestorTitles":["createErrorResponse"],"fullName":"createErrorResponse should have no data in error response","status":"passed","title":"should have no data in error response","duration":0.4286260000000084,"failureMessages":[],"meta":{},"tags":[]},{"ancestorTitles":["createSuccessResponse"],"fullName":"createSuccessResponse should create success response with data","status":"passed","title":"should create success response with data","duration":0.6687489999999912,"failureMessages":[],"meta":{},"tags":[]},{"ancestorTitles":["createSuccessResponse"],"fullName":"createSuccessResponse should have no errors in success response","status":"passed","title":"should have no errors in success response","duration":0.8131490000000099,"failureMessages":[],"meta":{},"tags":[]},{"ancestorTitles":["createSuccessResponse"],"fullName":"createSuccessResponse should handle complex data types","status":"passed","title":"should handle complex data types","duration":0.7831039999999803,"failureMessages":[],"meta":{},"tags":[]}],"startTime":1773693755756,"endTime":1773693755769.7832,"status":"passed","message":"","name":"/home/vector/Documentos/RalphLoopInverso/tests/schemas.test.ts"},{"assertionResults":[{"ancestorTitles":["BoilerplateGenerator","generate"],"fullName":"BoilerplateGenerator generate deve gerar boilerplate de código com contrato válido","status":"skipped","title":"deve gerar boilerplate de código com contrato válido","failureMessages":[],"meta":{},"tags":[]},{"ancestorTitles":["BoilerplateGenerator","generate"],"fullName":"BoilerplateGenerator generate deve gerar código de testes quando solicitado","status":"passed","title":"deve gerar código de testes quando solicitado","duration":10.32057599999996,"failureMessages":[],"meta":{},"tags":[]},{"ancestorTitles":["BoilerplateGenerator","generate"],"fullName":"BoilerplateGenerator generate deve extrair nome do detector das regras do contrato","status":"skipped","title":"deve extrair nome do detector das regras do contrato","failureMessages":[],"meta":{},"tags":[]},{"ancestorTitles":["BoilerplateGenerator","generate"],"fullName":"BoilerplateGenerator generate deve gerar nome padrão se detector_name não existir","status":"skipped","title":"deve gerar nome padrão se detector_name não existir","failureMessages":[],"meta":{},"tags":[]},{"ancestorTitles":["BoilerplateGenerator","extractDetectorName"],"fullName":"BoilerplateGenerator extractDetectorName deve extrair nome da primeira regra com implement_detector","status":"passed","title":"deve extrair nome da primeira regra com implement_detector","duration":1.159037000000012,"failureMessages":[],"meta":{},"tags":[]},{"ancestorTitles":["BoilerplateGenerator","extractDetectorName"],"fullName":"BoilerplateGenerator extractDetectorName deve gerar nome baseado no título se não houver detector_name","status":"skipped","title":"deve gerar nome baseado no título se não houver detector_name","failureMessages":[],"meta":{},"tags":[]},{"ancestorTitles":["BoilerplateGenerator","extractDetectorName"],"fullName":"BoilerplateGenerator extractDetectorName deve lidar com título vazio","status":"passed","title":"deve lidar com título vazio","duration":1.2345990000000029,"failureMessages":[],"meta":{},"tags":[]},{"ancestorTitles":["BoilerplateGenerator","generateDetectorCode"],"fullName":"BoilerplateGenerator generateDetectorCode deve gerar código TypeScript válido","status":"passed","title":"deve gerar código TypeScript válido","duration":1.124435999999946,"failureMessages":[],"meta":{},"tags":[]},{"ancestorTitles":["BoilerplateGenerator","generateDetectorCode"],"fullName":"BoilerplateGenerator generateDetectorCode deve incluir instruções para regras do contrato","status":"passed","title":"deve incluir instruções para regras do contrato","duration":0.7867790000000241,"failureMessages":[],"meta":{},"tags":[]},{"ancestorTitles":["BoilerplateGenerator","generateDetectorCode"],"fullName":"BoilerplateGenerator generateDetectorCode deve incluir casos para cobrir","status":"passed","title":"deve incluir casos para cobrir","duration":0.6810990000000174,"failureMessages":[],"meta":{},"tags":[]},{"ancestorTitles":["BoilerplateGenerator","generateTestCode"],"fullName":"BoilerplateGenerator generateTestCode deve gerar testes usando Vitest","status":"passed","title":"deve gerar testes usando Vitest","duration":0.7738480000000436,"failureMessages":[],"meta":{},"tags":[]},{"ancestorTitles":["BoilerplateGenerator","generateTestCode"],"fullName":"BoilerplateGenerator generateTestCode deve incluir testes unitários e de integração","status":"passed","title":"deve incluir testes unitários e de integração","duration":0.8283979999999929,"failureMessages":[],"meta":{},"tags":[]},{"ancestorTitles":["BoilerplateGenerator","extractCode"],"fullName":"BoilerplateGenerator extractCode deve extrair código de bloco typescript","status":"passed","title":"deve extrair código de bloco typescript","duration":0.9352109999999811,"failureMessages":[],"meta":{},"tags":[]},{"ancestorTitles":["BoilerplateGenerator","extractCode"],"fullName":"BoilerplateGenerator extractCode deve extrair código de bloco ts","status":"passed","title":"deve extrair código de bloco ts","duration":0.6731410000001006,"failureMessages":[],"meta":{},"tags":[]},{"ancestorTitles":["BoilerplateGenerator","extractCode"],"fullName":"BoilerplateGenerator extractCode deve extrair código de bloco genérico","status":"passed","title":"deve extrair código de bloco genérico","duration":0.6370990000000347,"failureMessages":[],"meta":{},"tags":[]},{"ancestorTitles":["BoilerplateGenerator","extractCode"],"fullName":"BoilerplateGenerator extractCode deve retornar resposta direta se não houver blocos","status":"passed","title":"deve retornar resposta direta se não houver blocos","duration":0.5872900000000527,"failureMessages":[],"meta":{},"tags":[]},{"ancestorTitles":["BoilerplateGenerator","extractCode"],"fullName":"BoilerplateGenerator extractCode deve trimar espaços em branco","status":"passed","title":"deve trimar espaços em branco","duration":0.6763059999999541,"failureMessages":[],"meta":{},"tags":[]},{"ancestorTitles":["BoilerplateGenerator","callOllama"],"fullName":"BoilerplateGenerator callOllama deve chamar API do Ollama com parâmetros corretos","status":"passed","title":"deve chamar API do Ollama com parâmetros corretos","duration":4.563922999999932,"failureMessages":[],"meta":{},"tags":[]},{"ancestorTitles":["BoilerplateGenerator","callOllama"],"fullName":"BoilerplateGenerator callOllama deve usar temperatura baixa para código","status":"passed","title":"deve usar temperatura baixa para código","duration":0.7973380000000816,"failureMessages":[],"meta":{},"tags":[]},{"ancestorTitles":["BoilerplateGenerator","callOllama"],"fullName":"BoilerplateGenerator callOllama deve usar timeout de 3 minutos","status":"passed","title":"deve usar timeout de 3 minutos","duration":1.479708999999957,"failureMessages":[],"meta":{},"tags":[]}],"startTime":1773693755287,"endTime":1773693755316.4797,"status":"passed","message":"","name":"/home/vector/Documentos/RalphLoopInverso/qwen-escapekit/tests/boilerplate-generator.test.ts"},{"assertionResults":[{"ancestorTitles":["ContractGenerator","checkOllama"],"fullName":"ContractGenerator checkOllama deve verificar se Ollama está rodando","status":"passed","title":"deve verificar se Ollama está rodando","duration":19.399301000000037,"failureMessages":[],"meta":{},"tags":[]},{"ancestorTitles":["ContractGenerator","checkOllama"],"fullName":"ContractGenerator checkOllama deve lançar erro se Ollama não estiver rodando","status":"passed","title":"deve lançar erro se Ollama não estiver rodando","duration":6.5105989999999565,"failureMessages":[],"meta":{},"tags":[]},{"ancestorTitles":["ContractGenerator","generate"],"fullName":"ContractGenerator generate deve gerar contrato YAML válido com metadados","status":"passed","title":"deve gerar contrato YAML válido com metadados","duration":6.7423350000000255,"failureMessages":[],"meta":{},"tags":[]},{"ancestorTitles":["ContractGenerator","generate"],"fullName":"ContractGenerator generate deve usar modelo configurado","status":"passed","title":"deve usar modelo configurado","duration":10.26155899999992,"failureMessages":[],"meta":{},"tags":[]},{"ancestorTitles":["ContractGenerator","generate"],"fullName":"ContractGenerator generate deve extrair YAML de bloco de código markdown","status":"passed","title":"deve extrair YAML de bloco de código markdown","duration":3.2018399999999474,"failureMessages":[],"meta":{},"tags":[]},{"ancestorTitles":["ContractGenerator","generate"],"fullName":"ContractGenerator generate deve lançar erro se IA retornar formato inesperado","status":"passed","title":"deve lançar erro se IA retornar formato inesperado","duration":8.958667999999989,"failureMessages":[],"meta":{},"tags":[]},{"ancestorTitles":["ContractGenerator","generate"],"fullName":"ContractGenerator generate deve lançar erro se resposta estiver vazia","status":"passed","title":"deve lançar erro se resposta estiver vazia","duration":2.0208909999998923,"failureMessages":[],"meta":{},"tags":[]},{"ancestorTitles":["ContractGenerator","generate"],"fullName":"ContractGenerator generate deve incluir metadados no prompt","status":"passed","title":"deve incluir metadados no prompt","duration":1.1225440000000617,"failureMessages":[],"meta":{},"tags":[]},{"ancestorTitles":["ContractGenerator","generate"],"fullName":"ContractGenerator generate deve usar temperatura configurada","status":"passed","title":"deve usar temperatura configurada","duration":17.951450000000023,"failureMessages":[],"meta":{},"tags":[]},{"ancestorTitles":["ContractGenerator","buildPrompt"],"fullName":"ContractGenerator buildPrompt deve construir prompt estruturado com todos os metadados","status":"passed","title":"deve construir prompt estruturado com todos os metadados","duration":1.2312009999999418,"failureMessages":[],"meta":{},"tags":[]},{"ancestorTitles":["ContractGenerator","buildPrompt"],"fullName":"ContractGenerator buildPrompt deve lidar com metadados ausentes","status":"passed","title":"deve lidar com metadados ausentes","duration":0.9356329999999389,"failureMessages":[],"meta":{},"tags":[]},{"ancestorTitles":["ContractGenerator","extractYaml"],"fullName":"ContractGenerator extractYaml deve extrair YAML de bloco ```yaml","status":"passed","title":"deve extrair YAML de bloco ```yaml","duration":8.173526000000038,"failureMessages":[],"meta":{},"tags":[]},{"ancestorTitles":["ContractGenerator","extractYaml"],"fullName":"ContractGenerator extractYaml deve extrair YAML de bloco ``` genérico","status":"passed","title":"deve extrair YAML de bloco ``` genérico","duration":1.4323609999999007,"failureMessages":[],"meta":{},"tags":[]},{"ancestorTitles":["ContractGenerator","extractYaml"],"fullName":"ContractGenerator extractYaml deve retornar null se não encontrar YAML","status":"passed","title":"deve retornar null se não encontrar YAML","duration":0.7949249999999211,"failureMessages":[],"meta":{},"tags":[]},{"ancestorTitles":["ContractGenerator","extractYaml"],"fullName":"ContractGenerator extractYaml deve retornar resposta direta se parecer YAML","status":"passed","title":"deve retornar resposta direta se parecer YAML","duration":0.8479169999999385,"failureMessages":[],"meta":{},"tags":[]}],"startTime":1773693754481,"endTime":1773693754572.848,"status":"passed","message":"","name":"/home/vector/Documentos/RalphLoopInverso/qwen-escapekit/tests/contract-generator.test.ts"},{"assertionResults":[{"ancestorTitles":["ContractValidator","validate"],"fullName":"ContractValidator validate deve validar contrato bem formado e completo","status":"passed","title":"deve validar contrato bem formado e completo","duration":22.933696999999995,"failureMessages":[],"meta":{},"tags":[]},{"ancestorTitles":["ContractValidator","validate"],"fullName":"ContractValidator validate deve apontar erros para YAML com campos faltando","status":"passed","title":"deve apontar erros para YAML com campos faltando","duration":2.0434079999999994,"failureMessages":[],"meta":{},"tags":[]},{"ancestorTitles":["ContractValidator","validate"],"fullName":"ContractValidator validate deve lançar exceção tratada para YAML mal formatado","status":"passed","title":"deve lançar exceção tratada para YAML mal formatado","duration":1.6848909999999933,"failureMessages":[],"meta":{},"tags":[]},{"ancestorTitles":["ContractValidator","validate"],"fullName":"ContractValidator validate deve validar estrutura de facts","status":"passed","title":"deve validar estrutura de facts","duration":0.96772100000004,"failureMessages":[],"meta":{},"tags":[]},{"ancestorTitles":["ContractValidator","validate"],"fullName":"ContractValidator validate deve validar tipos de fact","status":"passed","title":"deve validar tipos de fact","duration":0.7127009999999814,"failureMessages":[],"meta":{},"tags":[]},{"ancestorTitles":["ContractValidator","validate"],"fullName":"ContractValidator validate deve validar relevância de fact","status":"passed","title":"deve validar relevância de fact","duration":0.5734449999999924,"failureMessages":[],"meta":{},"tags":[]},{"ancestorTitles":["ContractValidator","validate"],"fullName":"ContractValidator validate deve validar estrutura de patterns","status":"passed","title":"deve validar estrutura de patterns","duration":0.48931399999997893,"failureMessages":[],"meta":{},"tags":[]},{"ancestorTitles":["ContractValidator","validate"],"fullName":"ContractValidator validate deve validar estrutura de rules","status":"passed","title":"deve validar estrutura de rules","duration":0.5765170000000239,"failureMessages":[],"meta":{},"tags":[]},{"ancestorTitles":["ContractValidator","validate"],"fullName":"ContractValidator validate deve validar ação de rule","status":"passed","title":"deve validar ação de rule","duration":0.48127199999998993,"failureMessages":[],"meta":{},"tags":[]},{"ancestorTitles":["ContractValidator","validate"],"fullName":"ContractValidator validate deve validar prioridade de rule","status":"passed","title":"deve validar prioridade de rule","duration":1.7001980000000003,"failureMessages":[],"meta":{},"tags":[]},{"ancestorTitles":["ContractValidator","validate"],"fullName":"ContractValidator validate deve validar estrutura de cases","status":"passed","title":"deve validar estrutura de cases","duration":0.670769000000007,"failureMessages":[],"meta":{},"tags":[]},{"ancestorTitles":["ContractValidator","validate"],"fullName":"ContractValidator validate deve validar consistência de referências cruzadas (patterns)","status":"passed","title":"deve validar consistência de referências cruzadas (patterns)","duration":0.4355589999999552,"failureMessages":[],"meta":{},"tags":[]},{"ancestorTitles":["ContractValidator","validate"],"fullName":"ContractValidator validate deve validar consistência de referências cruzadas (facts)","status":"passed","title":"deve validar consistência de referências cruzadas (facts)","duration":0.86011400000001,"failureMessages":[],"meta":{},"tags":[]},{"ancestorTitles":["ContractValidator","validate"],"fullName":"ContractValidator validate deve validar múltiplos erros simultaneamente","status":"passed","title":"deve validar múltiplos erros simultaneamente","duration":1.525649000000044,"failureMessages":[],"meta":{},"tags":[]},{"ancestorTitles":["ContractValidator","validate"],"fullName":"ContractValidator validate deve retornar warnings para campos opcionais faltando","status":"passed","title":"deve retornar warnings para campos opcionais faltando","duration":0.845593000000008,"failureMessages":[],"meta":{},"tags":[]},{"ancestorTitles":["ContractValidator","cenários de uso real"],"fullName":"ContractValidator cenários de uso real deve validar contrato do exemplo do README","status":"passed","title":"deve validar contrato do exemplo do README","duration":0.9748209999999631,"failureMessages":[],"meta":{},"tags":[]}],"startTime":1773693753310,"endTime":1773693753348.9749,"status":"passed","message":"","name":"/home/vector/Documentos/RalphLoopInverso/qwen-escapekit/tests/contract-validator.test.ts"},{"assertionResults":[{"ancestorTitles":["SourceResolver","resolveFromDoi"],"fullName":"SourceResolver resolveFromDoi deve retornar metadados corretos para DOI válido","status":"passed","title":"deve retornar metadados corretos para DOI válido","duration":17.91476899999998,"failureMessages":[],"meta":{},"tags":[]},{"ancestorTitles":["SourceResolver","resolveFromDoi"],"fullName":"SourceResolver resolveFromDoi deve lançar erro para DOI inválido","status":"passed","title":"deve lançar erro para DOI inválido","duration":3.822251999999935,"failureMessages":[],"meta":{},"tags":[]},{"ancestorTitles":["SourceResolver","resolveFromDoi"],"fullName":"SourceResolver resolveFromDoi deve delegar para arXiv quando DOI começar com arXiv:","status":"passed","title":"deve delegar para arXiv quando DOI começar com arXiv:","duration":7.3496189999999615,"failureMessages":[],"meta":{},"tags":[]},{"ancestorTitles":["SourceResolver","resolveFromArxiv"],"fullName":"SourceResolver resolveFromArxiv deve lidar com erro quando arXiv não retorna dados","status":"passed","title":"deve lidar com erro quando arXiv não retorna dados","duration":1.7955540000000383,"failureMessages":[],"meta":{},"tags":[]},{"ancestorTitles":["SourceResolver","resolveFromUrl"],"fullName":"SourceResolver resolveFromUrl deve extrair título de URL genérica","status":"passed","title":"deve extrair título de URL genérica","duration":1.286442999999963,"failureMessages":[],"meta":{},"tags":[]},{"ancestorTitles":["SourceResolver","resolveFromUrl"],"fullName":"SourceResolver resolveFromUrl deve detectar DOI em URL doi.org","status":"passed","title":"deve detectar DOI em URL doi.org","duration":0.7934400000000323,"failureMessages":[],"meta":{},"tags":[]},{"ancestorTitles":["SourceResolver","resolveFromUrl"],"fullName":"SourceResolver resolveFromUrl deve lançar erro para URL inacessível","status":"passed","title":"deve lançar erro para URL inacessível","duration":11.347937000000002,"failureMessages":[],"meta":{},"tags":[]},{"ancestorTitles":["SourceResolver","resolveFromPdf"],"fullName":"SourceResolver resolveFromPdf deve lidar com erro quando PDF não existe","status":"passed","title":"deve lidar com erro quando PDF não existe","duration":25.051027999999974,"failureMessages":[],"meta":{},"tags":[]},{"ancestorTitles":["SourceResolver","detectação automática de tipo de fonte"],"fullName":"SourceResolver detectação automática de tipo de fonte deve detectar DOI puro (10.xxxx/yyyy)","status":"passed","title":"deve detectar DOI puro (10.xxxx/yyyy)","duration":0.9403300000000172,"failureMessages":[],"meta":{},"tags":[]},{"ancestorTitles":["SourceResolver","detectação automática de tipo de fonte"],"fullName":"SourceResolver detectação automática de tipo de fonte deve detectar URL do DOI.org","status":"passed","title":"deve detectar URL do DOI.org","duration":0.8285670000000209,"failureMessages":[],"meta":{},"tags":[]},{"ancestorTitles":["SourceResolver","detectação automática de tipo de fonte"],"fullName":"SourceResolver detectação automática de tipo de fonte deve detectar URL genérica","status":"passed","title":"deve detectar URL genérica","duration":0.8269159999999829,"failureMessages":[],"meta":{},"tags":[]},{"ancestorTitles":["SourceResolver","tratamento de erros"],"fullName":"SourceResolver tratamento de erros deve fornecer mensagem de erro amigável para API indisponível","status":"passed","title":"deve fornecer mensagem de erro amigável para API indisponível","duration":1.3015239999999721,"failureMessages":[],"meta":{},"tags":[]},{"ancestorTitles":["SourceResolver","tratamento de erros"],"fullName":"SourceResolver tratamento de erros deve lidar com resposta vazia da API","status":"passed","title":"deve lidar com resposta vazia da API","duration":1.0886859999999388,"failureMessages":[],"meta":{},"tags":[]}],"startTime":1773693752096,"endTime":1773693752175.0886,"status":"passed","message":"","name":"/home/vector/Documentos/RalphLoopInverso/qwen-escapekit/tests/source-resolver.test.ts"},{"assertionResults":[{"ancestorTitles":["CustomTestParser","canHandle"],"fullName":"CustomTestParser canHandle should identify custom JSON files correctly","status":"passed","title":"should identify custom JSON files correctly","duration":5.625022999999999,"failureMessages":[],"meta":{},"tags":[]},{"ancestorTitles":["CustomTestParser","canHandle"],"fullName":"CustomTestParser canHandle should reject invalid JSON","status":"passed","title":"should reject invalid JSON","duration":0.6448840000000473,"failureMessages":[],"meta":{},"tags":[]},{"ancestorTitles":["CustomTestParser","canHandle"],"fullName":"CustomTestParser canHandle should reject JSON without tests array","status":"passed","title":"should reject JSON without tests array","duration":0.698553000000004,"failureMessages":[],"meta":{},"tags":[]},{"ancestorTitles":["CustomTestParser","getFrameworkName"],"fullName":"CustomTestParser getFrameworkName should return correct framework name","status":"passed","title":"should return correct framework name","duration":0.9062680000000114,"failureMessages":[],"meta":{},"tags":[]},{"ancestorTitles":["CustomTestParser","getFrameworkName"],"fullName":"CustomTestParser getFrameworkName should return custom framework name if schema provided","status":"passed","title":"should return custom framework name if schema provided","duration":0.500127999999961,"failureMessages":[],"meta":{},"tags":[]},{"ancestorTitles":["CustomTestParser","load"],"fullName":"CustomTestParser load should parse custom JSON with passed tests","status":"passed","title":"should parse custom JSON with passed tests","duration":2.8105540000000246,"failureMessages":[],"meta":{},"tags":[]},{"ancestorTitles":["CustomTestParser","load"],"fullName":"CustomTestParser load should parse custom JSON with failed tests","status":"passed","title":"should parse custom JSON with failed tests","duration":1.3864469999999756,"failureMessages":[],"meta":{},"tags":[]},{"ancestorTitles":["CustomTestParser","load"],"fullName":"CustomTestParser load should parse custom JSON with skipped tests","status":"passed","title":"should parse custom JSON with skipped tests","duration":0.8356809999999655,"failureMessages":[],"meta":{},"tags":[]},{"ancestorTitles":["CustomTestParser","load"],"fullName":"CustomTestParser load should filter out skipped tests when configured","status":"passed","title":"should filter out skipped tests when configured","duration":1.153030000000001,"failureMessages":[],"meta":{},"tags":[]},{"ancestorTitles":["CustomTestParser","load"],"fullName":"CustomTestParser load should normalize test case names correctly","status":"passed","title":"should normalize test case names correctly","duration":2.391670999999974,"failureMessages":[],"meta":{},"tags":[]},{"ancestorTitles":["CustomTestParser","load"],"fullName":"CustomTestParser load should support custom transform function","status":"passed","title":"should support custom transform function","duration":1.0311019999999758,"failureMessages":[],"meta":{},"tags":[]},{"ancestorTitles":["CustomTestParser","load"],"fullName":"CustomTestParser load should load from file path","status":"passed","title":"should load from file path","duration":3.0963160000000016,"failureMessages":[],"meta":{},"tags":[]},{"ancestorTitles":["CustomTestParser","status mapping"],"fullName":"CustomTestParser status mapping should map various status values correctly","status":"passed","title":"should map various status values correctly","duration":1.6630010000000084,"failureMessages":[],"meta":{},"tags":[]},{"ancestorTitles":["CustomTestParser","edge cases"],"fullName":"CustomTestParser edge cases should handle empty test results","status":"passed","title":"should handle empty test results","duration":0.7701250000000073,"failureMessages":[],"meta":{},"tags":[]},{"ancestorTitles":["CustomTestParser","edge cases"],"fullName":"CustomTestParser edge cases should handle malformed JSON gracefully","status":"passed","title":"should handle malformed JSON gracefully","duration":2.708898999999974,"failureMessages":[],"meta":{},"tags":[]},{"ancestorTitles":["CustomTestParser","edge cases"],"fullName":"CustomTestParser edge cases should mark tests as failed if they exceed max duration","status":"passed","title":"should mark tests as failed if they exceed max duration","duration":0.9368709999999965,"failureMessages":[],"meta":{},"tags":[]},{"ancestorTitles":["Helper Functions","createCustomTestResult"],"fullName":"Helper Functions createCustomTestResult should create a valid custom test result object","status":"passed","title":"should create a valid custom test result object","duration":1.3025049999999965,"failureMessages":[],"meta":{},"tags":[]},{"ancestorTitles":["Helper Functions","exampleTransform"],"fullName":"Helper Functions exampleTransform should transform a custom test case to test result","status":"passed","title":"should transform a custom test case to test result","duration":0.6996829999999932,"failureMessages":[],"meta":{},"tags":[]},{"ancestorTitles":["Helper Functions","exampleTransform"],"fullName":"Helper Functions exampleTransform should transform a failed test case","status":"passed","title":"should transform a failed test case","duration":0.33344399999998586,"failureMessages":[],"meta":{},"tags":[]}],"startTime":1773693755409,"endTime":1773693755440.3335,"status":"passed","message":"","name":"/home/vector/Documentos/RalphLoopInverso/tests/adapters/custom-parser.test.ts"},{"assertionResults":[{"ancestorTitles":["MochaAdapter","canHandle"],"fullName":"MochaAdapter canHandle should identify Mocha XML files correctly","status":"passed","title":"should identify Mocha XML files correctly","duration":8.655658000000017,"failureMessages":[],"meta":{},"tags":[]},{"ancestorTitles":["MochaAdapter","canHandle"],"fullName":"MochaAdapter canHandle should reject non-Mocha XML files","status":"passed","title":"should reject non-Mocha XML files","duration":3.893326000000002,"failureMessages":[],"meta":{},"tags":[]},{"ancestorTitles":["MochaAdapter","canHandle"],"fullName":"MochaAdapter canHandle should reject non-XML files","status":"passed","title":"should reject non-XML files","duration":0.7687400000000366,"failureMessages":[],"meta":{},"tags":[]},{"ancestorTitles":["MochaAdapter","canHandle"],"fullName":"MochaAdapter canHandle should identify XML content directly","status":"passed","title":"should identify XML content directly","duration":0.9602100000000178,"failureMessages":[],"meta":{},"tags":[]},{"ancestorTitles":["MochaAdapter","getFrameworkName"],"fullName":"MochaAdapter getFrameworkName should return correct framework name","status":"passed","title":"should return correct framework name","duration":3.180336000000011,"failureMessages":[],"meta":{},"tags":[]},{"ancestorTitles":["MochaAdapter","load"],"fullName":"MochaAdapter load should parse Mocha XML output with passed tests","status":"passed","title":"should parse Mocha XML output with passed tests","duration":4.794009000000017,"failureMessages":[],"meta":{},"tags":[]},{"ancestorTitles":["MochaAdapter","load"],"fullName":"MochaAdapter load should parse Mocha XML output with failed tests","status":"passed","title":"should parse Mocha XML output with failed tests","duration":2.5319580000000315,"failureMessages":[],"meta":{},"tags":[]},{"ancestorTitles":["MochaAdapter","load"],"fullName":"MochaAdapter load should parse Mocha XML output with skipped tests","status":"passed","title":"should parse Mocha XML output with skipped tests","duration":0.9057109999999966,"failureMessages":[],"meta":{},"tags":[]},{"ancestorTitles":["MochaAdapter","load"],"fullName":"MochaAdapter load should filter out skipped tests when configured","status":"passed","title":"should filter out skipped tests when configured","duration":1.2063989999999762,"failureMessages":[],"meta":{},"tags":[]},{"ancestorTitles":["MochaAdapter","load"],"fullName":"MochaAdapter load should normalize test case names correctly","status":"passed","title":"should normalize test case names correctly","duration":1.2981379999999945,"failureMessages":[],"meta":{},"tags":[]},{"ancestorTitles":["MochaAdapter","load"],"fullName":"MochaAdapter load should handle test errors","status":"passed","title":"should handle test errors","duration":1.1419119999999907,"failureMessages":[],"meta":{},"tags":[]},{"ancestorTitles":["MochaAdapter","load"],"fullName":"MochaAdapter load should load from file path","status":"passed","title":"should load from file path","duration":4.1221479999999815,"failureMessages":[],"meta":{},"tags":[]},{"ancestorTitles":["MochaAdapter","edge cases"],"fullName":"MochaAdapter edge cases should handle empty test results","status":"passed","title":"should handle empty test results","duration":1.0342149999999606,"failureMessages":[],"meta":{},"tags":[]},{"ancestorTitles":["MochaAdapter","edge cases"],"fullName":"MochaAdapter edge cases should handle malformed XML gracefully","status":"passed","title":"should handle malformed XML gracefully","duration":2.6654570000000035,"failureMessages":[],"meta":{},"tags":[]},{"ancestorTitles":["MochaAdapter","edge cases"],"fullName":"MochaAdapter edge cases should handle single testsuite without testsuites wrapper","status":"passed","title":"should handle single testsuite without testsuites wrapper","duration":1.1377479999999878,"failureMessages":[],"meta":{},"tags":[]}],"startTime":1773693756846,"endTime":1773693756886.1377,"status":"passed","message":"","name":"/home/vector/Documentos/RalphLoopInverso/tests/adapters/mocha-adapter.test.ts"},{"assertionResults":[{"ancestorTitles":["VitestAdapter","canHandle"],"fullName":"VitestAdapter canHandle should identify Vitest JSON files correctly","status":"passed","title":"should identify Vitest JSON files correctly","duration":4.441494000000034,"failureMessages":[],"meta":{},"tags":[]},{"ancestorTitles":["VitestAdapter","canHandle"],"fullName":"VitestAdapter canHandle should reject non-Vitest JSON files","status":"passed","title":"should reject non-Vitest JSON files","duration":0.6107380000000262,"failureMessages":[],"meta":{},"tags":[]},{"ancestorTitles":["VitestAdapter","canHandle"],"fullName":"VitestAdapter canHandle should reject non-JSON files","status":"passed","title":"should reject non-JSON files","duration":0.563539999999989,"failureMessages":[],"meta":{},"tags":[]},{"ancestorTitles":["VitestAdapter","getFrameworkName"],"fullName":"VitestAdapter getFrameworkName should return correct framework name","status":"passed","title":"should return correct framework name","duration":0.8399610000000166,"failureMessages":[],"meta":{},"tags":[]},{"ancestorTitles":["VitestAdapter","load"],"fullName":"VitestAdapter load should parse Vitest JSON output with passed tests","status":"passed","title":"should parse Vitest JSON output with passed tests","duration":3.3257770000000164,"failureMessages":[],"meta":{},"tags":[]},{"ancestorTitles":["VitestAdapter","load"],"fullName":"VitestAdapter load should parse Vitest JSON output with failed tests","status":"passed","title":"should parse Vitest JSON output with failed tests","duration":1.1845749999999953,"failureMessages":[],"meta":{},"tags":[]},{"ancestorTitles":["VitestAdapter","load"],"fullName":"VitestAdapter load should parse Vitest JSON output with skipped tests","status":"passed","title":"should parse Vitest JSON output with skipped tests","duration":1.021568000000002,"failureMessages":[],"meta":{},"tags":[]},{"ancestorTitles":["VitestAdapter","load"],"fullName":"VitestAdapter load should filter out skipped tests when configured","status":"passed","title":"should filter out skipped tests when configured","duration":0.8647169999999846,"failureMessages":[],"meta":{},"tags":[]},{"ancestorTitles":["VitestAdapter","load"],"fullName":"VitestAdapter load should normalize test case names correctly","status":"passed","title":"should normalize test case names correctly","duration":1.3437490000000025,"failureMessages":[],"meta":{},"tags":[]},{"ancestorTitles":["VitestAdapter","load"],"fullName":"VitestAdapter load should mark tests as failed if they exceed max duration","status":"passed","title":"should mark tests as failed if they exceed max duration","duration":0.8812760000000139,"failureMessages":[],"meta":{},"tags":[]},{"ancestorTitles":["VitestAdapter","load"],"fullName":"VitestAdapter load should load from file path","status":"passed","title":"should load from file path","duration":1.2240439999999921,"failureMessages":[],"meta":{},"tags":[]},{"ancestorTitles":["VitestAdapter","edge cases"],"fullName":"VitestAdapter edge cases should handle empty test results","status":"passed","title":"should handle empty test results","duration":0.6939849999999979,"failureMessages":[],"meta":{},"tags":[]},{"ancestorTitles":["VitestAdapter","edge cases"],"fullName":"VitestAdapter edge cases should handle malformed JSON gracefully","status":"passed","title":"should handle malformed JSON gracefully","duration":1.9742460000000506,"failureMessages":[],"meta":{},"tags":[]}],"startTime":1773693752938,"endTime":1773693752957.9744,"status":"passed","message":"","name":"/home/vector/Documentos/RalphLoopInverso/tests/adapters/vitest-adapter.test.ts"},{"assertionResults":[{"ancestorTitles":["CodeAnalyzer Integration (mocked)","analyze()"],"fullName":"CodeAnalyzer Integration (mocked) analyze() should analyze code with imports and detect ghost imports","status":"failed","title":"should analyze code with imports and detect ghost imports","duration":19.157253999999966,"failureMessages":["TypeError: () => ({\n    packageExists: __vite_ssr_import_0__.vi.fn().mockImplementation(\n      async (name) => knownPackag...<omitted>...}) is not a constructor\n    at new Mock (file:///home/vector/Documentos/RalphLoopInverso/node_modules/@vitest/spy/dist/index.js:309:27)\n    at new CodeAnalyzer (/home/vector/Documentos/RalphLoopInverso/src/analyzers/CodeAnalyzer.ts:51:21)\n    at /home/vector/Documentos/RalphLoopInverso/tests/analyzers/CodeAnalyzer.integration.test.ts:47:16\n    at file:///home/vector/Documentos/RalphLoopInverso/node_modules/@vitest/runner/dist/index.js:296:11\n    at wrapper (file:///home/vector/Documentos/RalphLoopInverso/node_modules/@vitest/runner/dist/index.js:655:10)\n    at file:///home/vector/Documentos/RalphLoopInverso/node_modules/@vitest/runner/dist/index.js:1660:20\n    at new Promise (<anonymous>)\n    at runWithTimeout (file:///home/vector/Documentos/RalphLoopInverso/node_modules/@vitest/runner/dist/index.js:1627:10)\n    at file:///home/vector/Documentos/RalphLoopInverso/node_modules/@vitest/runner/dist/index.js:1975:52\n    at run (file:///home/vector/Documentos/RalphLoopInverso/node_modules/@vitest/runner/dist/chunk-tasks.js:276:20)"],"meta":{},"tags":[]},{"ancestorTitles":["CodeAnalyzer Integration (mocked)","analyze()"],"fullName":"CodeAnalyzer Integration (mocked) analyze() should detect mock API calls","status":"failed","title":"should detect mock API calls","duration":4.097686999999951,"failureMessages":["TypeError: () => ({\n    packageExists: __vite_ssr_import_0__.vi.fn().mockImplementation(\n      async (name) => knownPackag...<omitted>...}) is not a constructor\n    at new Mock (file:///home/vector/Documentos/RalphLoopInverso/node_modules/@vitest/spy/dist/index.js:309:27)\n    at new CodeAnalyzer (/home/vector/Documentos/RalphLoopInverso/src/analyzers/CodeAnalyzer.ts:51:21)\n    at /home/vector/Documentos/RalphLoopInverso/tests/analyzers/CodeAnalyzer.integration.test.ts:47:16\n    at file:///home/vector/Documentos/RalphLoopInverso/node_modules/@vitest/runner/dist/index.js:296:11\n    at wrapper (file:///home/vector/Documentos/RalphLoopInverso/node_modules/@vitest/runner/dist/index.js:655:10)\n    at file:///home/vector/Documentos/RalphLoopInverso/node_modules/@vitest/runner/dist/index.js:1660:20\n    at new Promise (<anonymous>)\n    at runWithTimeout (file:///home/vector/Documentos/RalphLoopInverso/node_modules/@vitest/runner/dist/index.js:1627:10)\n    at file:///home/vector/Documentos/RalphLoopInverso/node_modules/@vitest/runner/dist/index.js:1975:52\n    at run (file:///home/vector/Documentos/RalphLoopInverso/node_modules/@vitest/runner/dist/chunk-tasks.js:276:20)"],"meta":{},"tags":[]},{"ancestorTitles":["CodeAnalyzer Integration (mocked)","analyze()"],"fullName":"CodeAnalyzer Integration (mocked) analyze() should detect WebGL usage","status":"failed","title":"should detect WebGL usage","duration":1.630076000000031,"failureMessages":["TypeError: () => ({\n    packageExists: __vite_ssr_import_0__.vi.fn().mockImplementation(\n      async (name) => knownPackag...<omitted>...}) is not a constructor\n    at new Mock (file:///home/vector/Documentos/RalphLoopInverso/node_modules/@vitest/spy/dist/index.js:309:27)\n    at new CodeAnalyzer (/home/vector/Documentos/RalphLoopInverso/src/analyzers/CodeAnalyzer.ts:51:21)\n    at /home/vector/Documentos/RalphLoopInverso/tests/analyzers/CodeAnalyzer.integration.test.ts:47:16\n    at file:///home/vector/Documentos/RalphLoopInverso/node_modules/@vitest/runner/dist/index.js:296:11\n    at wrapper (file:///home/vector/Documentos/RalphLoopInverso/node_modules/@vitest/runner/dist/index.js:655:10)\n    at file:///home/vector/Documentos/RalphLoopInverso/node_modules/@vitest/runner/dist/index.js:1660:20\n    at new Promise (<anonymous>)\n    at runWithTimeout (file:///home/vector/Documentos/RalphLoopInverso/node_modules/@vitest/runner/dist/index.js:1627:10)\n    at file:///home/vector/Documentos/RalphLoopInverso/node_modules/@vitest/runner/dist/index.js:1975:52\n    at run (file:///home/vector/Documentos/RalphLoopInverso/node_modules/@vitest/runner/dist/chunk-tasks.js:276:20)"],"meta":{},"tags":[]},{"ancestorTitles":["CodeAnalyzer Integration (mocked)","analyze()"],"fullName":"CodeAnalyzer Integration (mocked) analyze() should detect sandbox type","status":"failed","title":"should detect sandbox type","duration":1.3008710000000292,"failureMessages":["TypeError: () => ({\n    packageExists: __vite_ssr_import_0__.vi.fn().mockImplementation(\n      async (name) => knownPackag...<omitted>...}) is not a constructor\n    at new Mock (file:///home/vector/Documentos/RalphLoopInverso/node_modules/@vitest/spy/dist/index.js:309:27)\n    at new CodeAnalyzer (/home/vector/Documentos/RalphLoopInverso/src/analyzers/CodeAnalyzer.ts:51:21)\n    at /home/vector/Documentos/RalphLoopInverso/tests/analyzers/CodeAnalyzer.integration.test.ts:47:16\n    at file:///home/vector/Documentos/RalphLoopInverso/node_modules/@vitest/runner/dist/index.js:296:11\n    at wrapper (file:///home/vector/Documentos/RalphLoopInverso/node_modules/@vitest/runner/dist/index.js:655:10)\n    at file:///home/vector/Documentos/RalphLoopInverso/node_modules/@vitest/runner/dist/index.js:1660:20\n    at new Promise (<anonymous>)\n    at runWithTimeout (file:///home/vector/Documentos/RalphLoopInverso/node_modules/@vitest/runner/dist/index.js:1627:10)\n    at file:///home/vector/Documentos/RalphLoopInverso/node_modules/@vitest/runner/dist/index.js:1975:52\n    at run (file:///home/vector/Documentos/RalphLoopInverso/node_modules/@vitest/runner/dist/chunk-tasks.js:276:20)"],"meta":{},"tags":[]},{"ancestorTitles":["CodeAnalyzer Integration (mocked)","analyze()"],"fullName":"CodeAnalyzer Integration (mocked) analyze() should calculate confidence score","status":"failed","title":"should calculate confidence score","duration":1.1769720000000916,"failureMessages":["TypeError: () => ({\n    packageExists: __vite_ssr_import_0__.vi.fn().mockImplementation(\n      async (name) => knownPackag...<omitted>...}) is not a constructor\n    at new Mock (file:///home/vector/Documentos/RalphLoopInverso/node_modules/@vitest/spy/dist/index.js:309:27)\n    at new CodeAnalyzer (/home/vector/Documentos/RalphLoopInverso/src/analyzers/CodeAnalyzer.ts:51:21)\n    at /home/vector/Documentos/RalphLoopInverso/tests/analyzers/CodeAnalyzer.integration.test.ts:47:16\n    at file:///home/vector/Documentos/RalphLoopInverso/node_modules/@vitest/runner/dist/index.js:296:11\n    at wrapper (file:///home/vector/Documentos/RalphLoopInverso/node_modules/@vitest/runner/dist/index.js:655:10)\n    at file:///home/vector/Documentos/RalphLoopInverso/node_modules/@vitest/runner/dist/index.js:1660:20\n    at new Promise (<anonymous>)\n    at runWithTimeout (file:///home/vector/Documentos/RalphLoopInverso/node_modules/@vitest/runner/dist/index.js:1627:10)\n    at file:///home/vector/Documentos/RalphLoopInverso/node_modules/@vitest/runner/dist/index.js:1975:52\n    at run (file:///home/vector/Documentos/RalphLoopInverso/node_modules/@vitest/runner/dist/chunk-tasks.js:276:20)"],"meta":{},"tags":[]},{"ancestorTitles":["CodeAnalyzer Integration (mocked)","analyze()"],"fullName":"CodeAnalyzer Integration (mocked) analyze() should handle empty code","status":"failed","title":"should handle empty code","duration":1.7573840000000018,"failureMessages":["TypeError: () => ({\n    packageExists: __vite_ssr_import_0__.vi.fn().mockImplementation(\n      async (name) => knownPackag...<omitted>...}) is not a constructor\n    at new Mock (file:///home/vector/Documentos/RalphLoopInverso/node_modules/@vitest/spy/dist/index.js:309:27)\n    at new CodeAnalyzer (/home/vector/Documentos/RalphLoopInverso/src/analyzers/CodeAnalyzer.ts:51:21)\n    at /home/vector/Documentos/RalphLoopInverso/tests/analyzers/CodeAnalyzer.integration.test.ts:47:16\n    at file:///home/vector/Documentos/RalphLoopInverso/node_modules/@vitest/runner/dist/index.js:296:11\n    at wrapper (file:///home/vector/Documentos/RalphLoopInverso/node_modules/@vitest/runner/dist/index.js:655:10)\n    at file:///home/vector/Documentos/RalphLoopInverso/node_modules/@vitest/runner/dist/index.js:1660:20\n    at new Promise (<anonymous>)\n    at runWithTimeout (file:///home/vector/Documentos/RalphLoopInverso/node_modules/@vitest/runner/dist/index.js:1627:10)\n    at file:///home/vector/Documentos/RalphLoopInverso/node_modules/@vitest/runner/dist/index.js:1975:52\n    at run (file:///home/vector/Documentos/RalphLoopInverso/node_modules/@vitest/runner/dist/chunk-tasks.js:276:20)"],"meta":{},"tags":[]},{"ancestorTitles":["CodeAnalyzer Integration (mocked)","analyze()"],"fullName":"CodeAnalyzer Integration (mocked) analyze() should use provided sandbox type","status":"failed","title":"should use provided sandbox type","duration":3.7625059999999166,"failureMessages":["TypeError: () => ({\n    packageExists: __vite_ssr_import_0__.vi.fn().mockImplementation(\n      async (name) => knownPackag...<omitted>...}) is not a constructor\n    at new Mock (file:///home/vector/Documentos/RalphLoopInverso/node_modules/@vitest/spy/dist/index.js:309:27)\n    at new CodeAnalyzer (/home/vector/Documentos/RalphLoopInverso/src/analyzers/CodeAnalyzer.ts:51:21)\n    at /home/vector/Documentos/RalphLoopInverso/tests/analyzers/CodeAnalyzer.integration.test.ts:47:16\n    at file:///home/vector/Documentos/RalphLoopInverso/node_modules/@vitest/runner/dist/index.js:296:11\n    at wrapper (file:///home/vector/Documentos/RalphLoopInverso/node_modules/@vitest/runner/dist/index.js:655:10)\n    at file:///home/vector/Documentos/RalphLoopInverso/node_modules/@vitest/runner/dist/index.js:1660:20\n    at new Promise (<anonymous>)\n    at runWithTimeout (file:///home/vector/Documentos/RalphLoopInverso/node_modules/@vitest/runner/dist/index.js:1627:10)\n    at file:///home/vector/Documentos/RalphLoopInverso/node_modules/@vitest/runner/dist/index.js:1975:52\n    at run (file:///home/vector/Documentos/RalphLoopInverso/node_modules/@vitest/runner/dist/chunk-tasks.js:276:20)"],"meta":{},"tags":[]},{"ancestorTitles":["CodeAnalyzer Integration (mocked)","analyze()"],"fullName":"CodeAnalyzer Integration (mocked) analyze() should perform security analysis when enabled","status":"failed","title":"should perform security analysis when enabled","duration":1.6476599999999735,"failureMessages":["TypeError: () => ({\n    packageExists: __vite_ssr_import_0__.vi.fn().mockImplementation(\n      async (name) => knownPackag...<omitted>...}) is not a constructor\n    at new Mock (file:///home/vector/Documentos/RalphLoopInverso/node_modules/@vitest/spy/dist/index.js:309:27)\n    at new CodeAnalyzer (/home/vector/Documentos/RalphLoopInverso/src/analyzers/CodeAnalyzer.ts:51:21)\n    at /home/vector/Documentos/RalphLoopInverso/tests/analyzers/CodeAnalyzer.integration.test.ts:47:16\n    at file:///home/vector/Documentos/RalphLoopInverso/node_modules/@vitest/runner/dist/index.js:296:11\n    at wrapper (file:///home/vector/Documentos/RalphLoopInverso/node_modules/@vitest/runner/dist/index.js:655:10)\n    at file:///home/vector/Documentos/RalphLoopInverso/node_modules/@vitest/runner/dist/index.js:1660:20\n    at new Promise (<anonymous>)\n    at runWithTimeout (file:///home/vector/Documentos/RalphLoopInverso/node_modules/@vitest/runner/dist/index.js:1627:10)\n    at file:///home/vector/Documentos/RalphLoopInverso/node_modules/@vitest/runner/dist/index.js:1975:52\n    at run (file:///home/vector/Documentos/RalphLoopInverso/node_modules/@vitest/runner/dist/chunk-tasks.js:276:20)"],"meta":{},"tags":[]},{"ancestorTitles":["CodeAnalyzer Integration (mocked)","analyze()"],"fullName":"CodeAnalyzer Integration (mocked) analyze() should skip security analysis when disabled","status":"failed","title":"should skip security analysis when disabled","duration":2.2596750000000156,"failureMessages":["TypeError: () => ({\n    packageExists: __vite_ssr_import_0__.vi.fn().mockImplementation(\n      async (name) => knownPackag...<omitted>...}) is not a constructor\n    at new Mock (file:///home/vector/Documentos/RalphLoopInverso/node_modules/@vitest/spy/dist/index.js:309:27)\n    at new CodeAnalyzer (/home/vector/Documentos/RalphLoopInverso/src/analyzers/CodeAnalyzer.ts:51:21)\n    at /home/vector/Documentos/RalphLoopInverso/tests/analyzers/CodeAnalyzer.integration.test.ts:47:16\n    at file:///home/vector/Documentos/RalphLoopInverso/node_modules/@vitest/runner/dist/index.js:296:11\n    at wrapper (file:///home/vector/Documentos/RalphLoopInverso/node_modules/@vitest/runner/dist/index.js:655:10)\n    at file:///home/vector/Documentos/RalphLoopInverso/node_modules/@vitest/runner/dist/index.js:1660:20\n    at new Promise (<anonymous>)\n    at runWithTimeout (file:///home/vector/Documentos/RalphLoopInverso/node_modules/@vitest/runner/dist/index.js:1627:10)\n    at file:///home/vector/Documentos/RalphLoopInverso/node_modules/@vitest/runner/dist/index.js:1975:52\n    at run (file:///home/vector/Documentos/RalphLoopInverso/node_modules/@vitest/runner/dist/chunk-tasks.js:276:20)"],"meta":{},"tags":[]},{"ancestorTitles":["CodeAnalyzer Integration (mocked)","analyze()"],"fullName":"CodeAnalyzer Integration (mocked) analyze() should default to security analysis disabled","status":"failed","title":"should default to security analysis disabled","duration":2.4978159999999434,"failureMessages":["TypeError: () => ({\n    packageExists: __vite_ssr_import_0__.vi.fn().mockImplementation(\n      async (name) => knownPackag...<omitted>...}) is not a constructor\n    at new Mock (file:///home/vector/Documentos/RalphLoopInverso/node_modules/@vitest/spy/dist/index.js:309:27)\n    at new CodeAnalyzer (/home/vector/Documentos/RalphLoopInverso/src/analyzers/CodeAnalyzer.ts:51:21)\n    at /home/vector/Documentos/RalphLoopInverso/tests/analyzers/CodeAnalyzer.integration.test.ts:47:16\n    at file:///home/vector/Documentos/RalphLoopInverso/node_modules/@vitest/runner/dist/index.js:296:11\n    at wrapper (file:///home/vector/Documentos/RalphLoopInverso/node_modules/@vitest/runner/dist/index.js:655:10)\n    at file:///home/vector/Documentos/RalphLoopInverso/node_modules/@vitest/runner/dist/index.js:1660:20\n    at new Promise (<anonymous>)\n    at runWithTimeout (file:///home/vector/Documentos/RalphLoopInverso/node_modules/@vitest/runner/dist/index.js:1627:10)\n    at file:///home/vector/Documentos/RalphLoopInverso/node_modules/@vitest/runner/dist/index.js:1975:52\n    at run (file:///home/vector/Documentos/RalphLoopInverso/node_modules/@vitest/runner/dist/chunk-tasks.js:276:20)"],"meta":{},"tags":[]},{"ancestorTitles":["CodeAnalyzer Integration (mocked)","clearCache()"],"fullName":"CodeAnalyzer Integration (mocked) clearCache() should clear NPM registry cache","status":"failed","title":"should clear NPM registry cache","duration":1.3041319999999814,"failureMessages":["TypeError: () => ({\n    packageExists: __vite_ssr_import_0__.vi.fn().mockImplementation(\n      async (name) => knownPackag...<omitted>...}) is not a constructor\n    at new Mock (file:///home/vector/Documentos/RalphLoopInverso/node_modules/@vitest/spy/dist/index.js:309:27)\n    at new CodeAnalyzer (/home/vector/Documentos/RalphLoopInverso/src/analyzers/CodeAnalyzer.ts:51:21)\n    at /home/vector/Documentos/RalphLoopInverso/tests/analyzers/CodeAnalyzer.integration.test.ts:47:16\n    at file:///home/vector/Documentos/RalphLoopInverso/node_modules/@vitest/runner/dist/index.js:296:11\n    at wrapper (file:///home/vector/Documentos/RalphLoopInverso/node_modules/@vitest/runner/dist/index.js:655:10)\n    at file:///home/vector/Documentos/RalphLoopInverso/node_modules/@vitest/runner/dist/index.js:1660:20\n    at new Promise (<anonymous>)\n    at runWithTimeout (file:///home/vector/Documentos/RalphLoopInverso/node_modules/@vitest/runner/dist/index.js:1627:10)\n    at file:///home/vector/Documentos/RalphLoopInverso/node_modules/@vitest/runner/dist/index.js:1975:52\n    at run (file:///home/vector/Documentos/RalphLoopInverso/node_modules/@vitest/runner/dist/chunk-tasks.js:276:20)"],"meta":{},"tags":[]}],"startTime":1773693731749,"endTime":1773693731790.3042,"status":"failed","message":"","name":"/home/vector/Documentos/RalphLoopInverso/tests/analyzers/CodeAnalyzer.integration.test.ts"},{"assertionResults":[{"ancestorTitles":["JavaScriptAnalyzer","parse()"],"fullName":"JavaScriptAnalyzer parse() should parse valid JavaScript code with imports","status":"passed","title":"should parse valid JavaScript code with imports","duration":9.859550000000013,"failureMessages":[],"meta":{},"tags":[]},{"ancestorTitles":["JavaScriptAnalyzer","parse()"],"fullName":"JavaScriptAnalyzer parse() should parse code with mock API calls","status":"passed","title":"should parse code with mock API calls","duration":2.069328999999982,"failureMessages":[],"meta":{},"tags":[]},{"ancestorTitles":["JavaScriptAnalyzer","parse()"],"fullName":"JavaScriptAnalyzer parse() should parse code with WebGL usage","status":"passed","title":"should parse code with WebGL usage","duration":1.1030139999999733,"failureMessages":[],"meta":{},"tags":[]},{"ancestorTitles":["JavaScriptAnalyzer","parse()"],"fullName":"JavaScriptAnalyzer parse() should handle empty code","status":"passed","title":"should handle empty code","duration":2.628667000000007,"failureMessages":[],"meta":{},"tags":[]},{"ancestorTitles":["JavaScriptAnalyzer","parse()"],"fullName":"JavaScriptAnalyzer parse() should include error context when ParseError is thrown","status":"passed","title":"should include error context when ParseError is thrown","duration":12.26010500000001,"failureMessages":[],"meta":{},"tags":[]},{"ancestorTitles":["JavaScriptAnalyzer","getPackageNames()"],"fullName":"JavaScriptAnalyzer getPackageNames() should extract package names from imports","status":"passed","title":"should extract package names from imports","duration":1.6966409999999996,"failureMessages":[],"meta":{},"tags":[]},{"ancestorTitles":["JavaScriptAnalyzer","getPackageNames()"],"fullName":"JavaScriptAnalyzer getPackageNames() should handle scoped packages","status":"passed","title":"should handle scoped packages","duration":1.6437879999999723,"failureMessages":[],"meta":{},"tags":[]},{"ancestorTitles":["JavaScriptAnalyzer","languageName()"],"fullName":"JavaScriptAnalyzer languageName() should return correct language name","status":"passed","title":"should return correct language name","duration":0.4767119999999636,"failureMessages":[],"meta":{},"tags":[]}],"startTime":1773693753576,"endTime":1773693753608.4768,"status":"passed","message":"","name":"/home/vector/Documentos/RalphLoopInverso/tests/analyzers/JavaScriptAnalyzer.test.ts"},{"assertionResults":[{"ancestorTitles":["Property 1: ES6 import detection invariance"],"fullName":"Property 1: ES6 import detection invariance detect() returns results with type=\"es6\" for ES6 imports","status":"passed","title":"detect() returns results with type=\"es6\" for ES6 imports","duration":24.925842999999986,"failureMessages":[],"meta":{},"tags":[]},{"ancestorTitles":["Property 2: Relative import classification invariance"],"fullName":"Property 2: Relative import classification invariance detect() correctly identifies relative imports","status":"passed","title":"detect() correctly identifies relative imports","duration":5.642456999999979,"failureMessages":[],"meta":{},"tags":[]},{"ancestorTitles":["Property 3: CommonJS require detection invariance"],"fullName":"Property 3: CommonJS require detection invariance detect() returns results with type=\"commonjs\" for require statements","status":"passed","title":"detect() returns results with type=\"commonjs\" for require statements","duration":3.0307829999999853,"failureMessages":[],"meta":{},"tags":[]},{"ancestorTitles":["Property 4: Package name extraction invariance"],"fullName":"Property 4: Package name extraction invariance extractPackageName() returns correct package name for non-scoped packages","status":"passed","title":"extractPackageName() returns correct package name for non-scoped packages","duration":5.5339309999999955,"failureMessages":[],"meta":{},"tags":[]},{"ancestorTitles":["Property 5: Pattern clearing invariance"],"fullName":"Property 5: Pattern clearing invariance clearPatterns() prevents detection of subsequent imports","status":"passed","title":"clearPatterns() prevents detection of subsequent imports","duration":1.758024999999975,"failureMessages":[],"meta":{},"tags":[]}],"startTime":1773693756635,"endTime":1773693756678.758,"status":"passed","message":"","name":"/home/vector/Documentos/RalphLoopInverso/tests/detectors/ImportDetector.pbt.test.ts"},{"assertionResults":[{"ancestorTitles":["ImportDetector","detect"],"fullName":"ImportDetector detect should detect ES6 named imports","status":"passed","title":"should detect ES6 named imports","duration":15.72609,"failureMessages":[],"meta":{},"tags":[]},{"ancestorTitles":["ImportDetector","detect"],"fullName":"ImportDetector detect should detect ES6 default imports","status":"passed","title":"should detect ES6 default imports","duration":1.1958500000000072,"failureMessages":[],"meta":{},"tags":[]},{"ancestorTitles":["ImportDetector","detect"],"fullName":"ImportDetector detect should detect ES6 wildcard imports","status":"passed","title":"should detect ES6 wildcard imports","duration":0.9772280000000251,"failureMessages":[],"meta":{},"tags":[]},{"ancestorTitles":["ImportDetector","detect"],"fullName":"ImportDetector detect should detect ES6 imports without from clause","status":"passed","title":"should detect ES6 imports without from clause","duration":1.0676540000000045,"failureMessages":[],"meta":{},"tags":[]},{"ancestorTitles":["ImportDetector","detect"],"fullName":"ImportDetector detect should detect CommonJS requires","status":"passed","title":"should detect CommonJS requires","duration":1.3855699999999729,"failureMessages":[],"meta":{},"tags":[]},{"ancestorTitles":["ImportDetector","detect"],"fullName":"ImportDetector detect should detect relative imports","status":"passed","title":"should detect relative imports","duration":1.0877610000000004,"failureMessages":[],"meta":{},"tags":[]},{"ancestorTitles":["ImportDetector","detect"],"fullName":"ImportDetector detect should detect scoped packages","status":"passed","title":"should detect scoped packages","duration":0.9730539999999905,"failureMessages":[],"meta":{},"tags":[]},{"ancestorTitles":["ImportDetector","detect"],"fullName":"ImportDetector detect should detect multiple imports","status":"passed","title":"should detect multiple imports","duration":0.6175700000000006,"failureMessages":[],"meta":{},"tags":[]},{"ancestorTitles":["ImportDetector","detect"],"fullName":"ImportDetector detect should capture line and column positions","status":"passed","title":"should capture line and column positions","duration":0.9042210000000068,"failureMessages":[],"meta":{},"tags":[]},{"ancestorTitles":["ImportDetector","getPackageNames"],"fullName":"ImportDetector getPackageNames should extract package names from imports","status":"passed","title":"should extract package names from imports","duration":2.86976199999998,"failureMessages":[],"meta":{},"tags":[]},{"ancestorTitles":["ImportDetector","getPackageNames"],"fullName":"ImportDetector getPackageNames should handle scoped packages","status":"passed","title":"should handle scoped packages","duration":3.0965450000000487,"failureMessages":[],"meta":{},"tags":[]},{"ancestorTitles":["ImportDetector","getPackageNames"],"fullName":"ImportDetector getPackageNames should extract main package from scoped package with subpath","status":"passed","title":"should extract main package from scoped package with subpath","duration":0.853198999999961,"failureMessages":[],"meta":{},"tags":[]},{"ancestorTitles":["ImportDetector","getPackageNames"],"fullName":"ImportDetector getPackageNames should return unique package names","status":"passed","title":"should return unique package names","duration":1.04348200000004,"failureMessages":[],"meta":{},"tags":[]},{"ancestorTitles":["ImportDetector","getPackageNames"],"fullName":"ImportDetector getPackageNames should return empty array when no imports","status":"passed","title":"should return empty array when no imports","duration":0.6005030000000033,"failureMessages":[],"meta":{},"tags":[]},{"ancestorTitles":["ImportDetector","getImportsByType"],"fullName":"ImportDetector getImportsByType should filter ES6 imports","status":"passed","title":"should filter ES6 imports","duration":1.072716000000014,"failureMessages":[],"meta":{},"tags":[]},{"ancestorTitles":["ImportDetector","getRelativeImports"],"fullName":"ImportDetector getRelativeImports should filter relative imports","status":"passed","title":"should filter relative imports","duration":0.7309319999999957,"failureMessages":[],"meta":{},"tags":[]},{"ancestorTitles":["ImportDetector","getExternalImports"],"fullName":"ImportDetector getExternalImports should filter external imports","status":"passed","title":"should filter external imports","duration":0.7570089999999823,"failureMessages":[],"meta":{},"tags":[]},{"ancestorTitles":["ImportDetector","isRelativeImport"],"fullName":"ImportDetector isRelativeImport should identify relative imports starting with ./","status":"passed","title":"should identify relative imports starting with ./","duration":0.3606550000000084,"failureMessages":[],"meta":{},"tags":[]},{"ancestorTitles":["ImportDetector","isRelativeImport"],"fullName":"ImportDetector isRelativeImport should identify relative imports starting with ../","status":"passed","title":"should identify relative imports starting with ../","duration":0.3032010000000014,"failureMessages":[],"meta":{},"tags":[]},{"ancestorTitles":["ImportDetector","isRelativeImport"],"fullName":"ImportDetector isRelativeImport should identify absolute imports starting with /","status":"passed","title":"should identify absolute imports starting with /","duration":0.2958340000000135,"failureMessages":[],"meta":{},"tags":[]},{"ancestorTitles":["ImportDetector","isRelativeImport"],"fullName":"ImportDetector isRelativeImport should identify external imports","status":"passed","title":"should identify external imports","duration":0.53134799999998,"failureMessages":[],"meta":{},"tags":[]},{"ancestorTitles":["ImportDetector","extractPackageName"],"fullName":"ImportDetector extractPackageName should extract package name from simple import","status":"passed","title":"should extract package name from simple import","duration":0.32349299999998493,"failureMessages":[],"meta":{},"tags":[]},{"ancestorTitles":["ImportDetector","extractPackageName"],"fullName":"ImportDetector extractPackageName should extract package name with subpath","status":"passed","title":"should extract package name with subpath","duration":0.3077470000000062,"failureMessages":[],"meta":{},"tags":[]},{"ancestorTitles":["ImportDetector","extractPackageName"],"fullName":"ImportDetector extractPackageName should extract scoped package name","status":"passed","title":"should extract scoped package name","duration":0.2843110000000024,"failureMessages":[],"meta":{},"tags":[]},{"ancestorTitles":["ImportDetector","extractPackageName"],"fullName":"ImportDetector extractPackageName should extract scoped package with subpath","status":"passed","title":"should extract scoped package with subpath","duration":0.28547200000002704,"failureMessages":[],"meta":{},"tags":[]},{"ancestorTitles":["ImportDetector","extractPackageName"],"fullName":"ImportDetector extractPackageName should handle multiple slashes","status":"passed","title":"should handle multiple slashes","duration":0.4170790000000011,"failureMessages":[],"meta":{},"tags":[]},{"ancestorTitles":["ImportDetector","getStatistics"],"fullName":"ImportDetector getStatistics should return correct statistics","status":"passed","title":"should return correct statistics","duration":5.8286959999999794,"failureMessages":[],"meta":{},"tags":[]},{"ancestorTitles":["ImportDetector","getStatistics"],"fullName":"ImportDetector getStatistics should handle empty imports","status":"passed","title":"should handle empty imports","duration":0.6473270000000184,"failureMessages":[],"meta":{},"tags":[]},{"ancestorTitles":["ImportDetector","addPattern"],"fullName":"ImportDetector addPattern should add custom pattern","status":"passed","title":"should add custom pattern","duration":0.5039039999999773,"failureMessages":[],"meta":{},"tags":[]},{"ancestorTitles":["ImportDetector","clearPatterns"],"fullName":"ImportDetector clearPatterns should clear all patterns","status":"passed","title":"should clear all patterns","duration":0.4125179999999773,"failureMessages":[],"meta":{},"tags":[]},{"ancestorTitles":["ImportDetector","getPatterns"],"fullName":"ImportDetector getPatterns should return all patterns","status":"passed","title":"should return all patterns","duration":1.1880049999999756,"failureMessages":[],"meta":{},"tags":[]}],"startTime":1773693750636,"endTime":1773693750685.188,"status":"passed","message":"","name":"/home/vector/Documentos/RalphLoopInverso/tests/detectors/ImportDetector.test.ts"},{"assertionResults":[{"ancestorTitles":["MockApiDetector","detect"],"fullName":"MockApiDetector detect should detect mockapi.io calls","status":"passed","title":"should detect mockapi.io calls","duration":21.865451000000007,"failureMessages":[],"meta":{},"tags":[]},{"ancestorTitles":["MockApiDetector","detect"],"fullName":"MockApiDetector detect should detect jsonplaceholder calls","status":"passed","title":"should detect jsonplaceholder calls","duration":3.453559000000041,"failureMessages":[],"meta":{},"tags":[]},{"ancestorTitles":["MockApiDetector","detect"],"fullName":"MockApiDetector detect should detect localhost URLs","status":"passed","title":"should detect localhost URLs","duration":2.71481399999999,"failureMessages":[],"meta":{},"tags":[]},{"ancestorTitles":["MockApiDetector","detect"],"fullName":"MockApiDetector detect should detect 127.0.0.1 URLs","status":"passed","title":"should detect 127.0.0.1 URLs","duration":3.273340000000019,"failureMessages":[],"meta":{},"tags":[]},{"ancestorTitles":["MockApiDetector","detect"],"fullName":"MockApiDetector detect should return empty array when no mock APIs are found","status":"passed","title":"should return empty array when no mock APIs are found","duration":2.272779000000014,"failureMessages":[],"meta":{},"tags":[]},{"ancestorTitles":["MockApiDetector","detect"],"fullName":"MockApiDetector detect should detect multiple mock API calls","status":"passed","title":"should detect multiple mock API calls","duration":2.460655000000031,"failureMessages":[],"meta":{},"tags":[]},{"ancestorTitles":["MockApiDetector","detect"],"fullName":"MockApiDetector detect should capture line and column positions","status":"passed","title":"should capture line and column positions","duration":5.037008000000014,"failureMessages":[],"meta":{},"tags":[]},{"ancestorTitles":["MockApiDetector","addPattern"],"fullName":"MockApiDetector addPattern should add custom pattern","status":"passed","title":"should add custom pattern","duration":0.9406079999999974,"failureMessages":[],"meta":{},"tags":[]},{"ancestorTitles":["MockApiDetector","clearPatterns"],"fullName":"MockApiDetector clearPatterns should clear all patterns","status":"passed","title":"should clear all patterns","duration":1.2553869999999847,"failureMessages":[],"meta":{},"tags":[]},{"ancestorTitles":["MockApiDetector","getPatterns"],"fullName":"MockApiDetector getPatterns should return all patterns","status":"passed","title":"should return all patterns","duration":2.57307899999995,"failureMessages":[],"meta":{},"tags":[]},{"ancestorTitles":["MockApiDetector","isMockApi"],"fullName":"MockApiDetector isMockApi should return true for mock API URLs","status":"passed","title":"should return true for mock API URLs","duration":2.6625960000000077,"failureMessages":[],"meta":{},"tags":[]},{"ancestorTitles":["MockApiDetector","isMockApi"],"fullName":"MockApiDetector isMockApi should return false for real API URLs","status":"passed","title":"should return false for real API URLs","duration":0.8988180000000057,"failureMessages":[],"meta":{},"tags":[]},{"ancestorTitles":["MockApiDetector","getMockApiType"],"fullName":"MockApiDetector getMockApiType should return correct mock API type","status":"passed","title":"should return correct mock API type","duration":0.8007590000000278,"failureMessages":[],"meta":{},"tags":[]},{"ancestorTitles":["MockApiDetector","getMockApiType"],"fullName":"MockApiDetector getMockApiType should return null for non-mock APIs","status":"passed","title":"should return null for non-mock APIs","duration":0.6001340000000255,"failureMessages":[],"meta":{},"tags":[]}],"startTime":1773693754401,"endTime":1773693754452.6,"status":"passed","message":"","name":"/home/vector/Documentos/RalphLoopInverso/tests/detectors/MockApiDetector.test.ts"},{"assertionResults":[{"ancestorTitles":["SandboxDetector","detect"],"fullName":"SandboxDetector detect should detect AI Studio from @google/generative-ai import","status":"passed","title":"should detect AI Studio from @google/generative-ai import","duration":5.6918549999999755,"failureMessages":[],"meta":{},"tags":[]},{"ancestorTitles":["SandboxDetector","detect"],"fullName":"SandboxDetector detect should detect AI Studio from @google/ai-protos import","status":"passed","title":"should detect AI Studio from @google/ai-protos import","duration":1.0821809999999914,"failureMessages":[],"meta":{},"tags":[]},{"ancestorTitles":["SandboxDetector","detect"],"fullName":"SandboxDetector detect should detect AI Studio from gemini references","status":"passed","title":"should detect AI Studio from gemini references","duration":0.704166999999984,"failureMessages":[],"meta":{},"tags":[]},{"ancestorTitles":["SandboxDetector","detect"],"fullName":"SandboxDetector detect should detect AI Studio from google.ai.generativelanguage API","status":"passed","title":"should detect AI Studio from google.ai.generativelanguage API","duration":0.7487189999999941,"failureMessages":[],"meta":{},"tags":[]},{"ancestorTitles":["SandboxDetector","detect"],"fullName":"SandboxDetector detect should detect Bolt.new","status":"passed","title":"should detect Bolt.new","duration":0.7438779999999952,"failureMessages":[],"meta":{},"tags":[]},{"ancestorTitles":["SandboxDetector","detect"],"fullName":"SandboxDetector detect should detect Replit from @replit packages","status":"passed","title":"should detect Replit from @replit packages","duration":0.6107389999999668,"failureMessages":[],"meta":{},"tags":[]},{"ancestorTitles":["SandboxDetector","detect"],"fullName":"SandboxDetector detect should detect Replit from internal packages","status":"passed","title":"should detect Replit from internal packages","duration":0.44724500000000944,"failureMessages":[],"meta":{},"tags":[]},{"ancestorTitles":["SandboxDetector","detect"],"fullName":"SandboxDetector detect should detect CodeSandbox","status":"passed","title":"should detect CodeSandbox","duration":0.3948649999999816,"failureMessages":[],"meta":{},"tags":[]},{"ancestorTitles":["SandboxDetector","detect"],"fullName":"SandboxDetector detect should detect StackBlitz","status":"passed","title":"should detect StackBlitz","duration":2.3122999999999934,"failureMessages":[],"meta":{},"tags":[]},{"ancestorTitles":["SandboxDetector","detect"],"fullName":"SandboxDetector detect should return unknown when no pattern matches","status":"passed","title":"should return unknown when no pattern matches","duration":0.7467210000000364,"failureMessages":[],"meta":{},"tags":[]},{"ancestorTitles":["SandboxDetector","detectAll"],"fullName":"SandboxDetector detectAll should detect all sandbox types in mixed code","status":"passed","title":"should detect all sandbox types in mixed code","duration":6.661095999999986,"failureMessages":[],"meta":{},"tags":[]},{"ancestorTitles":["SandboxDetector","detectAll"],"fullName":"SandboxDetector detectAll should return [unknown] when no patterns match","status":"passed","title":"should return [unknown] when no patterns match","duration":2.897673999999995,"failureMessages":[],"meta":{},"tags":[]},{"ancestorTitles":["SandboxDetector","detectDetailed"],"fullName":"SandboxDetector detectDetailed should return detailed detection results","status":"passed","title":"should return detailed detection results","duration":3.6504899999999907,"failureMessages":[],"meta":{},"tags":[]},{"ancestorTitles":["SandboxDetector","detectDetailed"],"fullName":"SandboxDetector detectDetailed should return multiple detailed results","status":"passed","title":"should return multiple detailed results","duration":1.0865840000000162,"failureMessages":[],"meta":{},"tags":[]},{"ancestorTitles":["SandboxDetector","detectDetailed"],"fullName":"SandboxDetector detectDetailed should return empty array when no patterns match","status":"passed","title":"should return empty array when no patterns match","duration":0.9298660000000609,"failureMessages":[],"meta":{},"tags":[]},{"ancestorTitles":["SandboxDetector","isFromSandbox"],"fullName":"SandboxDetector isFromSandbox should return true for matching sandbox","status":"passed","title":"should return true for matching sandbox","duration":2.234004000000027,"failureMessages":[],"meta":{},"tags":[]},{"ancestorTitles":["SandboxDetector","isFromSandbox"],"fullName":"SandboxDetector isFromSandbox should return false for unknown code","status":"passed","title":"should return false for unknown code","duration":0.4780560000000378,"failureMessages":[],"meta":{},"tags":[]},{"ancestorTitles":["SandboxDetector","getConfidence"],"fullName":"SandboxDetector getConfidence should return high confidence for single sandbox","status":"passed
[...]
Replacer replaceImports() – multiple resolutions returns a valid CodeTransformation object","status":"passed","title":"returns a valid CodeTransformation object","duration":2.562644999999975,"failureMessages":[],"meta":{},"tags":[]},{"ancestorTitles":["ImportReplacer","replaceImports() – unresolved imports unchanged"],"fullName":"ImportReplacer replaceImports() – unresolved imports unchanged leaves imports not in resolutions list unchanged","status":"passed","title":"leaves imports not in resolutions list unchanged","duration":2.617706999999996,"failureMessages":[],"meta":{},"tags":[]},{"ancestorTitles":["ImportReplacer","replaceImports() – unresolved imports unchanged"],"fullName":"ImportReplacer replaceImports() – unresolved imports unchanged returns empty appliedRules when no imports match","status":"passed","title":"returns empty appliedRules when no imports match","duration":2.340467999999987,"failureMessages":[],"meta":{},"tags":[]},{"ancestorTitles":["ImportReplacer","replaceImports() – comment and formatting preservation"],"fullName":"ImportReplacer replaceImports() – comment and formatting preservation preserves inline comments on import lines","status":"passed","title":"preserves inline comments on import lines","duration":3.5499770000000126,"failureMessages":[],"meta":{},"tags":[]},{"ancestorTitles":["ImportReplacer","replaceImports() – comment and formatting preservation"],"fullName":"ImportReplacer replaceImports() – comment and formatting preservation preserves block comments above imports","status":"passed","title":"preserves block comments above imports","duration":3.1786559999999326,"failureMessages":[],"meta":{},"tags":[]},{"ancestorTitles":["ImportReplacer","replaceImports() – comment and formatting preservation"],"fullName":"ImportReplacer replaceImports() – comment and formatting preservation preserves blank lines between import groups","status":"passed","title":"preserves blank lines between import groups","duration":2.5039930000000368,"failureMessages":[],"meta":{},"tags":[]},{"ancestorTitles":["ImportReplacer","replaceImports() – comment and formatting preservation"],"fullName":"ImportReplacer replaceImports() – comment and formatting preservation preserves indentation (spaces) in function body","status":"passed","title":"preserves indentation (spaces) in function body","duration":3.3152209999999513,"failureMessages":[],"meta":{},"tags":[]},{"ancestorTitles":["ImportReplacer","validateSyntax()"],"fullName":"ImportReplacer validateSyntax() returns true for valid JavaScript","status":"passed","title":"returns true for valid JavaScript","duration":0.8753560000000107,"failureMessages":[],"meta":{},"tags":[]},{"ancestorTitles":["ImportReplacer","validateSyntax()"],"fullName":"ImportReplacer validateSyntax() returns true for valid TypeScript","status":"passed","title":"returns true for valid TypeScript","duration":2.4602670000000444,"failureMessages":[],"meta":{},"tags":[]},{"ancestorTitles":["ImportReplacer","validateSyntax()"],"fullName":"ImportReplacer validateSyntax() returns true for empty string","status":"passed","title":"returns true for empty string","duration":0.6830300000000307,"failureMessages":[],"meta":{},"tags":[]},{"ancestorTitles":["ImportReplacer","validateSyntax()"],"fullName":"ImportReplacer validateSyntax() returns false for invalid syntax","status":"passed","title":"returns false for invalid syntax","duration":1.1784209999999575,"failureMessages":[],"meta":{},"tags":[]},{"ancestorTitles":["ImportReplacer","validateSyntax()"],"fullName":"ImportReplacer validateSyntax() returns false for unclosed brackets","status":"passed","title":"returns false for unclosed brackets","duration":0.6899809999999889,"failureMessages":[],"meta":{},"tags":[]},{"ancestorTitles":["ImportReplacer","validateSyntax()"],"fullName":"ImportReplacer validateSyntax() returns true for CommonJS code","status":"passed","title":"returns true for CommonJS code","duration":0.785080999999991,"failureMessages":[],"meta":{},"tags":[]},{"ancestorTitles":["ImportReplacer","generateDiff()"],"fullName":"ImportReplacer generateDiff() returns empty string when code is identical","status":"passed","title":"returns empty string when code is identical","duration":0.28146000000003824,"failureMessages":[],"meta":{},"tags":[]},{"ancestorTitles":["ImportReplacer","generateDiff()"],"fullName":"ImportReplacer generateDiff() returns a non-empty diff when code differs","status":"passed","title":"returns a non-empty diff when code differs","duration":0.5434419999999136,"failureMessages":[],"meta":{},"tags":[]},{"ancestorTitles":["ImportReplacer","generateDiff()"],"fullName":"ImportReplacer generateDiff() diff contains --- and +++ headers","status":"passed","title":"diff contains --- and +++ headers","duration":0.3252019999999902,"failureMessages":[],"meta":{},"tags":[]},{"ancestorTitles":["ImportReplacer","generateDiff()"],"fullName":"ImportReplacer generateDiff() diff contains @@ hunk header","status":"passed","title":"diff contains @@ hunk header","duration":0.26975499999991825,"failureMessages":[],"meta":{},"tags":[]},{"ancestorTitles":["ImportReplacer","generateDiff()"],"fullName":"ImportReplacer generateDiff() diff shows removed lines with - prefix","status":"passed","title":"diff shows removed lines with - prefix","duration":0.3307839999999942,"failureMessages":[],"meta":{},"tags":[]},{"ancestorTitles":["ImportReplacer","generateDiff()"],"fullName":"ImportReplacer generateDiff() diff shows added lines with + prefix","status":"passed","title":"diff shows added lines with + prefix","duration":0.28798300000005383,"failureMessages":[],"meta":{},"tags":[]},{"ancestorTitles":["ImportReplacer","generateDiff()"],"fullName":"ImportReplacer generateDiff() metadata.diff is populated on replaceImports result","status":"passed","title":"metadata.diff is populated on replaceImports result","duration":1.495537000000013,"failureMessages":[],"meta":{},"tags":[]},{"ancestorTitles":["ImportReplacer","error handling"],"fullName":"ImportReplacer error handling throws TransformationError for completely invalid source code","status":"passed","title":"throws TransformationError for completely invalid source code","duration":2.7035789999999906,"failureMessages":[],"meta":{},"tags":[]},{"ancestorTitles":["ImportReplacer","error handling"],"fullName":"ImportReplacer error handling TransformationError has operation context","status":"passed","title":"TransformationError has operation context","duration":0.9277909999999565,"failureMessages":[],"meta":{},"tags":[]},{"ancestorTitles":["ImportReplacer","error handling"],"fullName":"ImportReplacer error handling handles empty resolutions array without error","status":"passed","title":"handles empty resolutions array without error","duration":1.6979989999999816,"failureMessages":[],"meta":{},"tags":[]},{"ancestorTitles":["ImportReplacer","error handling"],"fullName":"ImportReplacer error handling handles empty source code without error","status":"passed","title":"handles empty source code without error","duration":1.115664000000038,"failureMessages":[],"meta":{},"tags":[]},{"ancestorTitles":["ImportReplacer","Task 5.3 – Babel + recast formatting preservation"],"fullName":"ImportReplacer Task 5.3 – Babel + recast formatting preservation preserves single quotes","status":"passed","title":"preserves single quotes","duration":1.7901970000000347,"failureMessages":[],"meta":{},"tags":[]},{"ancestorTitles":["ImportReplacer","Task 5.3 – Babel + recast formatting preservation"],"fullName":"ImportReplacer Task 5.3 – Babel + recast formatting preservation preserves quote style for unchanged code","status":"passed","title":"preserves quote style for unchanged code","duration":1.7456240000000207,"failureMessages":[],"meta":{},"tags":[]},{"ancestorTitles":["ImportReplacer","Task 5.3 – Babel + recast formatting preservation"],"fullName":"ImportReplacer Task 5.3 – Babel + recast formatting preservation preserves semicolons","status":"passed","title":"preserves semicolons","duration":2.8930389999999306,"failureMessages":[],"meta":{},"tags":[]},{"ancestorTitles":["ImportReplacer","Task 5.3 – Babel + recast formatting preservation"],"fullName":"ImportReplacer Task 5.3 – Babel + recast formatting preservation preserves trailing commas in named imports","status":"passed","title":"preserves trailing commas in named imports","duration":2.0908889999999474,"failureMessages":[],"meta":{},"tags":[]},{"ancestorTitles":["ImportReplacer","Task 5.3 – Babel + recast formatting preservation"],"fullName":"ImportReplacer Task 5.3 – Babel + recast formatting preservation preserves JSDoc comments","status":"passed","title":"preserves JSDoc comments","duration":2.2233659999999418,"failureMessages":[],"meta":{},"tags":[]},{"ancestorTitles":["ImportReplacer","Task 5.3 – Babel + recast formatting preservation"],"fullName":"ImportReplacer Task 5.3 – Babel + recast formatting preservation transformed code is syntactically valid","status":"passed","title":"transformed code is syntactically valid","duration":3.712933000000021,"failureMessages":[],"meta":{},"tags":[]}],"startTime":1773693745920,"endTime":1773693746090.713,"status":"passed","message":"","name":"/home/vector/Documentos/RalphLoopInverso/tests/transformers/ImportReplacer.test.ts"},{"assertionResults":[{"ancestorTitles":["ConfidenceCalculator","calculate"],"fullName":"ConfidenceCalculator calculate should return perfect score for no issues","status":"passed","title":"should return perfect score for no issues","duration":9.384114000000011,"failureMessages":[],"meta":{},"tags":[]},{"ancestorTitles":["ConfidenceCalculator","calculate"],"fullName":"ConfidenceCalculator calculate should handle single ghost import (critical issue)","status":"passed","title":"should handle single ghost import (critical issue)","duration":8.593173000000036,"failureMessages":[],"meta":{},"tags":[]},{"ancestorTitles":["ConfidenceCalculator","calculate"],"fullName":"ConfidenceCalculator calculate should handle single mock API (warning)","status":"passed","title":"should handle single mock API (warning)","duration":1.0944689999999468,"failureMessages":[],"meta":{},"tags":[]},{"ancestorTitles":["ConfidenceCalculator","calculate"],"fullName":"ConfidenceCalculator calculate should handle single WebGL usage (warning)","status":"passed","title":"should handle single WebGL usage (warning)","duration":0.7629530000000386,"failureMessages":[],"meta":{},"tags":[]},{"ancestorTitles":["ConfidenceCalculator","calculate"],"fullName":"ConfidenceCalculator calculate should handle security risk (critical)","status":"passed","title":"should handle security risk (critical)","duration":0.9727939999999649,"failureMessages":[],"meta":{},"tags":[]},{"ancestorTitles":["ConfidenceCalculator","calculate"],"fullName":"ConfidenceCalculator calculate should calculate score decreasing with more issues","status":"passed","title":"should calculate score decreasing with more issues","duration":0.634728999999993,"failureMessages":[],"meta":{},"tags":[]},{"ancestorTitles":["ConfidenceCalculator","calculate"],"fullName":"ConfidenceCalculator calculate should have higher penalty for errors than warnings","status":"passed","title":"should have higher penalty for errors than warnings","duration":0.9737630000000195,"failureMessages":[],"meta":{},"tags":[]},{"ancestorTitles":["ConfidenceCalculator","calculate"],"fullName":"ConfidenceCalculator calculate should correctly count issues by type","status":"passed","title":"should correctly count issues by type","duration":0.8896009999999706,"failureMessages":[],"meta":{},"tags":[]},{"ancestorTitles":["ConfidenceCalculator","calculate"],"fullName":"ConfidenceCalculator calculate should calculate correct confidence levels","status":"passed","title":"should calculate correct confidence levels","duration":1.216070000000002,"failureMessages":[],"meta":{},"tags":[]},{"ancestorTitles":["ConfidenceCalculator","getRecommendations"],"fullName":"ConfidenceCalculator getRecommendations should provide critical recommendations","status":"passed","title":"should provide critical recommendations","duration":1.1295440000000099,"failureMessages":[],"meta":{},"tags":[]},{"ancestorTitles":["ConfidenceCalculator","getRecommendations"],"fullName":"ConfidenceCalculator getRecommendations should provide low confidence recommendations","status":"passed","title":"should provide low confidence recommendations","duration":0.6367010000000164,"failureMessages":[],"meta":{},"tags":[]},{"ancestorTitles":["ConfidenceCalculator","getRecommendations"],"fullName":"ConfidenceCalculator getRecommendations should provide medium confidence recommendations","status":"passed","title":"should provide medium confidence recommendations","duration":0.8407090000000039,"failureMessages":[],"meta":{},"tags":[]},{"ancestorTitles":["ConfidenceCalculator","getRecommendations"],"fullName":"ConfidenceCalculator getRecommendations should provide high confidence recommendations","status":"passed","title":"should provide high confidence recommendations","duration":0.8575440000000185,"failureMessages":[],"meta":{},"tags":[]},{"ancestorTitles":["ConfidenceCalculator","getRecommendations"],"fullName":"ConfidenceCalculator getRecommendations should provide excellent confidence recommendations","status":"passed","title":"should provide excellent confidence recommendations","duration":0.9148139999999785,"failureMessages":[],"meta":{},"tags":[]},{"ancestorTitles":["ConfidenceCalculator","getDescription"],"fullName":"ConfidenceCalculator getDescription should return description for critical level","status":"passed","title":"should return description for critical level","duration":1.3120969999999943,"failureMessages":[],"meta":{},"tags":[]},{"ancestorTitles":["ConfidenceCalculator","getDescription"],"fullName":"ConfidenceCalculator getDescription should return description for low level","status":"passed","title":"should return description for low level","duration":0.7543639999999527,"failureMessages":[],"meta":{},"tags":[]},{"ancestorTitles":["ConfidenceCalculator","getDescription"],"fullName":"ConfidenceCalculator getDescription should return description for medium level","status":"passed","title":"should return description for medium level","duration":0.5622940000000085,"failureMessages":[],"meta":{},"tags":[]},{"ancestorTitles":["ConfidenceCalculator","getDescription"],"fullName":"ConfidenceCalculator getDescription should return description for high level","status":"passed","title":"should return description for high level","duration":0.4672479999999837,"failureMessages":[],"meta":{},"tags":[]},{"ancestorTitles":["ConfidenceCalculator","getDescription"],"fullName":"ConfidenceCalculator getDescription should return description for excellent level","status":"passed","title":"should return description for excellent level","duration":1.2032690000000343,"failureMessages":[],"meta":{},"tags":[]}],"startTime":1773693756114,"endTime":1773693756150.2034,"status":"passed","message":"","name":"/home/vector/Documentos/RalphLoopInverso/tests/utils/ConfidenceCalculator.test.ts"},{"assertionResults":[{"ancestorTitles":["E2EValidator"],"fullName":"E2EValidator validates a successful page load without errors","status":"passed","title":"validates a successful page load without errors","duration":20.547771999999952,"failureMessages":[],"meta":{},"tags":[]},{"ancestorTitles":["E2EValidator"],"fullName":"E2EValidator fails validation on HTTP error","status":"passed","title":"fails validation on HTTP error","duration":4.577277999999978,"failureMessages":[],"meta":{},"tags":[]},{"ancestorTitles":["E2EValidator"],"fullName":"E2EValidator fails validation if network times out","status":"passed","title":"fails validation if network times out","duration":3.676768999999979,"failureMessages":[],"meta":{},"tags":[]},{"ancestorTitles":["E2EValidator"],"fullName":"E2EValidator collects JS errors and fails validation if present","status":"passed","title":"collects JS errors and fails validation if present","duration":1.4861520000000041,"failureMessages":[],"meta":{},"tags":[]},{"ancestorTitles":["E2EValidator"],"fullName":"E2EValidator collects console errors but does not necessarily fail on them alone","status":"passed","title":"collects console errors but does not necessarily fail on them alone","duration":1.8487060000000497,"failureMessages":[],"meta":{},"tags":[]}],"startTime":1773693756026,"endTime":1773693756057.8486,"status":"passed","message":"","name":"/home/vector/Documentos/RalphLoopInverso/tests/validators/E2EValidator.test.ts"},{"assertionResults":[{"ancestorTitles":["RuntimeValidator"],"fullName":"RuntimeValidator validates a successful install and boot","status":"passed","title":"validates a successful install and boot","duration":517.214575,"failureMessages":[],"meta":{},"tags":[]},{"ancestorTitles":["RuntimeValidator"],"fullName":"RuntimeValidator fails validation if npm install fails","status":"passed","title":"fails validation if npm install fails","duration":12.312280999999984,"failureMessages":[],"meta":{},"tags":[]},{"ancestorTitles":["RuntimeValidator"],"fullName":"RuntimeValidator fails validation if npm run dev exits prematurely","status":"passed","title":"fails validation if npm run dev exits prematurely","duration":12.422183000000018,"failureMessages":[],"meta":{},"tags":[]},{"ancestorTitles":["RuntimeValidator"],"fullName":"RuntimeValidator fails validation if dev server boot times out","status":"passed","title":"fails validation if dev server boot times out","duration":1015.714659,"failureMessages":[],"meta":{},"tags":[]}],"startTime":1773693740120,"endTime":1773693741677.7146,"status":"passed","message":"","name":"/home/vector/Documentos/RalphLoopInverso/tests/validators/RuntimeValidator.test.ts"},{"assertionResults":[{"ancestorTitles":["ValidationScorer"],"fullName":"ValidationScorer calculates perfect score for thorough validation","status":"passed","title":"calculates perfect score for thorough validation","duration":10.162677999999971,"failureMessages":[],"meta":{},"tags":[]},{"ancestorTitles":["ValidationScorer"],"fullName":"ValidationScorer calculates 0.8 score for standard validation with perfect dependencies and sets readyForProduction","status":"passed","title":"calculates 0.8 score for standard validation with perfect dependencies and sets readyForProduction","duration":2.8720410000000243,"failureMessages":[],"meta":{},"tags":[]},{"ancestorTitles":["ValidationScorer"],"fullName":"ValidationScorer calculates 0.4 score for basic validation and is not ready for production","status":"passed","title":"calculates 0.4 score for basic validation and is not ready for production","duration":1.2937080000000378,"failureMessages":[],"meta":{},"tags":[]},{"ancestorTitles":["ValidationScorer"],"fullName":"ValidationScorer penalizes score if npm install fails","status":"passed","title":"penalizes score if npm install fails","duration":1.4351179999999886,"failureMessages":[],"meta":{},"tags":[]},{"ancestorTitles":["ValidationScorer"],"fullName":"ValidationScorer penalizes score if dev server boot fails","status":"passed","title":"penalizes score if dev server boot fails","duration":3.4699170000000095,"failureMessages":[],"meta":{},"tags":[]},{"ancestorTitles":["ValidationScorer"],"fullName":"ValidationScorer recommends investigation of console errors from E2E validation","status":"passed","title":"recommends investigation of console errors from E2E validation","duration":1.7417669999999816,"failureMessages":[],"meta":{},"tags":[]},{"ancestorTitles":["ValidationScorer"],"fullName":"ValidationScorer penalizes score for fatal E2E JS errors and marks unsafe","status":"passed","title":"penalizes score for fatal E2E JS errors and marks unsafe","duration":1.3003629999999475,"failureMessages":[],"meta":{},"tags":[]}],"startTime":1773693757646,"endTime":1773693757668.3003,"status":"passed","message":"","name":"/home/vector/Documentos/RalphLoopInverso/tests/validators/ValidationScorer.test.ts"}]}