{"numTotalTestSuites":657,"numPassedTestSuites":657,"numFailedTestSuites":0,"numPendingTestSuites":0,"numTotalTests":1282,"numPassedTests":1278,"numFailedTests":0,"numPendingTests":4,"numTodoTests":0,"snapshot":{"added":0,"failure":false,"filesAdded":0,"filesRemoved":0,"filesRemovedList":[],"filesUnmatched":0,"filesUpdated":0,"matched":0,"total":0,"unchecked":0,"uncheckedKeysByFile":[],"unmatched":0,"updated":0,"didUpdate":false},"startTime":1774029829136,"success":true,"testResults":[{"assertionResults":[{"ancestorTitles":["Refactoring Validation - Moderate Level","Property 1: Parse Result Equivalence"],"fullName":"Refactoring Validation - Moderate Level Property 1: Parse Result Equivalence should produce consistent results for ES6 imports","status":"passed","title":"should produce consistent results for ES6 imports","duration":12.746547000000021,"failureMessages":[],"meta":{},"tags":[]},{"ancestorTitles":["Refactoring Validation - Moderate Level","Property 1: Parse Result Equivalence"],"fullName":"Refactoring Validation - Moderate Level Property 1: Parse Result Equivalence should produce consistent results for CommonJS requires","status":"passed","title":"should produce consistent results for CommonJS requires","duration":2.879779000000042,"failureMessages":[],"meta":{},"tags":[]},{"ancestorTitles":["Refactoring Validation - Moderate Level","Property 1: Parse Result Equivalence"],"fullName":"Refactoring Validation - Moderate Level Property 1: Parse Result Equivalence should produce consistent results for Mock API calls","status":"passed","title":"should produce consistent results for Mock API calls","duration":0.7438070000000607,"failureMessages":[],"meta":{},"tags":[]},{"ancestorTitles":["Refactoring Validation - Moderate Level","Property 1: Parse Result Equivalence"],"fullName":"Refactoring Validation - Moderate Level Property 1: Parse Result Equivalence should produce consistent results for WebGL usage","status":"passed","title":"should produce consistent results for WebGL usage","duration":0.8052829999999176,"failureMessages":[],"meta":{},"tags":[]},{"ancestorTitles":["Refactoring Validation - Moderate Level","Property 1: Parse Result Equivalence"],"fullName":"Refactoring Validation - Moderate Level Property 1: Parse Result Equivalence should produce consistent results for Mixed code","status":"passed","title":"should produce consistent results for Mixed code","duration":1.9404409999999643,"failureMessages":[],"meta":{},"tags":[]},{"ancestorTitles":["Refactoring Validation - Moderate Level","Property 2: Error Handling Equivalence"],"fullName":"Refactoring Validation - Moderate Level Property 2: Error Handling Equivalence should handle empty string consistently","status":"passed","title":"should handle empty string consistently","duration":8.382349999999974,"failureMessages":[],"meta":{},"tags":[]},{"ancestorTitles":["Refactoring Validation - Moderate Level","Property 2: Error Handling Equivalence"],"fullName":"Refactoring Validation - Moderate Level Property 2: Error Handling Equivalence should handle code with no detectable patterns","status":"passed","title":"should handle code with no detectable patterns","duration":1.6023679999999558,"failureMessages":[],"meta":{},"tags":[]},{"ancestorTitles":["Refactoring Validation - Moderate Level","Property 3: Performance Validation"],"fullName":"Refactoring Validation - Moderate Level Property 3: Performance Validation should parse large code within acceptable time (<100ms)","status":"passed","title":"should parse large code within acceptable time (<100ms)","duration":17.347262,"failureMessages":[],"meta":{},"tags":[]},{"ancestorTitles":["Refactoring Validation - Moderate Level","Property 4: Sandbox Detection Equivalence"],"fullName":"Refactoring Validation - Moderate Level Property 4: Sandbox Detection Equivalence should detect AI Studio pattern consistently","status":"passed","title":"should detect AI Studio pattern consistently","duration":2.9956660000000284,"failureMessages":[],"meta":{},"tags":[]},{"ancestorTitles":["Refactoring Validation - Moderate Level","Property 4: Sandbox Detection Equivalence"],"fullName":"Refactoring Validation - Moderate Level Property 4: Sandbox Detection Equivalence should detect Replit pattern consistently","status":"passed","title":"should detect Replit pattern consistently","duration":1.6134950000000572,"failureMessages":[],"meta":{},"tags":[]},{"ancestorTitles":["Refactoring Validation - Moderate Level","Property 4: Sandbox Detection Equivalence"],"fullName":"Refactoring Validation - Moderate Level Property 4: Sandbox Detection Equivalence should detect No sandbox consistently","status":"passed","title":"should detect No sandbox consistently","duration":0.7468139999999721,"failureMessages":[],"meta":{},"tags":[]},{"ancestorTitles":["Refactoring Validation - Moderate Level","Property 5: Confidence Score Consistency"],"fullName":"Refactoring Validation - Moderate Level Property 5: Confidence Score Consistency should calculate confidence score for no issues within expected range","status":"passed","title":"should calculate confidence score for no issues within expected range","duration":1.3228510000000142,"failureMessages":[],"meta":{},"tags":[]},{"ancestorTitles":["Refactoring Validation - Moderate Level","Property 5: Confidence Score Consistency"],"fullName":"Refactoring Validation - Moderate Level Property 5: Confidence Score Consistency should calculate confidence score for mock APIs within expected range","status":"passed","title":"should calculate confidence score for mock APIs within expected range","duration":2.3728590000000622,"failureMessages":[],"meta":{},"tags":[]},{"ancestorTitles":["Refactoring Validation - Moderate Level","Property 5: Confidence Score Consistency"],"fullName":"Refactoring Validation - Moderate Level Property 5: Confidence Score Consistency should produce consistent confidence scores for identical code","status":"passed","title":"should produce consistent confidence scores for identical code","duration":1.3187650000000986,"failureMessages":[],"meta":{},"tags":[]},{"ancestorTitles":["Refactoring Validation - Moderate Level","Property 6: Method Signature Stability"],"fullName":"Refactoring Validation - Moderate Level Property 6: Method Signature Stability should maintain JavaScriptAnalyzer public API","status":"passed","title":"should maintain JavaScriptAnalyzer public API","duration":1.3845949999999903,"failureMessages":[],"meta":{},"tags":[]},{"ancestorTitles":["Refactoring Validation - Moderate Level","Property 6: Method Signature Stability"],"fullName":"Refactoring Validation - Moderate Level Property 6: Method Signature Stability should maintain CodeAnalyzer public API","status":"passed","title":"should maintain CodeAnalyzer public API","duration":5.646502000000055,"failureMessages":[],"meta":{},"tags":[]},{"ancestorTitles":["Refactoring Validation - Moderate Level","Property 7: Output Structure Validation"],"fullName":"Refactoring Validation - Moderate Level Property 7: Output Structure Validation should produce valid AnalysisResult structure","status":"passed","title":"should produce valid AnalysisResult structure","duration":2.405124999999998,"failureMessages":[],"meta":{},"tags":[]}],"startTime":1774029850520,"endTime":1774029850587.405,"status":"passed","message":"","name":"/home/vector/Documentos/RalphLoopInverso/tests/refactoring-validation.test.ts"},{"assertionResults":[{"ancestorTitles":["generateId"],"fullName":"generateId should generate unique IDs with prefix","status":"passed","title":"should generate unique IDs with prefix","duration":4.926598999999953,"failureMessages":[],"meta":{},"tags":[]},{"ancestorTitles":["generateId"],"fullName":"generateId should handle different prefixes","status":"passed","title":"should handle different prefixes","duration":0.9091040000000135,"failureMessages":[],"meta":{},"tags":[]},{"ancestorTitles":["createErrorResponse"],"fullName":"createErrorResponse should create error response with default severity","status":"passed","title":"should create error response with default severity","duration":1.3917920000000095,"failureMessages":[],"meta":{},"tags":[]},{"ancestorTitles":["createErrorResponse"],"fullName":"createErrorResponse should create error response with custom code","status":"passed","title":"should create error response with custom code","duration":0.3510989999999765,"failureMessages":[],"meta":{},"tags":[]},{"ancestorTitles":["createErrorResponse"],"fullName":"createErrorResponse should create error response with custom severity","status":"passed","title":"should create error response with custom severity","duration":0.3069679999999835,"failureMessages":[],"meta":{},"tags":[]},{"ancestorTitles":["createErrorResponse"],"fullName":"createErrorResponse should have no data in error response","status":"passed","title":"should have no data in error response","duration":0.2518699999999967,"failureMessages":[],"meta":{},"tags":[]},{"ancestorTitles":["createSuccessResponse"],"fullName":"createSuccessResponse should create success response with data","status":"passed","title":"should create success response with data","duration":0.35902199999998174,"failureMessages":[],"meta":{},"tags":[]},{"ancestorTitles":["createSuccessResponse"],"fullName":"createSuccessResponse should have no errors in success response","status":"passed","title":"should have no errors in success response","duration":0.3261749999999779,"failureMessages":[],"meta":{},"tags":[]},{"ancestorTitles":["createSuccessResponse"],"fullName":"createSuccessResponse should handle complex data types","status":"passed","title":"should handle complex data types","duration":0.43793199999998933,"failureMessages":[],"meta":{},"tags":[]}],"startTime":1774029858854,"endTime":1774029858864.438,"status":"passed","message":"","name":"/home/vector/Documentos/RalphLoopInverso/tests/schemas.test.ts"},{"assertionResults":[{"ancestorTitles":["BoilerplateGenerator","generate"],"fullName":"BoilerplateGenerator generate deve gerar boilerplate de código com contrato válido","status":"skipped","title":"deve gerar boilerplate de código com contrato válido","failureMessages":[],"meta":{},"tags":[]},{"ancestorTitles":["BoilerplateGenerator","generate"],"fullName":"BoilerplateGenerator generate deve gerar código de testes quando solicitado","status":"passed","title":"deve gerar código de testes quando solicitado","duration":10.491926999999919,"failureMessages":[],"meta":{},"tags":[]},{"ancestorTitles":["BoilerplateGenerator","generate"],"fullName":"BoilerplateGenerator generate deve extrair nome do detector das regras do contrato","status":"skipped","title":"deve extrair nome do detector das regras do contrato","failureMessages":[],"meta":{},"tags":[]},{"ancestorTitles":["BoilerplateGenerator","generate"],"fullName":"BoilerplateGenerator generate deve gerar nome padrão se detector_name não existir","status":"skipped","title":"deve gerar nome padrão se detector_name não existir","failureMessages":[],"meta":{},"tags":[]},{"ancestorTitles":["BoilerplateGenerator","extractDetectorName"],"fullName":"BoilerplateGenerator extractDetectorName deve extrair nome da primeira regra com implement_detector","status":"passed","title":"deve extrair nome da primeira regra com implement_detector","duration":4.490449000000012,"failureMessages":[],"meta":{},"tags":[]},{"ancestorTitles":["BoilerplateGenerator","extractDetectorName"],"fullName":"BoilerplateGenerator extractDetectorName deve gerar nome baseado no título se não houver detector_name","status":"skipped","title":"deve gerar nome baseado no título se não houver detector_name","failureMessages":[],"meta":{},"tags":[]},{"ancestorTitles":["BoilerplateGenerator","extractDetectorName"],"fullName":"BoilerplateGenerator extractDetectorName deve lidar com título vazio","status":"passed","title":"deve lidar com título vazio","duration":1.6225999999999203,"failureMessages":[],"meta":{},"tags":[]},{"ancestorTitles":["BoilerplateGenerator","generateDetectorCode"],"fullName":"BoilerplateGenerator generateDetectorCode deve gerar código TypeScript válido","status":"passed","title":"deve gerar código TypeScript válido","duration":1.3822280000000546,"failureMessages":[],"meta":{},"tags":[]},{"ancestorTitles":["BoilerplateGenerator","generateDetectorCode"],"fullName":"BoilerplateGenerator generateDetectorCode deve incluir instruções para regras do contrato","status":"passed","title":"deve incluir instruções para regras do contrato","duration":0.9297840000000406,"failureMessages":[],"meta":{},"tags":[]},{"ancestorTitles":["BoilerplateGenerator","generateDetectorCode"],"fullName":"BoilerplateGenerator generateDetectorCode deve incluir casos para cobrir","status":"passed","title":"deve incluir casos para cobrir","duration":1.0486529999999448,"failureMessages":[],"meta":{},"tags":[]},{"ancestorTitles":["BoilerplateGenerator","generateTestCode"],"fullName":"BoilerplateGenerator generateTestCode deve gerar testes usando Vitest","status":"passed","title":"deve gerar testes usando Vitest","duration":1.1635609999999588,"failureMessages":[],"meta":{},"tags":[]},{"ancestorTitles":["BoilerplateGenerator","generateTestCode"],"fullName":"BoilerplateGenerator generateTestCode deve incluir testes unitários e de integração","status":"passed","title":"deve incluir testes unitários e de integração","duration":1.0671949999999697,"failureMessages":[],"meta":{},"tags":[]},{"ancestorTitles":["BoilerplateGenerator","extractCode"],"fullName":"BoilerplateGenerator extractCode deve extrair código de bloco typescript","status":"passed","title":"deve extrair código de bloco typescript","duration":1.114908000000014,"failureMessages":[],"meta":{},"tags":[]},{"ancestorTitles":["BoilerplateGenerator","extractCode"],"fullName":"BoilerplateGenerator extractCode deve extrair código de bloco ts","status":"passed","title":"deve extrair código de bloco ts","duration":0.7704880000000003,"failureMessages":[],"meta":{},"tags":[]},{"ancestorTitles":["BoilerplateGenerator","extractCode"],"fullName":"BoilerplateGenerator extractCode deve extrair código de bloco genérico","status":"passed","title":"deve extrair código de bloco genérico","duration":0.7690599999999677,"failureMessages":[],"meta":{},"tags":[]},{"ancestorTitles":["BoilerplateGenerator","extractCode"],"fullName":"BoilerplateGenerator extractCode deve retornar resposta direta se não houver blocos","status":"passed","title":"deve retornar resposta direta se não houver blocos","duration":0.7506799999999885,"failureMessages":[],"meta":{},"tags":[]},{"ancestorTitles":["BoilerplateGenerator","extractCode"],"fullName":"BoilerplateGenerator extractCode deve trimar espaços em branco","status":"passed","title":"deve trimar espaços em branco","duration":0.6911719999999377,"failureMessages":[],"meta":{},"tags":[]},{"ancestorTitles":["BoilerplateGenerator","callOllama"],"fullName":"BoilerplateGenerator callOllama deve chamar API do Ollama com parâmetros corretos","status":"passed","title":"deve chamar API do Ollama com parâmetros corretos","duration":3.113882999999987,"failureMessages":[],"meta":{},"tags":[]},{"ancestorTitles":["BoilerplateGenerator","callOllama"],"fullName":"BoilerplateGenerator callOllama deve usar temperatura baixa para código","status":"passed","title":"deve usar temperatura baixa para código","duration":1.4013539999999693,"failureMessages":[],"meta":{},"tags":[]},{"ancestorTitles":["BoilerplateGenerator","callOllama"],"fullName":"BoilerplateGenerator callOllama deve usar timeout de 3 minutos","status":"passed","title":"deve usar timeout de 3 minutos","duration":1.4794160000000147,"failureMessages":[],"meta":{},"tags":[]}],"startTime":1774029855590,"endTime":1774029855624.4795,"status":"passed","message":"","name":"/home/vector/Documentos/RalphLoopInverso/qwen-escapekit/tests/boilerplate-generator.test.ts"},{"assertionResults":[{"ancestorTitles":["ContractGenerator","checkOllama"],"fullName":"ContractGenerator checkOllama deve verificar se Ollama está rodando","status":"passed","title":"deve verificar se Ollama está rodando","duration":7.205201999999986,"failureMessages":[],"meta":{},"tags":[]},{"ancestorTitles":["ContractGenerator","checkOllama"],"fullName":"ContractGenerator checkOllama deve lançar erro se Ollama não estiver rodando","status":"passed","title":"deve lançar erro se Ollama não estiver rodando","duration":3.4425370000000157,"failureMessages":[],"meta":{},"tags":[]},{"ancestorTitles":["ContractGenerator","generate"],"fullName":"ContractGenerator generate deve gerar contrato YAML válido com metadados","status":"passed","title":"deve gerar contrato YAML válido com metadados","duration":6.077850000000012,"failureMessages":[],"meta":{},"tags":[]},{"ancestorTitles":["ContractGenerator","generate"],"fullName":"ContractGenerator generate deve usar modelo configurado","status":"passed","title":"deve usar modelo configurado","duration":4.991084000000001,"failureMessages":[],"meta":{},"tags":[]},{"ancestorTitles":["ContractGenerator","generate"],"fullName":"ContractGenerator generate deve extrair YAML de bloco de código markdown","status":"passed","title":"deve extrair YAML de bloco de código markdown","duration":1.2887980000000425,"failureMessages":[],"meta":{},"tags":[]},{"ancestorTitles":["ContractGenerator","generate"],"fullName":"ContractGenerator generate deve lançar erro se IA retornar formato inesperado","status":"passed","title":"deve lançar erro se IA retornar formato inesperado","duration":0.978162999999995,"failureMessages":[],"meta":{},"tags":[]},{"ancestorTitles":["ContractGenerator","generate"],"fullName":"ContractGenerator generate deve lançar erro se resposta estiver vazia","status":"passed","title":"deve lançar erro se resposta estiver vazia","duration":0.8527100000000019,"failureMessages":[],"meta":{},"tags":[]},{"ancestorTitles":["ContractGenerator","generate"],"fullName":"ContractGenerator generate deve incluir metadados no prompt","status":"passed","title":"deve incluir metadados no prompt","duration":0.6976039999999557,"failureMessages":[],"meta":{},"tags":[]},{"ancestorTitles":["ContractGenerator","generate"],"fullName":"ContractGenerator generate deve usar temperatura configurada","status":"passed","title":"deve usar temperatura configurada","duration":3.917854000000034,"failureMessages":[],"meta":{},"tags":[]},{"ancestorTitles":["ContractGenerator","buildPrompt"],"fullName":"ContractGenerator buildPrompt deve construir prompt estruturado com todos os metadados","status":"passed","title":"deve construir prompt estruturado com todos os metadados","duration":0.8655290000000377,"failureMessages":[],"meta":{},"tags":[]},{"ancestorTitles":["ContractGenerator","buildPrompt"],"fullName":"ContractGenerator buildPrompt deve lidar com metadados ausentes","status":"passed","title":"deve lidar com metadados ausentes","duration":1.0536050000000614,"failureMessages":[],"meta":{},"tags":[]},{"ancestorTitles":["ContractGenerator","extractYaml"],"fullName":"ContractGenerator extractYaml deve extrair YAML de bloco ```yaml","status":"passed","title":"deve extrair YAML de bloco ```yaml","duration":0.9326409999999896,"failureMessages":[],"meta":{},"tags":[]},{"ancestorTitles":["ContractGenerator","extractYaml"],"fullName":"ContractGenerator extractYaml deve extrair YAML de bloco ``` genérico","status":"passed","title":"deve extrair YAML de bloco ``` genérico","duration":1.1396459999999706,"failureMessages":[],"meta":{},"tags":[]},{"ancestorTitles":["ContractGenerator","extractYaml"],"fullName":"ContractGenerator extractYaml deve retornar null se não encontrar YAML","status":"passed","title":"deve retornar null se não encontrar YAML","duration":0.7524100000000544,"failureMessages":[],"meta":{},"tags":[]},{"ancestorTitles":["ContractGenerator","extractYaml"],"fullName":"ContractGenerator extractYaml deve retornar resposta direta se parecer YAML","status":"passed","title":"deve retornar resposta direta se parecer YAML","duration":0.8167150000000447,"failureMessages":[],"meta":{},"tags":[]}],"startTime":1774029856295,"endTime":1774029856330.8167,"status":"passed","message":"","name":"/home/vector/Documentos/RalphLoopInverso/qwen-escapekit/tests/contract-generator.test.ts"},{"assertionResults":[{"ancestorTitles":["ContractValidator","validate"],"fullName":"ContractValidator validate deve validar contrato bem formado e completo","status":"passed","title":"deve validar contrato bem formado e completo","duration":12.205804,"failureMessages":[],"meta":{},"tags":[]},{"ancestorTitles":["ContractValidator","validate"],"fullName":"ContractValidator validate deve apontar erros para YAML com campos faltando","status":"passed","title":"deve apontar erros para YAML com campos faltando","duration":2.6063879999999813,"failureMessages":[],"meta":{},"tags":[]},{"ancestorTitles":["ContractValidator","validate"],"fullName":"ContractValidator validate deve lançar exceção tratada para YAML mal formatado","status":"passed","title":"deve lançar exceção tratada para YAML mal formatado","duration":1.9393570000000295,"failureMessages":[],"meta":{},"tags":[]},{"ancestorTitles":["ContractValidator","validate"],"fullName":"ContractValidator validate deve validar estrutura de facts","status":"passed","title":"deve validar estrutura de facts","duration":0.9710450000000037,"failureMessages":[],"meta":{},"tags":[]},{"ancestorTitles":["ContractValidator","validate"],"fullName":"ContractValidator validate deve validar tipos de fact","status":"passed","title":"deve validar tipos de fact","duration":1.0533920000000307,"failureMessages":[],"meta":{},"tags":[]},{"ancestorTitles":["ContractValidator","validate"],"fullName":"ContractValidator validate deve validar relevância de fact","status":"passed","title":"deve validar relevância de fact","duration":1.0415849999999978,"failureMessages":[],"meta":{},"tags":[]},{"ancestorTitles":["ContractValidator","validate"],"fullName":"ContractValidator validate deve validar estrutura de patterns","status":"passed","title":"deve validar estrutura de patterns","duration":0.47590399999995725,"failureMessages":[],"meta":{},"tags":[]},{"ancestorTitles":["ContractValidator","validate"],"fullName":"ContractValidator validate deve validar estrutura de rules","status":"passed","title":"deve validar estrutura de rules","duration":0.4601000000000113,"failureMessages":[],"meta":{},"tags":[]},{"ancestorTitles":["ContractValidator","validate"],"fullName":"ContractValidator validate deve validar ação de rule","status":"passed","title":"deve validar ação de rule","duration":0.43716000000000577,"failureMessages":[],"meta":{},"tags":[]},{"ancestorTitles":["ContractValidator","validate"],"fullName":"ContractValidator validate deve validar prioridade de rule","status":"passed","title":"deve validar prioridade de rule","duration":0.6844330000000127,"failureMessages":[],"meta":{},"tags":[]},{"ancestorTitles":["ContractValidator","validate"],"fullName":"ContractValidator validate deve validar estrutura de cases","status":"passed","title":"deve validar estrutura de cases","duration":0.7440530000000081,"failureMessages":[],"meta":{},"tags":[]},{"ancestorTitles":["ContractValidator","validate"],"fullName":"ContractValidator validate deve validar consistência de referências cruzadas (patterns)","status":"passed","title":"deve validar consistência de referências cruzadas (patterns)","duration":0.4236720000000105,"failureMessages":[],"meta":{},"tags":[]},{"ancestorTitles":["ContractValidator","validate"],"fullName":"ContractValidator validate deve validar consistência de referências cruzadas (facts)","status":"passed","title":"deve validar consistência de referências cruzadas (facts)","duration":0.5288260000000378,"failureMessages":[],"meta":{},"tags":[]},{"ancestorTitles":["ContractValidator","validate"],"fullName":"ContractValidator validate deve validar múltiplos erros simultaneamente","status":"passed","title":"deve validar múltiplos erros simultaneamente","duration":0.4493089999999711,"failureMessages":[],"meta":{},"tags":[]},{"ancestorTitles":["ContractValidator","validate"],"fullName":"ContractValidator validate deve retornar warnings para campos opcionais faltando","status":"passed","title":"deve retornar warnings para campos opcionais faltando","duration":0.5599219999999718,"failureMessages":[],"meta":{},"tags":[]},{"ancestorTitles":["ContractValidator","cenários de uso real"],"fullName":"ContractValidator cenários de uso real deve validar contrato do exemplo do README","status":"passed","title":"deve validar contrato do exemplo do README","duration":1.1538150000000087,"failureMessages":[],"meta":{},"tags":[]}],"startTime":1774029856912,"endTime":1774029856938.1538,"status":"passed","message":"","name":"/home/vector/Documentos/RalphLoopInverso/qwen-escapekit/tests/contract-validator.test.ts"},{"assertionResults":[{"ancestorTitles":["SourceResolver","resolveFromDoi"],"fullName":"SourceResolver resolveFromDoi deve retornar metadados corretos para DOI válido","status":"passed","title":"deve retornar metadados corretos para DOI válido","duration":8.977892999999995,"failureMessages":[],"meta":{},"tags":[]},{"ancestorTitles":["SourceResolver","resolveFromDoi"],"fullName":"SourceResolver resolveFromDoi deve lançar erro para DOI inválido","status":"passed","title":"deve lançar erro para DOI inválido","duration":4.066104999999993,"failureMessages":[],"meta":{},"tags":[]},{"ancestorTitles":["SourceResolver","resolveFromDoi"],"fullName":"SourceResolver resolveFromDoi deve delegar para arXiv quando DOI começar com arXiv:","status":"passed","title":"deve delegar para arXiv quando DOI começar com arXiv:","duration":4.518346000000065,"failureMessages":[],"meta":{},"tags":[]},{"ancestorTitles":["SourceResolver","resolveFromArxiv"],"fullName":"SourceResolver resolveFromArxiv deve lidar com erro quando arXiv não retorna dados","status":"passed","title":"deve lidar com erro quando arXiv não retorna dados","duration":1.741333999999938,"failureMessages":[],"meta":{},"tags":[]},{"ancestorTitles":["SourceResolver","resolveFromUrl"],"fullName":"SourceResolver resolveFromUrl deve extrair título de URL genérica","status":"passed","title":"deve extrair título de URL genérica","duration":1.4395419999999604,"failureMessages":[],"meta":{},"tags":[]},{"ancestorTitles":["SourceResolver","resolveFromUrl"],"fullName":"SourceResolver resolveFromUrl deve detectar DOI em URL doi.org","status":"passed","title":"deve detectar DOI em URL doi.org","duration":0.9392460000000256,"failureMessages":[],"meta":{},"tags":[]},{"ancestorTitles":["SourceResolver","resolveFromUrl"],"fullName":"SourceResolver resolveFromUrl deve lançar erro para URL inacessível","status":"passed","title":"deve lançar erro para URL inacessível","duration":1.3312839999999824,"failureMessages":[],"meta":{},"tags":[]},{"ancestorTitles":["SourceResolver","resolveFromPdf"],"fullName":"SourceResolver resolveFromPdf deve lidar com erro quando PDF não existe","status":"passed","title":"deve lidar com erro quando PDF não existe","duration":5.413051999999993,"failureMessages":[],"meta":{},"tags":[]},{"ancestorTitles":["SourceResolver","detectação automática de tipo de fonte"],"fullName":"SourceResolver detectação automática de tipo de fonte deve detectar DOI puro (10.xxxx/yyyy)","status":"passed","title":"deve detectar DOI puro (10.xxxx/yyyy)","duration":1.2652550000000247,"failureMessages":[],"meta":{},"tags":[]},{"ancestorTitles":["SourceResolver","detectação automática de tipo de fonte"],"fullName":"SourceResolver detectação automática de tipo de fonte deve detectar URL do DOI.org","status":"passed","title":"deve detectar URL do DOI.org","duration":0.9925370000000839,"failureMessages":[],"meta":{},"tags":[]},{"ancestorTitles":["SourceResolver","detectação automática de tipo de fonte"],"fullName":"SourceResolver detectação automática de tipo de fonte deve detectar URL genérica","status":"passed","title":"deve detectar URL genérica","duration":0.9033010000000559,"failureMessages":[],"meta":{},"tags":[]},{"ancestorTitles":["SourceResolver","tratamento de erros"],"fullName":"SourceResolver tratamento de erros deve fornecer mensagem de erro amigável para API indisponível","status":"passed","title":"deve fornecer mensagem de erro amigável para API indisponível","duration":1.3550160000000915,"failureMessages":[],"meta":{},"tags":[]},{"ancestorTitles":["SourceResolver","tratamento de erros"],"fullName":"SourceResolver tratamento de erros deve lidar com resposta vazia da API","status":"passed","title":"deve lidar com resposta vazia da API","duration":0.7971370000000206,"failureMessages":[],"meta":{},"tags":[]}],"startTime":1774029856164,"endTime":1774029856199.797,"status":"passed","message":"","name":"/home/vector/Documentos/RalphLoopInverso/qwen-escapekit/tests/source-resolver.test.ts"},{"assertionResults":[{"ancestorTitles":["CustomTestParser","canHandle"],"fullName":"CustomTestParser canHandle should identify custom JSON files correctly","status":"passed","title":"should identify custom JSON files correctly","duration":4.758448999999985,"failureMessages":[],"meta":{},"tags":[]},{"ancestorTitles":["CustomTestParser","canHandle"],"fullName":"CustomTestParser canHandle should reject invalid JSON","status":"passed","title":"should reject invalid JSON","duration":0.6977709999999888,"failureMessages":[],"meta":{},"tags":[]},{"ancestorTitles":["CustomTestParser","canHandle"],"fullName":"CustomTestParser canHandle should reject JSON without tests array","status":"passed","title":"should reject JSON without tests array","duration":0.7384050000000002,"failureMessages":[],"meta":{},"tags":[]},{"ancestorTitles":["CustomTestParser","getFrameworkName"],"fullName":"CustomTestParser getFrameworkName should return correct framework name","status":"passed","title":"should return correct framework name","duration":0.7021080000000097,"failureMessages":[],"meta":{},"tags":[]},{"ancestorTitles":["CustomTestParser","getFrameworkName"],"fullName":"CustomTestParser getFrameworkName should return custom framework name if schema provided","status":"passed","title":"should return custom framework name if schema provided","duration":0.35112799999996014,"failureMessages":[],"meta":{},"tags":[]},{"ancestorTitles":["CustomTestParser","load"],"fullName":"CustomTestParser load should parse custom JSON with passed tests","status":"passed","title":"should parse custom JSON with passed tests","duration":2.0820770000000266,"failureMessages":[],"meta":{},"tags":[]},{"ancestorTitles":["CustomTestParser","load"],"fullName":"CustomTestParser load should parse custom JSON with failed tests","status":"passed","title":"should parse custom JSON with failed tests","duration":1.1320739999999887,"failureMessages":[],"meta":{},"tags":[]},{"ancestorTitles":["CustomTestParser","load"],"fullName":"CustomTestParser load should parse custom JSON with skipped tests","status":"passed","title":"should parse custom JSON with skipped tests","duration":0.9144560000000297,"failureMessages":[],"meta":{},"tags":[]},{"ancestorTitles":["CustomTestParser","load"],"fullName":"CustomTestParser load should filter out skipped tests when configured","status":"passed","title":"should filter out skipped tests when configured","duration":0.8747520000000009,"failureMessages":[],"meta":{},"tags":[]},{"ancestorTitles":["CustomTestParser","load"],"fullName":"CustomTestParser load should normalize test case names correctly","status":"passed","title":"should normalize test case names correctly","duration":0.8777099999999791,"failureMessages":[],"meta":{},"tags":[]},{"ancestorTitles":["CustomTestParser","load"],"fullName":"CustomTestParser load should support custom transform function","status":"passed","title":"should support custom transform function","duration":0.5840789999999743,"failureMessages":[],"meta":{},"tags":[]},{"ancestorTitles":["CustomTestParser","load"],"fullName":"CustomTestParser load should load from file path","status":"passed","title":"should load from file path","duration":2.499829000000034,"failureMessages":[],"meta":{},"tags":[]},{"ancestorTitles":["CustomTestParser","status mapping"],"fullName":"CustomTestParser status mapping should map various status values correctly","status":"passed","title":"should map various status values correctly","duration":1.7089920000000234,"failureMessages":[],"meta":{},"tags":[]},{"ancestorTitles":["CustomTestParser","edge cases"],"fullName":"CustomTestParser edge cases should handle empty test results","status":"passed","title":"should handle empty test results","duration":1.1948849999999993,"failureMessages":[],"meta":{},"tags":[]},{"ancestorTitles":["CustomTestParser","edge cases"],"fullName":"CustomTestParser edge cases should handle malformed JSON gracefully","status":"passed","title":"should handle malformed JSON gracefully","duration":3.094093999999984,"failureMessages":[],"meta":{},"tags":[]},{"ancestorTitles":["CustomTestParser","edge cases"],"fullName":"CustomTestParser edge cases should mark tests as failed if they exceed max duration","status":"passed","title":"should mark tests as failed if they exceed max duration","duration":0.7986470000000168,"failureMessages":[],"meta":{},"tags":[]},{"ancestorTitles":["Helper Functions","createCustomTestResult"],"fullName":"Helper Functions createCustomTestResult should create a valid custom test result object","status":"passed","title":"should create a valid custom test result object","duration":1.3436470000000327,"failureMessages":[],"meta":{},"tags":[]},{"ancestorTitles":["Helper Functions","exampleTransform"],"fullName":"Helper Functions exampleTransform should transform a custom test case to test result","status":"passed","title":"should transform a custom test case to test result","duration":0.5038219999999569,"failureMessages":[],"meta":{},"tags":[]},{"ancestorTitles":["Helper Functions","exampleTransform"],"fullName":"Helper Functions exampleTransform should transform a failed test case","status":"passed","title":"should transform a failed test case","duration":0.23510099999998602,"failureMessages":[],"meta":{},"tags":[]}],"startTime":1774029855674,"endTime":1774029855700.504,"status":"passed","message":"","name":"/home/vector/Documentos/RalphLoopInverso/tests/adapters/custom-parser.test.ts"},{"assertionResults":[{"ancestorTitles":["CypressAdapter","canHandle"],"fullName":"CypressAdapter canHandle should identify Cypress JSON with browserName","status":"passed","title":"should identify Cypress JSON with browserName","duration":13.334500999999989,"failureMessages":[],"meta":{},"tags":[]},{"ancestorTitles":["CypressAdapter","canHandle"],"fullName":"CypressAdapter canHandle should identify Cypress JSON with results array","status":"passed","title":"should identify Cypress JSON with results array","duration":0.6363579999999729,"failureMessages":[],"meta":{},"tags":[]},{"ancestorTitles":["CypressAdapter","canHandle"],"fullName":"CypressAdapter canHandle should reject non-Cypress JSON","status":"passed","title":"should reject non-Cypress JSON","duration":0.7383650000000443,"failureMessages":[],"meta":{},"tags":[]},{"ancestorTitles":["CypressAdapter","getFrameworkName"],"fullName":"CypressAdapter getFrameworkName should return cypress","status":"passed","title":"should return cypress","duration":0.9353530000000205,"failureMessages":[],"meta":{},"tags":[]},{"ancestorTitles":["CypressAdapter","load"],"fullName":"CypressAdapter load should parse Cypress JSON with passed tests","status":"passed","title":"should parse Cypress JSON with passed tests","duration":3.4455010000000357,"failureMessages":[],"meta":{},"tags":[]},{"ancestorTitles":["CypressAdapter","load"],"fullName":"CypressAdapter load should parse Cypress JSON with failed tests","status":"passed","title":"should parse Cypress JSON with failed tests","duration":1.3894070000000056,"failureMessages":[],"meta":{},"tags":[]},{"ancestorTitles":["CypressAdapter","load"],"fullName":"CypressAdapter load should parse nested suites","status":"passed","title":"should parse nested suites","duration":1.1124090000000137,"failureMessages":[],"meta":{},"tags":[]},{"ancestorTitles":["CypressAdapter","load"],"fullName":"CypressAdapter load should join title array for test case name","status":"passed","title":"should join title array for test case name","duration":0.7486490000000003,"failureMessages":[],"meta":{},"tags":[]},{"ancestorTitles":["CypressAdapter","load"],"fullName":"CypressAdapter load should map pending state to skipped","status":"passed","title":"should map pending state to skipped","duration":0.7587839999999915,"failureMessages":[],"meta":{},"tags":[]},{"ancestorTitles":["CypressAdapter","load"],"fullName":"CypressAdapter load should handle empty results","status":"passed","title":"should handle empty results","duration":1.952588999999989,"failureMessages":[],"meta":{},"tags":[]},{"ancestorTitles":["CypressAdapter","load"],"fullName":"CypressAdapter load should load from file","status":"passed","title":"should load from file","duration":2.9615229999999997,"failureMessages":[],"meta":{},"tags":[]},{"ancestorTitles":["CypressAdapter","load"],"fullName":"CypressAdapter load should get error from attempt if no direct error","status":"passed","title":"should get error from attempt if no direct error","duration":1.1342879999999695,"failureMessages":[],"meta":{},"tags":[]}],"startTime":1774029858038,"endTime":1774029858068.1343,"status":"passed","message":"","name":"/home/vector/Documentos/RalphLoopInverso/tests/adapters/cypress-adapter.test.ts"},{"assertionResults":[{"ancestorTitles":["JestAdapter","canHandle"],"fullName":"JestAdapter canHandle should identify Jest JSON correctly","status":"passed","title":"should identify Jest JSON correctly","duration":4.492215000000044,"failureMessages":[],"meta":{},"tags":[]},{"ancestorTitles":["JestAdapter","canHandle"],"fullName":"JestAdapter canHandle should reject non-Jest JSON","status":"passed","title":"should reject non-Jest JSON","duration":0.5426370000000134,"failureMessages":[],"meta":{},"tags":[]},{"ancestorTitles":["JestAdapter","canHandle"],"fullName":"JestAdapter canHandle should reject invalid JSON","status":"passed","title":"should reject invalid JSON","duration":0.6460660000000189,"failureMessages":[],"meta":{},"tags":[]},{"ancestorTitles":["JestAdapter","getFrameworkName"],"fullName":"JestAdapter getFrameworkName should return jest","status":"passed","title":"should return jest","duration":0.6086010000000215,"failureMessages":[],"meta":{},"tags":[]},{"ancestorTitles":["JestAdapter","load"],"fullName":"JestAdapter load should parse Jest JSON with passed tests","status":"passed","title":"should parse Jest JSON with passed tests","duration":2.747908999999993,"failureMessages":[],"meta":{},"tags":[]},{"ancestorTitles":["JestAdapter","load"],"fullName":"JestAdapter load should parse Jest JSON with failed tests","status":"passed","title":"should parse Jest JSON with failed tests","duration":2.117414999999994,"failureMessages":[],"meta":{},"tags":[]},{"ancestorTitles":["JestAdapter","load"],"fullName":"JestAdapter load should parse Jest JSON with skipped tests","status":"passed","title":"should parse Jest JSON with skipped tests","duration":0.5895820000000072,"failureMessages":[],"meta":{},"tags":[]},{"ancestorTitles":["JestAdapter","load"],"fullName":"JestAdapter load should filter skipped when configured","status":"passed","title":"should filter skipped when configured","duration":0.9035849999999641,"failureMessages":[],"meta":{},"tags":[]},{"ancestorTitles":["JestAdapter","load"],"fullName":"JestAdapter load should normalize test case names","status":"passed","title":"should normalize test case names","duration":0.8098149999999578,"failureMessages":[],"meta":{},"tags":[]},{"ancestorTitles":["JestAdapter","load"],"fullName":"JestAdapter load should load from file","status":"passed","title":"should load from file","duration":1.6209159999999656,"failureMessages":[],"meta":{},"tags":[]},{"ancestorTitles":["JestAdapter","load"],"fullName":"JestAdapter load should handle empty test results","status":"passed","title":"should handle empty test results","duration":1.168111999999951,"failureMessages":[],"meta":{},"tags":[]},{"ancestorTitles":["JestAdapter","load"],"fullName":"JestAdapter load should handle nested suites","status":"passed","title":"should handle nested suites","duration":0.8994920000000093,"failureMessages":[],"meta":{},"tags":[]}],"startTime":1774029856994,"endTime":1774029857012.8994,"status":"passed","message":"","name":"/home/vector/Documentos/RalphLoopInverso/tests/adapters/jest-adapter.test.ts"},{"assertionResults":[{"ancestorTitles":["MochaAdapter","canHandle"],"fullName":"MochaAdapter canHandle should identify Mocha XML files correctly","status":"passed","title":"should identify Mocha XML files correctly","duration":5.366541999999981,"failureMessages":[],"meta":{},"tags":[]},{"ancestorTitles":["MochaAdapter","canHandle"],"fullName":"MochaAdapter canHandle should reject non-Mocha XML files","status":"passed","title":"should reject non-Mocha XML files","duration":0.9081949999999779,"failureMessages":[],"meta":{},"tags":[]},{"ancestorTitles":["MochaAdapter","canHandle"],"fullName":"MochaAdapter canHandle should reject non-XML files","status":"passed","title":"should reject non-XML files","duration":0.7808949999999868,"failureMessages":[],"meta":{},"tags":[]},{"ancestorTitles":["MochaAdapter","canHandle"],"fullName":"MochaAdapter canHandle should identify XML content directly","status":"passed","title":"should identify XML content directly","duration":1.1687089999999785,"failureMessages":[],"meta":{},"tags":[]},{"ancestorTitles":["MochaAdapter","getFrameworkName"],"fullName":"MochaAdapter getFrameworkName should return correct framework name","status":"passed","title":"should return correct framework name","duration":0.6033029999999826,"failureMessages":[],"meta":{},"tags":[]},{"ancestorTitles":["MochaAdapter","load"],"fullName":"MochaAdapter load should parse Mocha XML output with passed tests","status":"passed","title":"should parse Mocha XML output with passed tests","duration":4.068731000000014,"failureMessages":[],"meta":{},"tags":[]},{"ancestorTitles":["MochaAdapter","load"],"fullName":"MochaAdapter load should parse Mocha XML output with failed tests","status":"passed","title":"should parse Mocha XML output with failed tests","duration":1.4707670000000235,"failureMessages":[],"meta":{},"tags":[]},{"ancestorTitles":["MochaAdapter","load"],"fullName":"MochaAdapter load should parse Mocha XML output with skipped tests","status":"passed","title":"should parse Mocha XML output with skipped tests","duration":0.7590289999999982,"failureMessages":[],"meta":{},"tags":[]},{"ancestorTitles":["MochaAdapter","load"],"fullName":"MochaAdapter load should filter out skipped tests when configured","status":"passed","title":"should filter out skipped tests when configured","duration":0.9071370000000343,"failureMessages":[],"meta":{},"tags":[]},{"ancestorTitles":["MochaAdapter","load"],"fullName":"MochaAdapter load should normalize test case names correctly","status":"passed","title":"should normalize test case names correctly","duration":0.9620459999999866,"failureMessages":[],"meta":{},"tags":[]},{"ancestorTitles":["MochaAdapter","load"],"fullName":"MochaAdapter load should handle test errors","status":"passed","title":"should handle test errors","duration":0.7470959999999991,"failureMessages":[],"meta":{},"tags":[]},{"ancestorTitles":["MochaAdapter","load"],"fullName":"MochaAdapter load should load from file path","status":"passed","title":"should load from file path","duration":1.2101499999999987,"failureMessages":[],"meta":{},"tags":[]},{"ancestorTitles":["MochaAdapter","edge cases"],"fullName":"MochaAdapter edge cases should handle empty test results","status":"passed","title":"should handle empty test results","duration":0.8012039999999843,"failureMessages":[],"meta":{},"tags":[]},{"ancestorTitles":["MochaAdapter","edge cases"],"fullName":"MochaAdapter edge cases should handle malformed XML gracefully","status":"passed","title":"should handle malformed XML gracefully","duration":1.3445159999999987,"failureMessages":[],"meta":{},"tags":[]},{"ancestorTitles":["MochaAdapter","edge cases"],"fullName":"MochaAdapter edge cases should handle single testsuite without testsuites wrapper","status":"passed","title":"should handle single testsuite without testsuites wrapper","duration":1.0257439999999747,"failureMessages":[],"meta":{},"tags":[]}],"startTime":1774029854270,"endTime":1774029854294.0256,"status":"passed","message":"","name":"/home/vector/Documentos/RalphLoopInverso/tests/adapters/mocha-adapter.test.ts"},{"assertionResults":[{"ancestorTitles":["PlaywrightAdapter","canHandle"],"fullName":"PlaywrightAdapter canHandle should identify Playwright JSON with suites","status":"passed","title":"should identify Playwright JSON with suites","duration":6.99707699999999,"failureMessages":[],"meta":{},"tags":[]},{"ancestorTitles":["PlaywrightAdapter","canHandle"],"fullName":"PlaywrightAdapter canHandle should identify Playwright JSON with config","status":"passed","title":"should identify Playwright JSON with config","duration":0.6155019999999922,"failureMessages":[],"meta":{},"tags":[]},{"ancestorTitles":["PlaywrightAdapter","canHandle"],"fullName":"PlaywrightAdapter canHandle should reject non-Playwright JSON","status":"passed","title":"should reject non-Playwright JSON","duration":0.6327299999999809,"failureMessages":[],"meta":{},"tags":[]},{"ancestorTitles":["PlaywrightAdapter","getFrameworkName"],"fullName":"PlaywrightAdapter getFrameworkName should return playwright","status":"passed","title":"should return playwright","duration":0.6427400000000034,"failureMessages":[],"meta":{},"tags":[]},{"ancestorTitles":["PlaywrightAdapter","load"],"fullName":"PlaywrightAdapter load should parse Playwright JSON with passed tests","status":"passed","title":"should parse Playwright JSON with passed tests","duration":2.238153000000011,"failureMessages":[],"meta":{},"tags":[]},{"ancestorTitles":["PlaywrightAdapter","load"],"fullName":"PlaywrightAdapter load should parse Playwright JSON with failed tests","status":"passed","title":"should parse Playwright JSON with failed tests","duration":1.0653050000000235,"failureMessages":[],"meta":{},"tags":[]},{"ancestorTitles":["PlaywrightAdapter","load"],"fullName":"PlaywrightAdapter load should handle nested suites","status":"passed","title":"should handle nested suites","duration":2.893178999999975,"failureMessages":[],"meta":{},"tags":[]},{"ancestorTitles":["PlaywrightAdapter","load"],"fullName":"PlaywrightAdapter load should include duration from results","status":"passed","title":"should include duration from results","duration":0.5893889999999828,"failureMessages":[],"meta":{},"tags":[]},{"ancestorTitles":["PlaywrightAdapter","load"],"fullName":"PlaywrightAdapter load should normalize test case names","status":"passed","title":"should normalize test case names","duration":2.268784000000039,"failureMessages":[],"meta":{},"tags":[]},{"ancestorTitles":["PlaywrightAdapter","load"],"fullName":"PlaywrightAdapter load should handle empty suites","status":"passed","title":"should handle empty suites","duration":1.157730000000015,"failureMessages":[],"meta":{},"tags":[]},{"ancestorTitles":["PlaywrightAdapter","load"],"fullName":"PlaywrightAdapter load should load from file","status":"passed","title":"should load from file","duration":1.1213410000000295,"failureMessages":[],"meta":{},"tags":[]}],"startTime":1774029858559,"endTime":1774029858580.1213,"status":"passed","message":"","name":"/home/vector/Documentos/RalphLoopInverso/tests/adapters/playwright-adapter.test.ts"},{"assertionResults":[{"ancestorTitles":["CodeAnalyzer Integration (mocked)","analyze()"],"fullName":"CodeAnalyzer Integration (mocked) analyze() should analyze code with imports and detect ghost imports","status":"passed","title":"should analyze code with imports and detect ghost imports","duration":18.475709999999992,"failureMessages":[],"meta":{},"tags":[]},{"ancestorTitles":["CodeAnalyzer Integration (mocked)","analyze()"],"fullName":"CodeAnalyzer Integration (mocked) analyze() should detect mock API calls","status":"passed","title":"should detect mock API calls","duration":6.723090000000013,"failureMessages":[],"meta":{},"tags":[]},{"ancestorTitles":["CodeAnalyzer Integration (mocked)","analyze()"],"fullName":"CodeAnalyzer Integration (mocked) analyze() should detect WebGL usage","status":"passed","title":"should detect WebGL usage","duration":1.8115730000000099,"failureMessages":[],"meta":{},"tags":[]},{"ancestorTitles":["CodeAnalyzer Integration (mocked)","analyze()"],"fullName":"CodeAnalyzer Integration (mocked) analyze() should detect sandbox type","status":"passed","title":"should detect sandbox type","duration":4.3160310000000095,"failureMessages":[],"meta":{},"tags":[]},{"ancestorTitles":["CodeAnalyzer Integration (mocked)","analyze()"],"fullName":"CodeAnalyzer Integration (mocked) analyze() should calculate confidence score","status":"passed","title":"should calculate confidence score","duration":2.8773799999999596,"failureMessages":[],"meta":{},"tags":[]},{"ancestorTitles":["CodeAnalyzer Integration (mocked)","analyze()"],"fullName":"CodeAnalyzer Integration (mocked) analyze() should handle empty code","status":"passed","title":"should handle empty code","duration":7.665333000000032,"failureMessages":[],"meta":{},"tags":[]},{"ancestorTitles":["CodeAnalyzer Integration (mocked)","analyze()"],"fullName":"CodeAnalyzer Integration (mocked) analyze() should use provided sandbox type","status":"passed","title":"should use provided sandbox type","duration":1.049156000000039,"failureMessages":[],"meta":{},"tags":[]},{"ancestorTitles":["CodeAnalyzer Integration (mocked)","analyze()"],"fullName":"CodeAnalyzer Integration (mocked) analyze() should perform security analysis when enabled","status":"passed","title":"should perform security analysis when enabled","duration":22.648529999999994,"failureMessages":[],"meta":{},"tags":[]},{"ancestorTitles":["CodeAnalyzer Integration (mocked)","analyze()"],"fullName":"CodeAnalyzer Integration (mocked) analyze() should skip security analysis when disabled","status":"passed","title":"should skip security analysis when disabled","duration":1.9856130000000007,"failureMessages":[],"meta":{},"tags":[]},{"ancestorTitles":["CodeAnalyzer Integration (mocked)","analyze()"],"fullName":"CodeAnalyzer Integration (mocked) analyze() should default to security analysis disabled","status":"passed","title":"should default to security analysis disabled","duration":2.5240459999999985,"failureMessages":[],"meta":{},"tags":[]},{"ancestorTitles":["CodeAnalyzer Integration (mocked)","clearCache()"],"fullName":"CodeAnalyzer Integration (mocked) clearCache() should clear NPM registry cache","status":"passed","title":"should clear NPM registry cache","duration":1.8309469999999806,"failureMessages":[],"meta":{},"tags":[]}],"startTime":1774029851970,"endTime":1774029852042.831,"status":"passed","message":"","name":"/home/vector/Documentos/RalphLoopInverso/tests/analyzers/CodeAnalyzer.integration.test.ts"},{"assertionResults":[{"ancestorTitles":["JavaScriptAnalyzer","parse()"],"fullName":"JavaScriptAnalyzer parse() should parse valid JavaScript code with imports","status":"passed","title":"should parse valid JavaScript code with imports","duration":9.884564000000069,"failureMessages":[],"meta":{},"tags":[]},{"ancestorTitles":["JavaScriptAnalyzer","parse()"],"fullName":"JavaScriptAnalyzer parse() should parse code with mock API calls","status":"passed","title":"should parse code with mock API calls","duration":1.9172050000000809,"failureMessages":[],"meta":{},"tags":[]},{"ancestorTitles":["JavaScriptAnalyzer","parse()"],"fullName":"JavaScriptAnalyzer parse() should parse code with WebGL usage","status":"passed","title":"should parse code with WebGL usage","duration":0.9836609999999837,"failureMessages":[],"meta":{},"tags":[]},{"ancestorTitles":["JavaScriptAnalyzer","parse()"],"fullName":"JavaScriptAnalyzer parse() should handle empty code","status":"passed","title":"should handle empty code","duration":2.743848000000071,"failureMessages":[],"meta":{},"tags":[]},{"ancestorTitles":["JavaScriptAnalyzer","parse()"],"fullName":"JavaScriptAnalyzer parse() should include error context when ParseError is thrown","status":"passed","title":"should include error context when ParseError is thrown","duration":3.7766849999999295,"failureMessages":[],"meta":{},"tags":[]},{"ancestorTitles":["JavaScriptAnalyzer","getPackageNames()"],"fullName":"JavaScriptAnalyzer getPackageNames() should extract package names from imports","status":"passed","title":"should extract package names from imports","duration":1.1767380000000003,"failureMessages":[],"meta":{},"tags":[]},{"ancestorTitles":["JavaScriptAnalyzer","getPackageNames()"],"fullName":"JavaScriptAnalyzer getPackageNames() should handle scoped packages","status":"passed","title":"should handle scoped packages","duration":0.7597079999999323,"failureMessages":[],"meta":{},"tags":[]},{"ancestorTitles":["JavaScriptAnalyzer","languageName()"],"fullName":"JavaScriptAnalyzer languageName() should return correct language name","status":"passed","title":"should return correct language name","duration":0.3952240000000984,"failureMessages":[],"meta":{},"tags":[]}],"startTime":1774029854248,"endTime":1774029854270.7598,"status":"passed","message":"","name":"/home/vector/Documentos/RalphLoopInverso/tests/analyzers/JavaScriptAnalyzer.test.ts"},{"assertionResults":[{"ancestorTitles":["audit command"],"fullName":"audit command should generate markdown report by default","status":"passed","title":"should generate markdown report by default","duration":35.27652899999998,"failureMessages":[],"meta":{},"tags":[]},{"ancestorTitles":["audit command"],"fullName":"audit command should generate HTML report when format is html","status":"passed","title":"should generate HTML report when format is html","duration":2.063821999999959,"failureMessages":[],"meta":{},"tags":[]},{"ancestorTitles":["audit command"],"fullName":"audit command should generate JSON report when format is json","status":"passed","title":"should generate JSON report when format is json","duration":2.826135000000022,"failureMessages":[],"meta":{},"tags":[]},{"ancestorTitles":["audit command"],"fullName":"audit command should generate terminal report when format is terminal","status":"passed","title":"should generate terminal report when format is terminal","duration":1.8676419999999325,"failureMessages":[],"meta":{},"tags":[]},{"ancestorTitles":["audit command"],"fullName":"audit command should include Kiwi TCMS details when requested","status":"passed","title":"should include Kiwi TCMS details when requested","duration":1.0141460000000961,"failureMessages":[],"meta":{},"tags":[]},{"ancestorTitles":["audit command"],"fullName":"audit command should write report to file when output is specified","status":"passed","title":"should write report to file when output is specified","duration":8.551664999999957,"failureMessages":[],"meta":{},"tags":[]},{"ancestorTitles":["audit command"],"fullName":"audit command should throw error when file does not exist","status":"passed","title":"should throw error when file does not exist","duration":2.4892399999999952,"failureMessages":[],"meta":{},"tags":[]},{"ancestorTitles":["audit command"],"fullName":"audit command should throw error for invalid escape.json","status":"passed","title":"should throw error for invalid escape.json","duration":0.41919099999995524,"failureMessages":[],"meta":{},"tags":[]}],"startTime":1774029851949,"endTime":1774029852004.4192,"status":"passed","message":"","name":"/home/vector/Documentos/RalphLoopInverso/tests/commands/audit.test.ts"},{"assertionResults":[{"ancestorTitles":["Property 1: ES6 import detection invariance"],"fullName":"Property 1: ES6 import detection invariance detect() returns results with type=\"es6\" for ES6 imports","status":"passed","title":"detect() returns results with type=\"es6\" for ES6 imports","duration":12.424649999999986,"failureMessages":[],"meta":{},"tags":[]},{"ancestorTitles":["Property 2: Relative import classification invariance"],"fullName":"Property 2: Relative import classification invariance detect() correctly identifies relative imports","status":"passed","title":"detect() correctly identifies relative imports","duration":2.774874999999952,"failureMessages":[],"meta":{},"tags":[]},{"ancestorTitles":["Property 3: CommonJS require detection invariance"],"fullName":"Property 3: CommonJS require detection invariance detect() returns results with type=\"commonjs\" for require statements","status":"passed","title":"detect() returns results with type=\"commonjs\" for require statements","duration":2.694420999999977,"failureMessages":[],"meta":{},"tags":[]},{"ancestorTitles":["Property 4: Package name extraction invariance"],"fullName":"Property 4: Package name extraction invariance extractPackageName() returns correct package name for non-scoped packages","status":"passed","title":"extractPackageName() returns correct package name for non-scoped packages","duration":6.531382000000008,"failureMessages":[],"meta":{},"tags":[]},{"ancestorTitles":["Property 5: Pattern clearing invariance"],"fullName":"Property 5: Pattern clearing invariance clearPatterns() prevents detection of subsequent imports","status":"passed","title":"clearPatterns() prevents detection of subsequent imports","duration":1.3695879999999647,"failureMessages":[],"meta":{},"tags":[]}],"startTime":1774029853661,"endTime":1774029853688.3696,"status":"passed","message":"","name":"/home/vector/Documentos/RalphLoopInverso/tests/detectors/ImportDetector.pbt.test.ts"},{"assertionResults":[{"ancestorTitles":["ImportDetector","detect"],"fullName":"ImportDetector detect should detect ES6 named imports","status":"passed","title":"should detect ES6 named imports","duration":11.549493999999981,"failureMessages":[],"meta":{},"tags":[]},{"ancestorTitles":["ImportDetector","detect"],"fullName":"ImportDetector detect should detect ES6 default imports","status":"passed","title":"should detect ES6 default imports","duration":1.2191490000000158,"failureMessages":[],"meta":{},"tags":[]},{"ancestorTitles":["ImportDetector","detect"],"fullName":"ImportDetector detect should detect ES6 wildcard imports","status":"passed","title":"should detect ES6 wildcard imports","duration":1.4905610000000138,"failureMessages":[],"meta":{},"tags":[]},{"ancestorTitles":["ImportDetector","detect"],"fullName":"ImportDetector detect should detect ES6 imports without from clause","status":"passed","title":"should detect ES6 imports without from clause","duration":1.0360019999999963,"failureMessages":[],"meta":{},"tags":[]},{"ancestorTitles":["ImportDetector","detect"],"fullName":"ImportDetector detect should detect CommonJS requires","status":"passed","title":"should detect CommonJS requires","duration":2.166979000000026,"failureMessages":[],"meta":{},"tags":[]},{"ancestorTitles":["ImportDetector","detect"],"fullName":"ImportDetector detect should detect relative imports","status":"passed","title":"should detect relative imports","duration":1.338391999999999,"failureMessages":[],"meta":{},"tags":[]},{"ancestorTitles":["ImportDetector","detect"],"fullName":"ImportDetector detect should detect scoped packages","status":"passed","title":"should detect scoped packages","duration":1.3528880000000072,"failureMessages":[],"meta":{},"tags":[]},{"ancestorTitles":["ImportDetector","detect"],"fullName":"ImportDetector detect should detect multiple imports","status":"passed","title":"should detect multiple imports","duration":4.480031999999994,"failureMessages":[],"meta":{},"tags":[]},{"ancestorTitles":["ImportDetector","detect"],"fullName":"ImportDetector detect should capture line and column positions","status":"passed","title":"should capture line and column positions","duration":1.075222999999994,"failureMessages":[],"meta":{},"tags":[]},{"ancestorTitles":["ImportDetector","getPackageNames"],"fullName":"ImportDetector getPackageNames should extract package names from imports","status":"passed","title":"should extract package names from imports","duration":2.6652090000000044,"failureMessages":[],"meta":{},"tags":[]},{"ancestorTitles":["ImportDetector","getPackageNames"],"fullName":"ImportDetector getPackageNames should handle scoped packages","status":"passed","title":"should handle scoped packages","duration":0.686411000000021,"failureMessages":[],"meta":{},"tags":[]},{"ancestorTitles":["ImportDetector","getPackageNames"],"fullName":"ImportDetector getPackageNames should extract main package from scoped package with subpath","status":"passed","title":"should extract main package from scoped package with subpath","duration":0.6925899999999956,"failureMessages":[],"meta":{},"tags":[]},{"ancestorTitles":["ImportDetector","getPackageNames"],"fullName":"ImportDetector getPackageNames should return unique package names","status":"passed","title":"should return unique package names","duration":0.665157000000022,"failureMessages":[],"meta":{},"tags":[]},{"ancestorTitles":["ImportDetector","getPackageNames"],"fullName":"ImportDetector getPackageNames should return empty array when no imports","status":"passed","title":"should return empty array when no imports","duration":0.5666590000000156,"failureMessages":[],"meta":{},"tags":[]},{"ancestorTitles":["ImportDetector","getImportsByType"],"fullName":"ImportDetector getImportsByType should filter ES6 imports","status":"passed","title":"should filter ES6 imports","duration":1.0084100000000262,"failureMessages":[],"meta":{},"tags":[]},{"ancestorTitles":["ImportDetector","getRelativeImports"],"fullName":"ImportDetector getRelativeImports should filter relative imports","status":"passed","title":"should filter relative imports","duration":0.8117149999999924,"failureMessages":[],"meta":{},"tags":[]},{"ancestorTitles":["ImportDetector","getExternalImports"],"fullName":"ImportDetector getExternalImports should filter external imports","status":"passed","title":"should filter external imports","duration":0.8103679999999827,"failureMessages":[],"meta":{},"tags":[]},{"ancestorTitles":["ImportDetector","isRelativeImport"],"fullName":"ImportDetector isRelativeImport should identify relative imports starting with ./","status":"passed","title":"should identify relative imports starting with ./","duration":0.37029799999999113,"failureMessages":[],"meta":{},"tags":[]},{"ancestorTitles":["ImportDetector","isRelativeImport"],"fullName":"ImportDetector isRelativeImport should identify relative imports starting with ../","status":"passed","title":"should identify relative imports starting with ../","duration":0.2678539999999998,"failureMessages":[],"meta":{},"tags":[]},{"ancestorTitles":["ImportDetector","isRelativeImport"],"fullName":"ImportDetector isRelativeImport should identify absolute imports starting with /","status":"passed","title":"should identify absolute imports starting with /","duration":0.2587979999999561,"failureMessages":[],"meta":{},"tags":[]},{"ancestorTitles":["ImportDetector","isRelativeImport"],"fullName":"ImportDetector isRelativeImport should identify external imports","status":"passed","title":"should identify external imports","duration":1.1148249999999962,"failureMessages":[],"meta":{},"tags":[]},{"ancestorTitles":["ImportDetector","extractPackageName"],"fullName":"ImportDetector extractPackageName should extract package name from simple import","status":"passed","title":"should extract package name from simple import","duration":0.6084960000000024,"failureMessages":[],"meta":{},"tags":[]},{"ancestorTitles":["ImportDetector","extractPackageName"],"fullName":"ImportDetector extractPackageName should extract package name with subpath","status":"passed","title":"should extract package name with subpath","duration":0.916183999999987,"failureMessages":[],"meta":{},"tags":[]},{"ancestorTitles":["ImportDetector","extractPackageName"],"fullName":"ImportDetector extractPackageName should extract scoped package name","status":"passed","title":"should extract scoped package name","duration":0.32343600000001516,"failureMessages":[],"meta":{},"tags":[]},{"ancestorTitles":["ImportDetector","extractPackageName"],"fullName":"ImportDetector extractPackageName should extract scoped package with subpath","status":"passed","title":"should extract scoped package with subpath","duration":0.28285399999998617,"failureMessages":[],"meta":{},"tags":[]},{"ancestorTitles":["ImportDetector","extractPackageName"],"fullName":"ImportDetector extractPackageName should handle multiple slashes","status":"passed","title":"should handle multiple slashes","duration":0.4046599999999785,"failureMessages":[],"meta":{},"tags":[]},{"ancestorTitles":["ImportDetector","getStatistics"],"fullName":"ImportDetector getStatistics should return correct statistics","status":"passed","title":"should return correct statistics","duration":3.8843889999999988,"failureMessages":[],"meta":{},"tags":[]},{"ancestorTitles":["ImportDetector","getStatistics"],"fullName":"ImportDetector getStatistics should handle empty imports","status":"passed","title":"should handle empty imports","duration":2.4207439999999565,"failureMessages":[],"meta":{},"tags":[]},{"ancestorTitles":["ImportDetector","addPattern"],"fullName":"ImportDetector addPattern should add custom pattern","status":"passed","title":"should add custom pattern","duration":0.7118880000000445,"failureMessages":[],"meta":{},"tags":[]},{"ancestorTitles":["ImportDetector","clearPatterns"],"fullName":"ImportDetector clearPatterns should clear all patterns","status":"passed","title":"should clear all patterns","duration":0.44720899999998664,"failureMessages":[],"meta":{},"tags":[]},{"ancestorTitles":["ImportDetector","getPatterns"],"fullName":"ImportDetector getPatterns should return all patterns","status":"passed","title":"should return all patterns","duration":1.5844299999999976,"failureMessages":[],"meta":{},"tags":[]}],"startTime":1774029853785,"endTime":1774029853834.5845,"status":"passed","message":"","name":"/home/vector/Documentos/RalphLoopInverso/tests/detectors/ImportDetector.test.ts"},{"assertionResults":[{"ancestorTitles":["MockApiDetector","detect"],"fullName":"MockApiDetector detect should detect mockapi.io calls","status":"passed","title":"should detect mockapi.io calls","duration":6.296200999999996,"failureMessages":[],"meta":{},"tags":[]},{"ancestorTitles":["MockApiDetector","detect"],"fullName":"MockApiDetector detect should detect jsonplaceholder calls","status":"passed","title":"should detect jsonplaceholder calls","duration":1.381040999999982,"failureMessages":[],"meta":{},"tags":[]},{"ancestorTitles":["MockApiDetector","detect"],"fullName":"MockApiDetector detect should detect localhost URLs","status":"passed","title":"should detect localhost URLs","duration":1.0394019999999955,"failureMessages":[],"meta":{},"tags":[]},{"ancestorTitles":["MockApiDetector","detect"],"fullName":"MockApiDetector detect should detect 127.0.0.1 URLs","status":"passed","title":"should detect 127.0.0.1 URLs","duration":1.1642079999999737,"failureMessages":[],"meta":{},"tags":[]},{"ancestorTitles":["MockApiDetector","detect"],"fullName":"MockApiDetector detect should return empty array when no mock APIs are found","status":"passed","title":"should return empty array when no mock APIs are found","duration":0.9603210000000217,"failureMessages":[],"meta":{},"tags":[]},{"ancestorTitles":["MockApiDetector","detect"],"fullName":"MockApiDetector detect should detect multiple mock API calls","status":"passed","title":"should detect multiple mock API calls","duration":1.0225699999999733,"failureMessages":[],"meta":{},"tags":[]},{"ancestorTitles":["MockApiDetector","detect"],"fullName":"MockApiDetector detect should capture line and column positions","status":"passed","title":"should capture line and column positions","duration":0.8243529999999737,"failureMessages":[],"meta":{},"tags":[]},{"ancestorTitles":["MockApiDetector","addPattern"],"fullName":"MockApiDetector addPattern should add custom pattern","status":"passed","title":"should add custom pattern","duration":0.5934760000000097,"failureMessages":[],"meta":{},"tags":[]},{"ancestorTitles":["MockApiDetector","clearPatterns"],"fullName":"MockApiDetector clearPatterns should clear all patterns","status":"passed","title":"should clear all patterns","duration":0.8017580000000066,"failureMessages":[],"meta":{},"tags":[]},{"ancestorTitles":["MockApiDetector","getPatterns"],"fullName":"MockApiDetector getPatterns should return all patterns","status":"passed","title":"should return all patterns","duration":2.532991000000038,"failureMessages":[],"meta":{},"tags":[]},{"ancestorTitles":["MockApiDetector","isMockApi"],"fullName":"MockApiDetector isMockApi should return true for mock API URLs","status":"passed","title":"should return true for mock API URLs","duration":1.342247000000043,"failureMessages":[],"meta":{},"tags":[]},{"ancestorTitles":["MockApiDetector","isMockApi"],"fullName":"MockApiDetector isMockApi should return false for real API URLs","status":"passed","title":"should return false for real API URLs","duration":0.6365579999999795,"failureMessages":[],"meta":{},"tags":[]},{"ancestorTitles":["MockApiDetector","getMockApiType"],"fullName":"MockApiDetector getMockApiType should return correct mock API type","status":"passed","title":"should return correct mock API type","duration":0.5463090000000079,"failureMessages":[],"meta":{},"tags":[]},{"ancestorTitles":["MockApiDetector","getMockApiType"],"fullName":"MockApiDetector getMockApiType should return null for non-mock APIs","status":"passed","title":"should return null for non-mock APIs","duration":0.6665449999999851,"failureMessages":[],"meta":{},"tags":[]}],"startTime":1774029855752,"endTime":1774029855772.6665,"status":"passed","message":"","name":"/home/vector/Documentos/RalphLoopInverso/tests/detectors/MockApiDetector.test.ts"},{"assertionResults":[{"ancestorTitles":["SandboxDetector","detect"],"fullName":"SandboxDetector detect should detect AI Studio from @google/generative-ai import","status":"passed","title":"should detect AI Studio from @google/generative-ai import","duration":5.583013999999935,"failureMessages":[],"meta":{},"tags":[]},{"ancestorTitles":["SandboxDetector","detect"],"fullName":"SandboxDetector detect should detect AI Studio from @google/ai-protos import","status":"passed","title":"should detect AI Studio from @google/ai-protos import","duration":0.9929959999999483,"failureMessages":[],"meta":{},"tags":[]},{"ancestorTitles":["SandboxDetector","detect"],"fullName":"SandboxDetector detect should detect AI Studio from gemini references","status":"passed","title":"should detect AI Studio from gemini references","duration":0.7892760000000862,"failureMessages":[],"meta":{},"tags":[]},{"ancestorTitles":["SandboxDetector","detect"],"fullName":"SandboxDetector detect should detect AI Studio from google.ai.generativelanguage API","status":"passed","title":"should detect AI Studio from google.ai.generativelanguage API","duration":0.7225190000000339,"failureMessages":[],"meta":{},"tags":[]},{"ancestorTitles":["SandboxDetector","detect"],"fullName":"SandboxDetector detect should detect Bolt.new","status":"passed","title":"should detect Bolt.new","duration":1.2212109999999257,"failureMessages":[],"meta":{},"tags":[]},{"ancestorTitles":["SandboxDetector","detect"],"fullName":"SandboxDetector detect should detect Replit from @replit packages","status":"passed","title":"should detect Replit from @replit packages","duration":0.5587110000000166,"failureMessages":[],"meta":{},"tags":[]},{"ancestorTitles":["SandboxDetector","detect"],"fullName":"SandboxDetector detect should detect Replit from internal packages","status":"passed","title":"should detect Replit from internal packages","duration":0.7029169999999567,"failureMessages":[],"meta":{},"tags":[]},{"ancestorTitles":["SandboxDetector","detect"],"fullName":"SandboxDetector detect should detect CodeSandbox","status":"passed","title":"should detect CodeSandbox","duration":0.7659280000000308,"failureMessages":[],"meta":{},"tags":[]},{"ancestorTitles":["SandboxDetector","detect"],"fullName":"SandboxDetector detect should detect StackBlitz","status":"passed","title":"should detect StackBlitz","duration":0.713722999999959,"failureMessages":[],"meta":{},"tags":[]},{"ancestorTitles":["SandboxDetector","detect"],"fullName":"SandboxDetector detect should return unknown when no pattern matches","status":"passed","title":"should return unknown when no pattern matches","duration":0.7535860000000412,"failureMessages":[],"meta":{},"tags":[]},{"ancestorTitles":["SandboxDetector","detectAll"],"fullName":"SandboxDetector detectAll should detect all sandbox types in mixed code","status":"passed","title":"should detect all sandbox types in mixed code","duration":2.2935979999999745,"failureMessages":[],"meta":{},"tags":[]},{"ancestorTitles":["SandboxDetector","detectAll"],"fullName":"SandboxDetector detectAll should return [unknown] when no patterns match","status":"passed","title":"should return [unknown] when no patterns match","duration":1.540495999999962,"failureMessages":[],"meta":{},"tags":[]},{"ancestorTitles":["SandboxDetector","detectDetailed"],"fullName":"SandboxDetector detectDetailed should return detailed detection results","status":"passed","title":"should return detailed detection results","duration":1.610367999999994,"failureMessages":[],"meta":{},"tags":[]},{"ancestorTitles":["SandboxDetector","detectDetailed"],"fullName":"SandboxDetector detectDetailed should return multiple detailed results","status":"passed","title":"should return multiple detailed results","duration":1.3928659999999127,"failureMessages":[],"meta":{},"tags":[]},{"ancestorTitles":["SandboxDetector","detectDetailed"],"fullName":"SandboxDetector detectDetailed should return empty array when no patterns match","status":"passed","title":"should return empty array when no patterns match","duration":0.9738889999999856,"failureMessages":[],"meta":{},"tags":[]},{"ancestorTitles":["SandboxDetector","isFromSandbox"],"fullName":"SandboxDetector isFromSandbox should return true for matching sandbox","status":"passed","title":"should return true for matching sandbox","duration":0.9484400000000051,"failureMessages":[],"meta":{},"tags":[]},{"ancestorTitles":["SandboxDetector","isFromSandbox"],"fullName":"SandboxDetector isFromSandbox should return false for unknown code","status":"passed","title":"should return false for unknown code","duration":0.48089900000002217,"failureMessages":[],"meta":{},"tags":[]},{"ancestorTitles":["SandboxDetector","getConfidence"],"fullName":"SandboxDetector getConfidence should return high confidence for single sandbox","status":"passed","title":"should return high confidence for single sandbox","duration":0.42913800000007996,"failureMessages":[],"meta":{},"tags":[]},{"ancestorTitles":["SandboxDetector","getConfidence"],"fullName":"SandboxDetector getConfidence should return 0 for non-matching sandbox","status":"passed","title":"should return 0 for non-matching sandbox","duration":0.2416049999999359,"failureMessages":[],"meta":{},"tags":[]},{"ancestorTitles":["SandboxDetector","getConfidence"],"fullName":"SandboxDetector getConfidence should return 0.5 for unknown with no patterns","status":"passed","title":"should return 0.5 for unknown with no patterns","duration":0.3065880000000334,"failureMessages":[],"meta":{},"tags":[]},{"ancestorTitles":["SandboxDetector","getConfidence"],"fullName":"SandboxDetector getConfidence should handle mixed code correctly","status":"passed","title":"should handle mixed code correctly","duration":0.4478960000000143,"failureMessages":[],"meta":{},"tags":[]},{"ancestorTitles":["SandboxDetector","getPatternsForType"],"fullName":"SandboxDetector getPatternsForType should return patterns for AI Studio","status":"passed","title":"should return patterns for AI Studio","duration":0.6125769999999875,"failureMessages":[],"meta":{},"tags":[]},{"ancestorTitles":["SandboxDetector","getPatternsForType"],"fullName":"SandboxDetector getPatternsForType should return empty array for unknown type","status":"passed","title":"should return empty array for unknown type","duration":0.6187140000000682,"failureMessages":[],"meta":{},"tags":[]},{"ancestorTitles":["SandboxDetector","getPatternsForType"],"fullName":"SandboxDetector getPatternsForType should return patterns for Bolt.new","status":"passed","title":"should return patterns for Bolt.new","duration":0.552677000000017,"failureMessages":[],"meta":{},"tags":[]},{"ancestorTitles":["SandboxDetector","getPatternsForType"],"fullName":"SandboxDetector getPatternsForType should return patterns for Replit","status":"passed","title":"should return patterns for Replit","duration":0.5406770000000733,"failureMessages":[],"meta":{},"tags":[]},{"ancestorTitles":["SandboxDetector","addPattern"],"fullName":"SandboxDetector addPattern should add custom pattern","status":"passed","title":"should add custom pattern","duration":0.4161650000000918,"failureMessages":[],"meta":{},"tags":[]},{"ancestorTitles":["SandboxDetector","clearPatterns"],"fullName":"SandboxDetector clearPatterns should clear all patterns","status":"passed","title":"should clear all patterns","duration":0.3571630000000141,"failureMessages":[],"meta":{},"tags":[]},{"ancestorTitles":["SandboxDetector","getPatterns"],"fullName":"SandboxDetector getPatterns should return all patterns","status":"passed","title":"should return all patterns","duration":5.164438000000018,"failureMessages":[],"meta":{},"tags":[]},{"ancestorTitles":["SandboxDetector","getPatterns"],"fullName":"SandboxDetector getPatterns should include patterns for all sandboxes","status":"passed","title":"should include patterns for all sandboxes","duration":0.3274149999999736,"failureMessages":[],"meta":{},"tags":[]}],"startTime":1774029854231,"endTime":1774029854265.3274,"status":"passed","message":"","name":"/home/vector/Documentos/RalphLoopInverso/tests/detectors/SandboxDetector.test.ts"},{"assertionResults":[{"ancestorTitles":["WebGLDetector","detect"],"fullName":"WebGLDetector detect should detect Three.js imports","status":"passed","title":"should detect Three.js imports","duration":9.297658000000013,"failureMessages":[],"meta":{},"tags":[]},{"ancestorTitles":["WebGLDetector","detect"],"fullName":"WebGLDetector detect should detect Three.js object creation","status":"passed","title":"should detect Three.js object creation","duration":4.37883800000003,"failureMessages":[],"meta":{},"tags":[]},{"ancestorTitles":["WebGLDetector","detect"],"fullName":"WebGLDetector detect should detect React Three Fiber imports","status":"passed","title":"should detect React Three Fiber imports","duration":1.2906849999999963,"failureMessages":[],"meta":{},"tags":[]},{"ancestorTitles":["WebGLDetector","detect"],"fullName":"WebGLDetector detect should detect WebGLRenderingContext","status":"passed","title":"should detect WebGLRenderingContext","duration":0.8551299999999742,"failureMessages":[],"meta":{},"tags":[]},{"ancestorTitles":["WebGLDetector","detect"],"fullName":"WebGLDetector detect should detect canvas getContext calls","status":"passed","title":"should detect canvas getContext calls","duration":1.147984000000008,"failureMessages":[],"meta":{},"tags":[]},{"ancestorTitles":["WebGLDetector","detect"],"fullName":"WebGLDetector detect should detect canvas element creation","status":"passed","title":"should detect canvas element creation","duration":0.8585339999999633,"failureMessages":[],"meta":{},"tags":[]},{"ancestorTitles":["WebGLDetector","detect"],"fullName":"WebGLDetector detect should return empty array when no WebGL is found","status":"passed","title":"should return empty array when no WebGL is found","duration":1.3616999999999848,"failureMessages":[],"meta":{},"tags":[
[...]
ormalizer","parsePriority"],"fullName":"kiwi-normalizer parsePriority should parse critical from metadata","status":"passed","title":"should parse critical from metadata","duration":0.8110969999999611,"failureMessages":[],"meta":{},"tags":[]},{"ancestorTitles":["kiwi-normalizer","parsePriority"],"fullName":"kiwi-normalizer parsePriority should default to P1","status":"passed","title":"should default to P1","duration":0.39295400000003156,"failureMessages":[],"meta":{},"tags":[]},{"ancestorTitles":["kiwi-normalizer","parseStatus"],"fullName":"kiwi-normalizer parseStatus should map passed to PASSED","status":"passed","title":"should map passed to PASSED","duration":0.3688669999999661,"failureMessages":[],"meta":{},"tags":[]},{"ancestorTitles":["kiwi-normalizer","parseStatus"],"fullName":"kiwi-normalizer parseStatus should map failed to FAILED","status":"passed","title":"should map failed to FAILED","duration":0.5553969999999708,"failureMessages":[],"meta":{},"tags":[]},{"ancestorTitles":["kiwi-normalizer","parseStatus"],"fullName":"kiwi-normalizer parseStatus should map skipped to IDLE","status":"passed","title":"should map skipped to IDLE","duration":0.7770929999999794,"failureMessages":[],"meta":{},"tags":[]},{"ancestorTitles":["kiwi-normalizer","analyzeTestFile"],"fullName":"kiwi-normalizer analyzeTestFile should detect vitest format","status":"passed","title":"should detect vitest format","duration":0.5962619999999674,"failureMessages":[],"meta":{},"tags":[]},{"ancestorTitles":["kiwi-normalizer","analyzeTestFile"],"fullName":"kiwi-normalizer analyzeTestFile should detect jest format","status":"passed","title":"should detect jest format","duration":0.3912109999999984,"failureMessages":[],"meta":{},"tags":[]},{"ancestorTitles":["kiwi-normalizer","analyzeTestFile"],"fullName":"kiwi-normalizer analyzeTestFile should detect mocha format","status":"passed","title":"should detect mocha format","duration":0.2920609999999897,"failureMessages":[],"meta":{},"tags":[]},{"ancestorTitles":["kiwi-normalizer","PRIORITY_MAP"],"fullName":"kiwi-normalizer PRIORITY_MAP should have P1-P5 mapped","status":"passed","title":"should have P1-P5 mapped","duration":0.6572070000000281,"failureMessages":[],"meta":{},"tags":[]},{"ancestorTitles":["kiwi-normalizer","STATUS_MAP"],"fullName":"kiwi-normalizer STATUS_MAP should map test outcomes","status":"passed","title":"should map test outcomes","duration":0.5675299999999766,"failureMessages":[],"meta":{},"tags":[]}],"startTime":1774029854948,"endTime":1774029854967.5676,"status":"passed","message":"","name":"/home/vector/Documentos/RalphLoopInverso/tests/unit/kiwi-normalizer.test.ts"},{"assertionResults":[{"ancestorTitles":["RetryHandler"],"fullName":"RetryHandler should succeed on first try","status":"passed","title":"should succeed on first try","duration":4.2325620000000015,"failureMessages":[],"meta":{},"tags":[]},{"ancestorTitles":["RetryHandler"],"fullName":"RetryHandler should retry on failure","status":"passed","title":"should retry on failure","duration":12.898144000000002,"failureMessages":[],"meta":{},"tags":[]},{"ancestorTitles":["RetryHandler"],"fullName":"RetryHandler should not retry on auth errors","status":"passed","title":"should not retry on auth errors","duration":2.9260950000000037,"failureMessages":[],"meta":{},"tags":[]},{"ancestorTitles":["RetryHandler"],"fullName":"RetryHandler should not retry on validation errors","status":"passed","title":"should not retry on validation errors","duration":0.6521770000000231,"failureMessages":[],"meta":{},"tags":[]},{"ancestorTitles":["CircuitBreaker"],"fullName":"CircuitBreaker should start in closed state","status":"passed","title":"should start in closed state","duration":0.5530459999999948,"failureMessages":[],"meta":{},"tags":[]},{"ancestorTitles":["CircuitBreaker"],"fullName":"CircuitBreaker should open after failure threshold","status":"passed","title":"should open after failure threshold","duration":1.0159209999999916,"failureMessages":[],"meta":{},"tags":[]},{"ancestorTitles":["CircuitBreaker"],"fullName":"CircuitBreaker should succeed after half-open","status":"passed","title":"should succeed after half-open","duration":1102.7184610000002,"failureMessages":[],"meta":{},"tags":[]}],"startTime":1774029844526,"endTime":1774029845651.7185,"status":"passed","message":"","name":"/home/vector/Documentos/RalphLoopInverso/tests/unit/kiwi-retry.test.ts"},{"assertionResults":[{"ancestorTitles":["ConfidenceCalculator","calculate"],"fullName":"ConfidenceCalculator calculate should return perfect score for no issues","status":"passed","title":"should return perfect score for no issues","duration":5.738297999999986,"failureMessages":[],"meta":{},"tags":[]},{"ancestorTitles":["ConfidenceCalculator","calculate"],"fullName":"ConfidenceCalculator calculate should handle single ghost import (critical issue)","status":"passed","title":"should handle single ghost import (critical issue)","duration":2.1657239999999547,"failureMessages":[],"meta":{},"tags":[]},{"ancestorTitles":["ConfidenceCalculator","calculate"],"fullName":"ConfidenceCalculator calculate should handle single mock API (warning)","status":"passed","title":"should handle single mock API (warning)","duration":0.6666149999999789,"failureMessages":[],"meta":{},"tags":[]},{"ancestorTitles":["ConfidenceCalculator","calculate"],"fullName":"ConfidenceCalculator calculate should handle single WebGL usage (warning)","status":"passed","title":"should handle single WebGL usage (warning)","duration":0.6034070000000042,"failureMessages":[],"meta":{},"tags":[]},{"ancestorTitles":["ConfidenceCalculator","calculate"],"fullName":"ConfidenceCalculator calculate should handle security risk (critical)","status":"passed","title":"should handle security risk (critical)","duration":0.8901480000000106,"failureMessages":[],"meta":{},"tags":[]},{"ancestorTitles":["ConfidenceCalculator","calculate"],"fullName":"ConfidenceCalculator calculate should calculate score decreasing with more issues","status":"passed","title":"should calculate score decreasing with more issues","duration":0.5057469999999853,"failureMessages":[],"meta":{},"tags":[]},{"ancestorTitles":["ConfidenceCalculator","calculate"],"fullName":"ConfidenceCalculator calculate should have higher penalty for errors than warnings","status":"passed","title":"should have higher penalty for errors than warnings","duration":0.7967809999999531,"failureMessages":[],"meta":{},"tags":[]},{"ancestorTitles":["ConfidenceCalculator","calculate"],"fullName":"ConfidenceCalculator calculate should correctly count issues by type","status":"passed","title":"should correctly count issues by type","duration":0.8941629999999918,"failureMessages":[],"meta":{},"tags":[]},{"ancestorTitles":["ConfidenceCalculator","calculate"],"fullName":"ConfidenceCalculator calculate should calculate correct confidence levels","status":"passed","title":"should calculate correct confidence levels","duration":1.128022000000044,"failureMessages":[],"meta":{},"tags":[]},{"ancestorTitles":["ConfidenceCalculator","getRecommendations"],"fullName":"ConfidenceCalculator getRecommendations should provide critical recommendations","status":"passed","title":"should provide critical recommendations","duration":1.0871500000000083,"failureMessages":[],"meta":{},"tags":[]},{"ancestorTitles":["ConfidenceCalculator","getRecommendations"],"fullName":"ConfidenceCalculator getRecommendations should provide low confidence recommendations","status":"passed","title":"should provide low confidence recommendations","duration":0.49669399999999087,"failureMessages":[],"meta":{},"tags":[]},{"ancestorTitles":["ConfidenceCalculator","getRecommendations"],"fullName":"ConfidenceCalculator getRecommendations should provide medium confidence recommendations","status":"passed","title":"should provide medium confidence recommendations","duration":0.4580710000000181,"failureMessages":[],"meta":{},"tags":[]},{"ancestorTitles":["ConfidenceCalculator","getRecommendations"],"fullName":"ConfidenceCalculator getRecommendations should provide high confidence recommendations","status":"passed","title":"should provide high confidence recommendations","duration":0.5038159999999721,"failureMessages":[],"meta":{},"tags":[]},{"ancestorTitles":["ConfidenceCalculator","getRecommendations"],"fullName":"ConfidenceCalculator getRecommendations should provide excellent confidence recommendations","status":"passed","title":"should provide excellent confidence recommendations","duration":0.43548400000003085,"failureMessages":[],"meta":{},"tags":[]},{"ancestorTitles":["ConfidenceCalculator","getDescription"],"fullName":"ConfidenceCalculator getDescription should return description for critical level","status":"passed","title":"should return description for critical level","duration":0.6315629999999715,"failureMessages":[],"meta":{},"tags":[]},{"ancestorTitles":["ConfidenceCalculator","getDescription"],"fullName":"ConfidenceCalculator getDescription should return description for low level","status":"passed","title":"should return description for low level","duration":0.4001220000000103,"failureMessages":[],"meta":{},"tags":[]},{"ancestorTitles":["ConfidenceCalculator","getDescription"],"fullName":"ConfidenceCalculator getDescription should return description for medium level","status":"passed","title":"should return description for medium level","duration":0.35440099999999575,"failureMessages":[],"meta":{},"tags":[]},{"ancestorTitles":["ConfidenceCalculator","getDescription"],"fullName":"ConfidenceCalculator getDescription should return description for high level","status":"passed","title":"should return description for high level","duration":0.3746470000000386,"failureMessages":[],"meta":{},"tags":[]},{"ancestorTitles":["ConfidenceCalculator","getDescription"],"fullName":"ConfidenceCalculator getDescription should return description for excellent level","status":"passed","title":"should return description for excellent level","duration":0.36837699999995266,"failureMessages":[],"meta":{},"tags":[]}],"startTime":1774029856699,"endTime":1774029856719.3684,"status":"passed","message":"","name":"/home/vector/Documentos/RalphLoopInverso/tests/utils/ConfidenceCalculator.test.ts"},{"assertionResults":[{"ancestorTitles":["ValidationEngine","validate()"],"fullName":"ValidationEngine validate() should return canDeploy=false for non-existent path","status":"passed","title":"should return canDeploy=false for non-existent path","duration":6.372703999999999,"failureMessages":[],"meta":{},"tags":[]},{"ancestorTitles":["ValidationEngine","validate()"],"fullName":"ValidationEngine validate() should pass basic validation for clean project","status":"passed","title":"should pass basic validation for clean project","duration":4690.149201,"failureMessages":[],"meta":{},"tags":[]},{"ancestorTitles":["ValidationEngine","validate()"],"fullName":"ValidationEngine validate() should calculate confidence from all check results","status":"passed","title":"should calculate confidence from all check results","duration":2288.313363,"failureMessages":[],"meta":{},"tags":[]},{"ancestorTitles":["ValidationEngine","validate()"],"fullName":"ValidationEngine validate() should report duration","status":"passed","title":"should report duration","duration":2361.523289999999,"failureMessages":[],"meta":{},"tags":[]},{"ancestorTitles":["ValidationEngine","canFix()"],"fullName":"ValidationEngine canFix() should return true for supported issue types","status":"passed","title":"should return true for supported issue types","duration":0.6159609999995155,"failureMessages":[],"meta":{},"tags":[]},{"ancestorTitles":["ValidationEngine","canFix()"],"fullName":"ValidationEngine canFix() should return false for unsupported issue types","status":"passed","title":"should return false for unsupported issue types","duration":0.24163700000099197,"failureMessages":[],"meta":{},"tags":[]},{"ancestorTitles":["BuildValidator"],"fullName":"BuildValidator should return errors for missing package.json","status":"passed","title":"should return errors for missing package.json","duration":1.5815869999987626,"failureMessages":[],"meta":{},"tags":[]},{"ancestorTitles":["BuildValidator"],"fullName":"BuildValidator should measure installTime and buildTime","status":"passed","title":"should measure installTime and buildTime","duration":1.2045190000008006,"failureMessages":[],"meta":{},"tags":[]},{"ancestorTitles":["DependencyValidator"],"fullName":"DependencyValidator should detect ghost packages matching patterns","status":"passed","title":"should detect ghost packages matching patterns","duration":2.782339999999749,"failureMessages":[],"meta":{},"tags":[]},{"ancestorTitles":["DependencyValidator"],"fullName":"DependencyValidator should return empty ghosts for clean project","status":"passed","title":"should return empty ghosts for clean project","duration":6.402227000000494,"failureMessages":[],"meta":{},"tags":[]},{"ancestorTitles":["AutoFixEngine"],"fullName":"AutoFixEngine should fix GHOST_IMPORT via MockReplacer","status":"passed","title":"should fix GHOST_IMPORT via MockReplacer","duration":8.849645000000237,"failureMessages":[],"meta":{},"tags":[]},{"ancestorTitles":["AutoFixEngine"],"fullName":"AutoFixEngine should report canFix for supported types","status":"passed","title":"should report canFix for supported types","duration":0.339350000000195,"failureMessages":[],"meta":{},"tags":[]},{"ancestorTitles":["AutoFixEngine"],"fullName":"AutoFixEngine should return failure for unknown issue types","status":"passed","title":"should return failure for unknown issue types","duration":0.2886839999991935,"failureMessages":[],"meta":{},"tags":[]},{"ancestorTitles":["MockReplacer"],"fullName":"MockReplacer should replace fake-api with axios","status":"passed","title":"should replace fake-api with axios","duration":2.3332200000004377,"failureMessages":[],"meta":{},"tags":[]},{"ancestorTitles":["MockReplacer"],"fullName":"MockReplacer should replace claude-sdk with @anthropic-ai/sdk","status":"passed","title":"should replace claude-sdk with @anthropic-ai/sdk","duration":1.9065330000012182,"failureMessages":[],"meta":{},"tags":[]},{"ancestorTitles":["MockReplacer"],"fullName":"MockReplacer should also update package.json","status":"passed","title":"should also update package.json","duration":4.556587999999465,"failureMessages":[],"meta":{},"tags":[]},{"ancestorTitles":["MockReplacer"],"fullName":"MockReplacer should not modify file when no match found","status":"passed","title":"should not modify file when no match found","duration":1.0077609999989363,"failureMessages":[],"meta":{},"tags":[]},{"ancestorTitles":["ConfigUpdater"],"fullName":"ConfigUpdater should add missing fields to tsconfig.json","status":"passed","title":"should add missing fields to tsconfig.json","duration":1.8859300000003714,"failureMessages":[],"meta":{},"tags":[]}],"startTime":1774029829907,"endTime":1774029839349.886,"status":"passed","message":"","name":"/home/vector/Documentos/RalphLoopInverso/tests/validate/ValidationEngine.test.ts"},{"assertionResults":[{"ancestorTitles":["E2EValidator"],"fullName":"E2EValidator validates a successful page load without errors","status":"passed","title":"validates a successful page load without errors","duration":11.39993499999997,"failureMessages":[],"meta":{},"tags":[]},{"ancestorTitles":["E2EValidator"],"fullName":"E2EValidator fails validation on HTTP error","status":"passed","title":"fails validation on HTTP error","duration":2.919308000000001,"failureMessages":[],"meta":{},"tags":[]},{"ancestorTitles":["E2EValidator"],"fullName":"E2EValidator fails validation if network times out","status":"passed","title":"fails validation if network times out","duration":3.5269989999999893,"failureMessages":[],"meta":{},"tags":[]},{"ancestorTitles":["E2EValidator"],"fullName":"E2EValidator collects JS errors and fails validation if present","status":"passed","title":"collects JS errors and fails validation if present","duration":1.7264439999999581,"failureMessages":[],"meta":{},"tags":[]},{"ancestorTitles":["E2EValidator"],"fullName":"E2EValidator collects console errors but does not necessarily fail on them alone","status":"passed","title":"collects console errors but does not necessarily fail on them alone","duration":1.6088359999999966,"failureMessages":[],"meta":{},"tags":[]}],"startTime":1774029851056,"endTime":1774029851077.609,"status":"passed","message":"","name":"/home/vector/Documentos/RalphLoopInverso/tests/validators/E2EValidator.test.ts"},{"assertionResults":[{"ancestorTitles":["RuntimeValidator"],"fullName":"RuntimeValidator validates a successful install and boot","status":"passed","title":"validates a successful install and boot","duration":520.0437929999999,"failureMessages":[],"meta":{},"tags":[]},{"ancestorTitles":["RuntimeValidator"],"fullName":"RuntimeValidator fails validation if npm install fails","status":"passed","title":"fails validation if npm install fails","duration":12.332909000000086,"failureMessages":[],"meta":{},"tags":[]},{"ancestorTitles":["RuntimeValidator"],"fullName":"RuntimeValidator fails validation if npm run dev exits prematurely","status":"passed","title":"fails validation if npm run dev exits prematurely","duration":12.444147999999927,"failureMessages":[],"meta":{},"tags":[]},{"ancestorTitles":["RuntimeValidator"],"fullName":"RuntimeValidator fails validation if dev server boot times out","status":"passed","title":"fails validation if dev server boot times out","duration":1012.723062,"failureMessages":[],"meta":{},"tags":[]}],"startTime":1774029844378,"endTime":1774029845935.7231,"status":"passed","message":"","name":"/home/vector/Documentos/RalphLoopInverso/tests/validators/RuntimeValidator.test.ts"},{"assertionResults":[{"ancestorTitles":["ValidationScorer"],"fullName":"ValidationScorer calculates perfect score for thorough validation","status":"passed","title":"calculates perfect score for thorough validation","duration":9.801953000000026,"failureMessages":[],"meta":{},"tags":[]},{"ancestorTitles":["ValidationScorer"],"fullName":"ValidationScorer calculates 0.8 score for standard validation with perfect dependencies and sets readyForProduction","status":"passed","title":"calculates 0.8 score for standard validation with perfect dependencies and sets readyForProduction","duration":1.8647770000000037,"failureMessages":[],"meta":{},"tags":[]},{"ancestorTitles":["ValidationScorer"],"fullName":"ValidationScorer calculates 0.4 score for basic validation and is not ready for production","status":"passed","title":"calculates 0.4 score for basic validation and is not ready for production","duration":0.6076889999999935,"failureMessages":[],"meta":{},"tags":[]},{"ancestorTitles":["ValidationScorer"],"fullName":"ValidationScorer penalizes score if npm install fails","status":"passed","title":"penalizes score if npm install fails","duration":0.7278370000000223,"failureMessages":[],"meta":{},"tags":[]},{"ancestorTitles":["ValidationScorer"],"fullName":"ValidationScorer penalizes score if dev server boot fails","status":"passed","title":"penalizes score if dev server boot fails","duration":1.1955370000000016,"failureMessages":[],"meta":{},"tags":[]},{"ancestorTitles":["ValidationScorer"],"fullName":"ValidationScorer recommends investigation of console errors from E2E validation","status":"passed","title":"recommends investigation of console errors from E2E validation","duration":1.040834000000018,"failureMessages":[],"meta":{},"tags":[]},{"ancestorTitles":["ValidationScorer"],"fullName":"ValidationScorer penalizes score for fatal E2E JS errors and marks unsafe","status":"passed","title":"penalizes score for fatal E2E JS errors and marks unsafe","duration":1.9219509999999786,"failureMessages":[],"meta":{},"tags":[]}],"startTime":1774029854935,"endTime":1774029854952.9219,"status":"passed","message":"","name":"/home/vector/Documentos/RalphLoopInverso/tests/validators/ValidationScorer.test.ts"}]}